[0.212s] DEBUG:colcon:Command line arguments: ['/usr/bin/colcon', 'build']
[0.213s] DEBUG:colcon:Parsed command line arguments: Namespace(ament_cmake_args=None, base_paths=['.'], build_base='build', catkin_cmake_args=None, catkin_skip_building_tests=False, cmake_args=None, cmake_clean_cache=False, cmake_clean_first=False, cmake_force_configure=False, cmake_target=None, cmake_target_skip_unavailable=False, continue_on_error=False, event_handlers=None, executor='parallel', ignore_user_meta=False, install_base='install', log_base=None, log_level=None, main=<bound method BuildVerb.main of <colcon_core.verb.build.BuildVerb object at 0x7ffffe2c0820>>, merge_install=False, metas=['./colcon.meta'], mixin=None, mixin_files=None, mixin_verb=('build',), packages_above=None, packages_above_and_dependencies=None, packages_above_depth=None, packages_end=None, packages_ignore=None, packages_ignore_regex=None, packages_select=None, packages_select_build_failed=False, packages_select_by_dep=None, packages_select_regex=None, packages_select_test_failures=False, packages_skip=None, packages_skip_build_finished=False, packages_skip_by_dep=None, packages_skip_regex=None, packages_skip_test_passed=False, packages_skip_up_to=None, packages_start=None, packages_up_to=None, packages_up_to_regex=None, parallel_workers=12, paths=None, symlink_install=False, test_result_base=None, verb_extension=<colcon_core.verb.build.BuildVerb object at 0x7ffffe2c0820>, verb_name='build', verb_parser=<colcon_mixin.mixin.mixin_argument.MixinArgumentDecorator object at 0x7ffffe2c0df0>)
[0.233s] Level 1:colcon.colcon_core.package_discovery:discover_packages(colcon_meta) check parameters
[0.234s] INFO:colcon.colcon_metadata.package_discovery.colcon_meta:Using configuration from '/root/.colcon/metadata/default/Gazebo.meta'
[0.234s] INFO:colcon.colcon_metadata.package_discovery.colcon_meta:Using configuration from '/root/.colcon/metadata/default/fastrtps.meta'
[0.235s] Level 1:colcon.colcon_core.package_discovery:discover_packages(recursive) check parameters
[0.235s] Level 1:colcon.colcon_core.package_discovery:discover_packages(ignore) check parameters
[0.235s] Level 1:colcon.colcon_core.package_discovery:discover_packages(path) check parameters
[0.235s] Level 1:colcon.colcon_core.package_discovery:discover_packages(colcon_meta) discover
[0.235s] Level 1:colcon.colcon_core.package_discovery:discover_packages(recursive) discover
[0.235s] INFO:colcon.colcon_core.package_discovery:Crawling recursively for packages in '/root/workspace'
[0.235s] Level 1:colcon.colcon_core.package_identification:_identify(.) by extensions ['ignore', 'ignore_ament_install']
[0.236s] Level 1:colcon.colcon_core.package_identification:_identify(.) by extension 'ignore'
[0.236s] Level 1:colcon.colcon_core.package_identification:_identify(.) by extension 'ignore_ament_install'
[0.236s] Level 1:colcon.colcon_core.package_identification:_identify(.) by extensions ['colcon_pkg']
[0.236s] Level 1:colcon.colcon_core.package_identification:_identify(.) by extension 'colcon_pkg'
[0.236s] Level 1:colcon.colcon_core.package_identification:_identify(.) by extensions ['colcon_meta']
[0.236s] Level 1:colcon.colcon_core.package_identification:_identify(.) by extension 'colcon_meta'
[0.236s] Level 1:colcon.colcon_core.package_identification:_identify(.) by extensions ['ros']
[0.236s] Level 1:colcon.colcon_core.package_identification:_identify(.) by extension 'ros'
[0.248s] Level 1:colcon.colcon_core.package_identification:_identify(.) by extensions ['cmake', 'python']
[0.248s] Level 1:colcon.colcon_core.package_identification:_identify(.) by extension 'cmake'
[0.248s] Level 1:colcon.colcon_core.package_identification:_identify(.) by extension 'python'
[0.249s] Level 1:colcon.colcon_core.package_identification:_identify(.) by extensions ['python_setup_py']
[0.249s] Level 1:colcon.colcon_core.package_identification:_identify(.) by extension 'python_setup_py'
[0.249s] Level 1:colcon.colcon_core.package_identification:_identify(build) by extensions ['ignore', 'ignore_ament_install']
[0.249s] Level 1:colcon.colcon_core.package_identification:_identify(build) by extension 'ignore'
[0.249s] Level 1:colcon.colcon_core.package_identification:_identify(build) ignored
[0.250s] Level 1:colcon.colcon_core.package_identification:_identify(install) by extensions ['ignore', 'ignore_ament_install']
[0.250s] Level 1:colcon.colcon_core.package_identification:_identify(install) by extension 'ignore'
[0.250s] Level 1:colcon.colcon_core.package_identification:_identify(install) ignored
[0.250s] Level 1:colcon.colcon_core.package_identification:_identify(log) by extensions ['ignore', 'ignore_ament_install']
[0.250s] Level 1:colcon.colcon_core.package_identification:_identify(log) by extension 'ignore'
[0.250s] Level 1:colcon.colcon_core.package_identification:_identify(log) ignored
[0.251s] Level 1:colcon.colcon_core.package_identification:_identify(src) by extensions ['ignore', 'ignore_ament_install']
[0.251s] Level 1:colcon.colcon_core.package_identification:_identify(src) by extension 'ignore'
[0.251s] Level 1:colcon.colcon_core.package_identification:_identify(src) by extension 'ignore_ament_install'
[0.251s] Level 1:colcon.colcon_core.package_identification:_identify(src) by extensions ['colcon_pkg']
[0.251s] Level 1:colcon.colcon_core.package_identification:_identify(src) by extension 'colcon_pkg'
[0.251s] Level 1:colcon.colcon_core.package_identification:_identify(src) by extensions ['colcon_meta']
[0.251s] Level 1:colcon.colcon_core.package_identification:_identify(src) by extension 'colcon_meta'
[0.251s] Level 1:colcon.colcon_core.package_identification:_identify(src) by extensions ['ros']
[0.251s] Level 1:colcon.colcon_core.package_identification:_identify(src) by extension 'ros'
[0.251s] Level 1:colcon.colcon_core.package_identification:_identify(src) by extensions ['cmake', 'python']
[0.251s] Level 1:colcon.colcon_core.package_identification:_identify(src) by extension 'cmake'
[0.251s] Level 1:colcon.colcon_core.package_identification:_identify(src) by extension 'python'
[0.251s] Level 1:colcon.colcon_core.package_identification:_identify(src) by extensions ['python_setup_py']
[0.252s] Level 1:colcon.colcon_core.package_identification:_identify(src) by extension 'python_setup_py'
[0.252s] Level 1:colcon.colcon_core.package_identification:_identify(src/build) by extensions ['ignore', 'ignore_ament_install']
[0.252s] Level 1:colcon.colcon_core.package_identification:_identify(src/build) by extension 'ignore'
[0.252s] Level 1:colcon.colcon_core.package_identification:_identify(src/build) ignored
[0.252s] Level 1:colcon.colcon_core.package_identification:_identify(src/emg_listener) by extensions ['ignore', 'ignore_ament_install']
[0.252s] Level 1:colcon.colcon_core.package_identification:_identify(src/emg_listener) by extension 'ignore'
[0.252s] Level 1:colcon.colcon_core.package_identification:_identify(src/emg_listener) by extension 'ignore_ament_install'
[0.252s] Level 1:colcon.colcon_core.package_identification:_identify(src/emg_listener) by extensions ['colcon_pkg']
[0.253s] Level 1:colcon.colcon_core.package_identification:_identify(src/emg_listener) by extension 'colcon_pkg'
[0.253s] Level 1:colcon.colcon_core.package_identification:_identify(src/emg_listener) by extensions ['colcon_meta']
[0.253s] Level 1:colcon.colcon_core.package_identification:_identify(src/emg_listener) by extension 'colcon_meta'
[0.253s] Level 1:colcon.colcon_core.package_identification:_identify(src/emg_listener) by extensions ['ros']
[0.253s] Level 1:colcon.colcon_core.package_identification:_identify(src/emg_listener) by extension 'ros'
[0.257s] DEBUG:colcon.colcon_core.package_identification:Package 'src/emg_listener' with type 'ros.ament_cmake' and name 'emg_listener'
[0.257s] Level 1:colcon.colcon_core.package_identification:_identify(src/emg_sensor) by extensions ['ignore', 'ignore_ament_install']
[0.257s] Level 1:colcon.colcon_core.package_identification:_identify(src/emg_sensor) by extension 'ignore'
[0.257s] Level 1:colcon.colcon_core.package_identification:_identify(src/emg_sensor) by extension 'ignore_ament_install'
[0.258s] Level 1:colcon.colcon_core.package_identification:_identify(src/emg_sensor) by extensions ['colcon_pkg']
[0.258s] Level 1:colcon.colcon_core.package_identification:_identify(src/emg_sensor) by extension 'colcon_pkg'
[0.258s] Level 1:colcon.colcon_core.package_identification:_identify(src/emg_sensor) by extensions ['colcon_meta']
[0.258s] Level 1:colcon.colcon_core.package_identification:_identify(src/emg_sensor) by extension 'colcon_meta'
[0.258s] Level 1:colcon.colcon_core.package_identification:_identify(src/emg_sensor) by extensions ['ros']
[0.258s] Level 1:colcon.colcon_core.package_identification:_identify(src/emg_sensor) by extension 'ros'
[0.259s] DEBUG:colcon.colcon_core.package_identification:Package 'src/emg_sensor' with type 'ros.ament_cmake' and name 'emg_sensor'
[0.259s] Level 1:colcon.colcon_core.package_identification:_identify(src/install) by extensions ['ignore', 'ignore_ament_install']
[0.259s] Level 1:colcon.colcon_core.package_identification:_identify(src/install) by extension 'ignore'
[0.259s] Level 1:colcon.colcon_core.package_identification:_identify(src/install) ignored
[0.259s] Level 1:colcon.colcon_core.package_identification:_identify(src/log) by extensions ['ignore', 'ignore_ament_install']
[0.260s] Level 1:colcon.colcon_core.package_identification:_identify(src/log) by extension 'ignore'
[0.260s] Level 1:colcon.colcon_core.package_identification:_identify(src/log) ignored
[0.260s] Level 1:colcon.colcon_core.package_discovery:discover_packages(recursive) using defaults
[0.260s] Level 1:colcon.colcon_core.package_discovery:discover_packages(ignore) discover
[0.260s] Level 1:colcon.colcon_core.package_discovery:discover_packages(ignore) using defaults
[0.260s] Level 1:colcon.colcon_core.package_discovery:discover_packages(path) discover
[0.260s] Level 1:colcon.colcon_core.package_discovery:discover_packages(path) using defaults
[0.274s] Level 5:colcon.colcon_core.verb:set package 'emg_listener' build argument 'cmake_args' from command line to 'None'
[0.274s] Level 5:colcon.colcon_core.verb:set package 'emg_listener' build argument 'cmake_target' from command line to 'None'
[0.274s] Level 5:colcon.colcon_core.verb:set package 'emg_listener' build argument 'cmake_target_skip_unavailable' from command line to 'False'
[0.274s] Level 5:colcon.colcon_core.verb:set package 'emg_listener' build argument 'cmake_clean_cache' from command line to 'False'
[0.274s] Level 5:colcon.colcon_core.verb:set package 'emg_listener' build argument 'cmake_clean_first' from command line to 'False'
[0.274s] Level 5:colcon.colcon_core.verb:set package 'emg_listener' build argument 'cmake_force_configure' from command line to 'False'
[0.274s] Level 5:colcon.colcon_core.verb:set package 'emg_listener' build argument 'ament_cmake_args' from command line to 'None'
[0.274s] Level 5:colcon.colcon_core.verb:set package 'emg_listener' build argument 'catkin_cmake_args' from command line to 'None'
[0.274s] Level 5:colcon.colcon_core.verb:set package 'emg_listener' build argument 'catkin_skip_building_tests' from command line to 'False'
[0.274s] DEBUG:colcon.colcon_core.verb:Building package 'emg_listener' with the following arguments: {'ament_cmake_args': None, 'build_base': '/root/workspace/build/emg_listener', 'catkin_cmake_args': None, 'catkin_skip_building_tests': False, 'cmake_args': None, 'cmake_clean_cache': False, 'cmake_clean_first': False, 'cmake_force_configure': False, 'cmake_target': None, 'cmake_target_skip_unavailable': False, 'install_base': '/root/workspace/install/emg_listener', 'merge_install': False, 'path': '/root/workspace/src/emg_listener', 'symlink_install': False, 'test_result_base': None}
[0.275s] Level 5:colcon.colcon_core.verb:set package 'emg_sensor' build argument 'cmake_args' from command line to 'None'
[0.275s] Level 5:colcon.colcon_core.verb:set package 'emg_sensor' build argument 'cmake_target' from command line to 'None'
[0.275s] Level 5:colcon.colcon_core.verb:set package 'emg_sensor' build argument 'cmake_target_skip_unavailable' from command line to 'False'
[0.275s] Level 5:colcon.colcon_core.verb:set package 'emg_sensor' build argument 'cmake_clean_cache' from command line to 'False'
[0.275s] Level 5:colcon.colcon_core.verb:set package 'emg_sensor' build argument 'cmake_clean_first' from command line to 'False'
[0.275s] Level 5:colcon.colcon_core.verb:set package 'emg_sensor' build argument 'cmake_force_configure' from command line to 'False'
[0.276s] Level 5:colcon.colcon_core.verb:set package 'emg_sensor' build argument 'ament_cmake_args' from command line to 'None'
[0.276s] Level 5:colcon.colcon_core.verb:set package 'emg_sensor' build argument 'catkin_cmake_args' from command line to 'None'
[0.276s] Level 5:colcon.colcon_core.verb:set package 'emg_sensor' build argument 'catkin_skip_building_tests' from command line to 'False'
[0.276s] DEBUG:colcon.colcon_core.verb:Building package 'emg_sensor' with the following arguments: {'ament_cmake_args': None, 'build_base': '/root/workspace/build/emg_sensor', 'catkin_cmake_args': None, 'catkin_skip_building_tests': False, 'cmake_args': None, 'cmake_clean_cache': False, 'cmake_clean_first': False, 'cmake_force_configure': False, 'cmake_target': None, 'cmake_target_skip_unavailable': False, 'install_base': '/root/workspace/install/emg_sensor', 'merge_install': False, 'path': '/root/workspace/src/emg_sensor', 'symlink_install': False, 'test_result_base': None}
[0.276s] INFO:colcon.colcon_core.executor:Executing jobs using 'parallel' executor
[0.281s] DEBUG:colcon.colcon_parallel_executor.executor.parallel:run_until_complete
[0.282s] INFO:colcon.colcon_ros.task.ament_cmake.build:Building ROS package in '/root/workspace/src/emg_listener' with build type 'ament_cmake'
[0.282s] INFO:colcon.colcon_cmake.task.cmake.build:Building CMake package in '/root/workspace/src/emg_listener'
[0.285s] INFO:colcon.colcon_core.plugin_system:Skipping extension 'colcon_core.shell.bat': Not used on non-Windows systems
[0.286s] INFO:colcon.colcon_core.shell:Skip shell extension 'powershell' for command environment: Not usable outside of PowerShell
[0.287s] DEBUG:colcon.colcon_core.shell:Skip shell extension 'dsv' for command environment
[0.297s] INFO:colcon.colcon_ros.task.ament_cmake.build:Building ROS package in '/root/workspace/src/emg_sensor' with build type 'ament_cmake'
[0.298s] INFO:colcon.colcon_cmake.task.cmake.build:Building CMake package in '/root/workspace/src/emg_sensor'
[0.299s] INFO:colcon.colcon_core.shell:Skip shell extension 'powershell' for command environment: Not usable outside of PowerShell
[0.299s] DEBUG:colcon.colcon_core.shell:Skip shell extension 'dsv' for command environment
[0.341s] DEBUG:colcon.colcon_core.event_handler.log_command:Invoking command in '/root/workspace/build/emg_listener': CMAKE_PREFIX_PATH=${CMAKE_PREFIX_PATH}:/opt/ros/foxy CONDA_PROMPT_MODIFIER=(myenv) /usr/bin/cmake --build /root/workspace/build/emg_listener -- -j12 -l12
[0.356s] DEBUG:colcon.colcon_core.event_handler.log_command:Invoking command in '/root/workspace/build/emg_sensor': CMAKE_PREFIX_PATH=${CMAKE_PREFIX_PATH}:/opt/ros/foxy CONDA_PROMPT_MODIFIER=(myenv) /usr/bin/cmake --build /root/workspace/build/emg_sensor -- -j12 -l12
[0.704s] DEBUG:colcon.colcon_core.event_handler.log_command:Invoked command in '/root/workspace/build/emg_listener' returned '0': CMAKE_PREFIX_PATH=${CMAKE_PREFIX_PATH}:/opt/ros/foxy CONDA_PROMPT_MODIFIER=(myenv) /usr/bin/cmake --build /root/workspace/build/emg_listener -- -j12 -l12
[1.017s] DEBUG:colcon.colcon_core.event_handler.log_command:Invoking command in '/root/workspace/build/emg_listener': CMAKE_PREFIX_PATH=${CMAKE_PREFIX_PATH}:/opt/ros/foxy CONDA_PROMPT_MODIFIER=(myenv) /usr/bin/cmake --install /root/workspace/build/emg_listener
[1.074s] Level 1:colcon.colcon_core.environment:create_environment_scripts_only(emg_listener)
[1.076s] DEBUG:colcon.colcon_core.event_handler.log_command:Invoked command in '/root/workspace/build/emg_listener' returned '0': CMAKE_PREFIX_PATH=${CMAKE_PREFIX_PATH}:/opt/ros/foxy CONDA_PROMPT_MODIFIER=(myenv) /usr/bin/cmake --install /root/workspace/build/emg_listener
[1.079s] Level 1:colcon.colcon_core.environment:checking '/root/workspace/install/emg_listener' for CMake module files
[1.081s] Level 1:colcon.colcon_core.environment:checking '/root/workspace/install/emg_listener' for CMake config files
[1.082s] Level 1:colcon.colcon_core.shell:create_environment_hook('emg_listener', 'cmake_prefix_path')
[1.083s] INFO:colcon.colcon_core.shell:Creating environment hook '/root/workspace/install/emg_listener/share/emg_listener/hook/cmake_prefix_path.ps1'
[1.084s] INFO:colcon.colcon_core.shell:Creating environment descriptor '/root/workspace/install/emg_listener/share/emg_listener/hook/cmake_prefix_path.dsv'
[1.085s] INFO:colcon.colcon_core.shell:Creating environment hook '/root/workspace/install/emg_listener/share/emg_listener/hook/cmake_prefix_path.sh'
[1.087s] Level 1:colcon.colcon_core.environment:checking '/root/workspace/install/emg_listener/lib'
[1.087s] Level 1:colcon.colcon_core.environment:checking '/root/workspace/install/emg_listener/bin'
[1.087s] Level 1:colcon.colcon_core.environment:checking '/root/workspace/install/emg_listener/lib/pkgconfig/emg_listener.pc'
[1.088s] Level 1:colcon.colcon_core.environment:checking '/root/workspace/install/emg_listener/lib/python3.8/site-packages'
[1.088s] Level 1:colcon.colcon_core.environment:checking '/root/workspace/install/emg_listener/bin'
[1.089s] INFO:colcon.colcon_core.shell:Creating package script '/root/workspace/install/emg_listener/share/emg_listener/package.ps1'
[1.090s] INFO:colcon.colcon_core.shell:Creating package descriptor '/root/workspace/install/emg_listener/share/emg_listener/package.dsv'
[1.091s] INFO:colcon.colcon_core.shell:Creating package script '/root/workspace/install/emg_listener/share/emg_listener/package.sh'
[1.091s] INFO:colcon.colcon_core.shell:Creating package script '/root/workspace/install/emg_listener/share/emg_listener/package.bash'
[1.092s] INFO:colcon.colcon_core.shell:Creating package script '/root/workspace/install/emg_listener/share/emg_listener/package.zsh'
[1.093s] Level 1:colcon.colcon_core.environment:create_file_with_runtime_dependencies(/root/workspace/install/emg_listener/share/colcon-core/packages/emg_listener)
[1.339s] Level 1:colcon.colcon_core.environment:create_environment_scripts_only(emg_listener)
[1.341s] Level 1:colcon.colcon_core.environment:checking '/root/workspace/install/emg_listener' for CMake module files
[1.343s] Level 1:colcon.colcon_core.environment:checking '/root/workspace/install/emg_listener' for CMake config files
[1.345s] Level 1:colcon.colcon_core.shell:create_environment_hook('emg_listener', 'cmake_prefix_path')
[1.346s] INFO:colcon.colcon_core.shell:Creating environment hook '/root/workspace/install/emg_listener/share/emg_listener/hook/cmake_prefix_path.ps1'
[1.347s] INFO:colcon.colcon_core.shell:Creating environment descriptor '/root/workspace/install/emg_listener/share/emg_listener/hook/cmake_prefix_path.dsv'
[1.347s] INFO:colcon.colcon_core.shell:Creating environment hook '/root/workspace/install/emg_listener/share/emg_listener/hook/cmake_prefix_path.sh'
[1.348s] Level 1:colcon.colcon_core.environment:checking '/root/workspace/install/emg_listener/lib'
[1.348s] Level 1:colcon.colcon_core.environment:checking '/root/workspace/install/emg_listener/bin'
[1.349s] Level 1:colcon.colcon_core.environment:checking '/root/workspace/install/emg_listener/lib/pkgconfig/emg_listener.pc'
[1.349s] Level 1:colcon.colcon_core.environment:checking '/root/workspace/install/emg_listener/lib/python3.8/site-packages'
[1.349s] Level 1:colcon.colcon_core.environment:checking '/root/workspace/install/emg_listener/bin'
[1.350s] INFO:colcon.colcon_core.shell:Creating package script '/root/workspace/install/emg_listener/share/emg_listener/package.ps1'
[1.350s] INFO:colcon.colcon_core.shell:Creating package descriptor '/root/workspace/install/emg_listener/share/emg_listener/package.dsv'
[1.351s] INFO:colcon.colcon_core.shell:Creating package script '/root/workspace/install/emg_listener/share/emg_listener/package.sh'
[1.351s] INFO:colcon.colcon_core.shell:Creating package script '/root/workspace/install/emg_listener/share/emg_listener/package.bash'
[1.352s] INFO:colcon.colcon_core.shell:Creating package script '/root/workspace/install/emg_listener/share/emg_listener/package.zsh'
[1.352s] Level 1:colcon.colcon_core.environment:create_file_with_runtime_dependencies(/root/workspace/install/emg_listener/share/colcon-core/packages/emg_listener)
[3.766s] DEBUG:colcon.colcon_core.event_handler.log_command:Invoked command in '/root/workspace/build/emg_sensor' returned '0': CMAKE_PREFIX_PATH=${CMAKE_PREFIX_PATH}:/opt/ros/foxy CONDA_PROMPT_MODIFIER=(myenv) /usr/bin/cmake --build /root/workspace/build/emg_sensor -- -j12 -l12
[4.006s] DEBUG:colcon.colcon_core.event_handler.log_command:Invoking command in '/root/workspace/build/emg_sensor': CMAKE_PREFIX_PATH=${CMAKE_PREFIX_PATH}:/opt/ros/foxy CONDA_PROMPT_MODIFIER=(myenv) /usr/bin/cmake --install /root/workspace/build/emg_sensor
[4.067s] Level 1:colcon.colcon_core.environment:create_environment_scripts_only(emg_sensor)
[4.070s] Level 1:colcon.colcon_core.environment:checking '/root/workspace/install/emg_sensor' for CMake module files
[4.071s] DEBUG:colcon.colcon_core.event_handler.log_command:Invoked command in '/root/workspace/build/emg_sensor' returned '0': CMAKE_PREFIX_PATH=${CMAKE_PREFIX_PATH}:/opt/ros/foxy CONDA_PROMPT_MODIFIER=(myenv) /usr/bin/cmake --install /root/workspace/build/emg_sensor
[4.073s] Level 1:colcon.colcon_core.environment:checking '/root/workspace/install/emg_sensor' for CMake config files
[4.073s] Level 1:colcon.colcon_core.shell:create_environment_hook('emg_sensor', 'cmake_prefix_path')
[4.075s] INFO:colcon.colcon_core.shell:Creating environment hook '/root/workspace/install/emg_sensor/share/emg_sensor/hook/cmake_prefix_path.ps1'
[4.076s] INFO:colcon.colcon_core.shell:Creating environment descriptor '/root/workspace/install/emg_sensor/share/emg_sensor/hook/cmake_prefix_path.dsv'
[4.076s] INFO:colcon.colcon_core.shell:Creating environment hook '/root/workspace/install/emg_sensor/share/emg_sensor/hook/cmake_prefix_path.sh'
[4.077s] Level 1:colcon.colcon_core.environment:checking '/root/workspace/install/emg_sensor/lib'
[4.077s] Level 1:colcon.colcon_core.environment:checking '/root/workspace/install/emg_sensor/bin'
[4.077s] Level 1:colcon.colcon_core.environment:checking '/root/workspace/install/emg_sensor/lib/pkgconfig/emg_sensor.pc'
[4.078s] Level 1:colcon.colcon_core.environment:checking '/root/workspace/install/emg_sensor/lib/python3.8/site-packages'
[4.078s] Level 1:colcon.colcon_core.environment:checking '/root/workspace/install/emg_sensor/bin'
[4.079s] INFO:colcon.colcon_core.shell:Creating package script '/root/workspace/install/emg_sensor/share/emg_sensor/package.ps1'
[4.079s] INFO:colcon.colcon_core.shell:Creating package descriptor '/root/workspace/install/emg_sensor/share/emg_sensor/package.dsv'
[4.080s] INFO:colcon.colcon_core.shell:Creating package script '/root/workspace/install/emg_sensor/share/emg_sensor/package.sh'
[4.080s] INFO:colcon.colcon_core.shell:Creating package script '/root/workspace/install/emg_sensor/share/emg_sensor/package.bash'
[4.080s] INFO:colcon.colcon_core.shell:Creating package script '/root/workspace/install/emg_sensor/share/emg_sensor/package.zsh'
[4.081s] Level 1:colcon.colcon_core.environment:create_file_with_runtime_dependencies(/root/workspace/install/emg_sensor/share/colcon-core/packages/emg_sensor)
[4.320s] Level 1:colcon.colcon_core.environment:create_environment_scripts_only(emg_sensor)
[4.321s] Level 1:colcon.colcon_core.environment:checking '/root/workspace/install/emg_sensor' for CMake module files
[4.323s] Level 1:colcon.colcon_core.environment:checking '/root/workspace/install/emg_sensor' for CMake config files
[4.324s] Level 1:colcon.colcon_core.shell:create_environment_hook('emg_sensor', 'cmake_prefix_path')
[4.325s] INFO:colcon.colcon_core.shell:Creating environment hook '/root/workspace/install/emg_sensor/share/emg_sensor/hook/cmake_prefix_path.ps1'
[4.326s] INFO:colcon.colcon_core.shell:Creating environment descriptor '/root/workspace/install/emg_sensor/share/emg_sensor/hook/cmake_prefix_path.dsv'
[4.327s] INFO:colcon.colcon_core.shell:Creating environment hook '/root/workspace/install/emg_sensor/share/emg_sensor/hook/cmake_prefix_path.sh'
[4.327s] Level 1:colcon.colcon_core.environment:checking '/root/workspace/install/emg_sensor/lib'
[4.328s] Level 1:colcon.colcon_core.environment:checking '/root/workspace/install/emg_sensor/bin'
[4.328s] Level 1:colcon.colcon_core.environment:checking '/root/workspace/install/emg_sensor/lib/pkgconfig/emg_sensor.pc'
[4.328s] Level 1:colcon.colcon_core.environment:checking '/root/workspace/install/emg_sensor/lib/python3.8/site-packages'
[4.328s] Level 1:colcon.colcon_core.environment:checking '/root/workspace/install/emg_sensor/bin'
[4.329s] INFO:colcon.colcon_core.shell:Creating package script '/root/workspace/install/emg_sensor/share/emg_sensor/package.ps1'
[4.330s] INFO:colcon.colcon_core.shell:Creating package descriptor '/root/workspace/install/emg_sensor/share/emg_sensor/package.dsv'
[4.330s] INFO:colcon.colcon_core.shell:Creating package script '/root/workspace/install/emg_sensor/share/emg_sensor/package.sh'
[4.330s] INFO:colcon.colcon_core.shell:Creating package script '/root/workspace/install/emg_sensor/share/emg_sensor/package.bash'
[4.331s] INFO:colcon.colcon_core.shell:Creating package script '/root/workspace/install/emg_sensor/share/emg_sensor/package.zsh'
[4.331s] Level 1:colcon.colcon_core.environment:create_file_with_runtime_dependencies(/root/workspace/install/emg_sensor/share/colcon-core/packages/emg_sensor)
[4.332s] DEBUG:colcon.colcon_parallel_executor.executor.parallel:closing loop
[4.332s] DEBUG:colcon.colcon_parallel_executor.executor.parallel:loop closed
[4.332s] DEBUG:colcon.colcon_parallel_executor.executor.parallel:run_until_complete finished with '0'
[4.332s] DEBUG:colcon.colcon_core.event_reactor:joining thread
[4.340s] INFO:colcon.colcon_core.plugin_system:Skipping extension 'colcon_notification.desktop_notification.notify_send': Could not find 'notify-send'
[4.340s] INFO:colcon.colcon_core.plugin_system:Skipping extension 'colcon_notification.desktop_notification.terminal_notifier': Not used on non-Darwin systems
[4.341s] INFO:colcon.colcon_core.plugin_system:Skipping extension 'colcon_notification.desktop_notification.win32': Not used on non-Windows systems
[4.341s] INFO:colcon.colcon_notification.desktop_notification:Sending desktop notification using 'notify2'
[4.342s] DEBUG:colcon.colcon_notification.desktop_notification.notify2:Failed to initialize notify2: org.freedesktop.DBus.Error.NotSupported: Unable to autolaunch a dbus-daemon without a $DISPLAY for X11
[4.342s] DEBUG:colcon.colcon_core.event_reactor:joined thread
[4.343s] INFO:colcon.colcon_core.shell:Creating prefix script '/root/workspace/install/local_setup.ps1'
[4.345s] INFO:colcon.colcon_core.shell:Creating prefix util module '/root/workspace/install/_local_setup_util_ps1.py'
[4.347s] INFO:colcon.colcon_core.shell:Creating prefix chain script '/root/workspace/install/setup.ps1'
[4.349s] INFO:colcon.colcon_core.shell:Creating prefix script '/root/workspace/install/local_setup.sh'
[4.349s] INFO:colcon.colcon_core.shell:Creating prefix util module '/root/workspace/install/_local_setup_util_sh.py'
[4.350s] INFO:colcon.colcon_core.shell:Creating prefix chain script '/root/workspace/install/setup.sh'
[4.352s] INFO:colcon.colcon_core.shell:Creating prefix script '/root/workspace/install/local_setup.bash'
[4.352s] INFO:colcon.colcon_core.shell:Creating prefix chain script '/root/workspace/install/setup.bash'
[4.353s] INFO:colcon.colcon_core.shell:Creating prefix script '/root/workspace/install/local_setup.zsh'
[4.354s] INFO:colcon.colcon_core.shell:Creating prefix chain script '/root/workspace/install/setup.zsh'
