[0.334s] Invoking command in '/root/workspace/build/emg_listener': CMAKE_PREFIX_PATH=${CMAKE_PREFIX_PATH}:/root/workspace/install/emg_launch:/opt/ros/foxy CONDA_PROMPT_MODIFIER=(myenv) /usr/bin/cmake --build /root/workspace/build/emg_listener -- -j12 -l12
[0.698s] [100%] Built target listener
[0.734s] Invoked command in '/root/workspace/build/emg_listener' returned '0': CMAKE_PREFIX_PATH=${CMAKE_PREFIX_PATH}:/root/workspace/install/emg_launch:/opt/ros/foxy CONDA_PROMPT_MODIFIER=(myenv) /usr/bin/cmake --build /root/workspace/build/emg_listener -- -j12 -l12
[1.030s] Invoking command in '/root/workspace/build/emg_listener': CMAKE_PREFIX_PATH=${CMAKE_PREFIX_PATH}:/root/workspace/install/emg_launch:/opt/ros/foxy CONDA_PROMPT_MODIFIER=(myenv) /usr/bin/cmake --install /root/workspace/build/emg_listener
[1.081s] -- Install configuration: ""
[1.083s] -- Up-to-date: /root/workspace/install/emg_listener/lib/emg_listener/listener
[1.085s] -- Up-to-date: /root/workspace/install/emg_listener/share/ament_index/resource_index/package_run_dependencies/emg_listener
[1.085s] -- Up-to-date: /root/workspace/install/emg_listener/share/ament_index/resource_index/parent_prefix_path/emg_listener
[1.086s] -- Up-to-date: /root/workspace/install/emg_listener/share/emg_listener/environment/ament_prefix_path.sh
[1.086s] -- Up-to-date: /root/workspace/install/emg_listener/share/emg_listener/environment/ament_prefix_path.dsv
[1.086s] -- Up-to-date: /root/workspace/install/emg_listener/share/emg_listener/environment/path.sh
[1.087s] -- Up-to-date: /root/workspace/install/emg_listener/share/emg_listener/environment/path.dsv
[1.088s] -- Up-to-date: /root/workspace/install/emg_listener/share/emg_listener/local_setup.bash
[1.089s] -- Up-to-date: /root/workspace/install/emg_listener/share/emg_listener/local_setup.sh
[1.090s] -- Up-to-date: /root/workspace/install/emg_listener/share/emg_listener/local_setup.zsh
[1.091s] -- Up-to-date: /root/workspace/install/emg_listener/share/emg_listener/local_setup.dsv
[1.091s] -- Installing: /root/workspace/install/emg_listener/share/emg_listener/package.dsv
[1.094s] -- Up-to-date: /root/workspace/install/emg_listener/share/ament_index/resource_index/packages/emg_listener
[1.097s] -- Up-to-date: /root/workspace/install/emg_listener/share/emg_listener/cmake/emg_listenerConfig.cmake
[1.105s] -- Up-to-date: /root/workspace/install/emg_listener/share/emg_listener/cmake/emg_listenerConfig-version.cmake
[1.110s] -- Up-to-date: /root/workspace/install/emg_listener/share/emg_listener/package.xml
[1.111s] Invoked command in '/root/workspace/build/emg_listener' returned '0': CMAKE_PREFIX_PATH=${CMAKE_PREFIX_PATH}:/root/workspace/install/emg_launch:/opt/ros/foxy CONDA_PROMPT_MODIFIER=(myenv) /usr/bin/cmake --install /root/workspace/build/emg_listener
