[0.044s] Invoking command in '/root/workspace/src/build/emg_sensor': CONDA_PROMPT_MODIFIER=(myenv) /usr/bin/cmake /root/workspace/src/emg_sensor -DCMAKE_INSTALL_PREFIX=/root/workspace/src/install/emg_sensor
[0.453s] -- The C compiler identification is GNU 9.4.0
[0.747s] -- The CXX compiler identification is GNU 9.4.0
[0.755s] -- Check for working C compiler: /usr/bin/cc
[1.218s] -- Check for working C compiler: /usr/bin/cc -- works
[1.219s] -- Detecting C compiler ABI info
[1.633s] -- Detecting C compiler ABI info - done
[1.651s] -- Detecting C compile features
[1.652s] -- Detecting C compile features - done
[1.655s] -- Check for working CXX compiler: /usr/bin/c++
[2.070s] -- Check for working CXX compiler: /usr/bin/c++ -- works
[2.071s] -- Detecting CXX compiler ABI info
[2.501s] -- Detecting CXX compiler ABI info - done
[2.518s] -- Detecting CXX compile features
[2.519s] -- Detecting CXX compile features - done
[2.531s] -- Found ament_cmake: 0.9.12 (/opt/ros/foxy/share/ament_cmake/cmake)
[2.620s] -- Found PythonInterp: /opt/conda/envs/myenv/bin/python3 (found suitable version "3.12.5", minimum required is "3") 
[2.620s] -- Using PYTHON_EXECUTABLE: /opt/conda/envs/myenv/bin/python3
[2.884s] -- Found rclcpp: 2.4.3 (/opt/ros/foxy/share/rclcpp/cmake)
[2.937s] -- Using all available rosidl_typesupport_c: rosidl_typesupport_fastrtps_c;rosidl_typesupport_introspection_c
[2.938s] -- Found rosidl_adapter: 1.3.1 (/opt/ros/foxy/share/rosidl_adapter/cmake)
[3.306s] -- Found OpenSSL: /usr/lib/x86_64-linux-gnu/libcrypto.so (found version "1.1.1f")  
[3.337s] -- Found FastRTPS: /opt/ros/foxy/include  
[3.416s] -- Using all available rosidl_typesupport_cpp: rosidl_typesupport_fastrtps_cpp;rosidl_typesupport_introspection_cpp
[3.463s] -- Found rmw_implementation_cmake: 1.0.4 (/opt/ros/foxy/share/rmw_implementation_cmake/cmake)
[3.465s] -- Using RMW implementation 'rmw_fastrtps_cpp' as default
[3.468s] -- Looking for pthread.h
[3.894s] -- Looking for pthread.h - found
[3.895s] -- Performing Test CMAKE_HAVE_LIBC_PTHREAD
[4.353s] -- Performing Test CMAKE_HAVE_LIBC_PTHREAD - Failed
[4.354s] -- Looking for pthread_create in pthreads
[4.757s] -- Looking for pthread_create in pthreads - not found
[4.757s] -- Looking for pthread_create in pthread
[5.176s] -- Looking for pthread_create in pthread - found
[5.177s] -- Found Threads: TRUE  
[5.469s] Error parsing '/root/workspace/src/emg_sensor/package.xml':
[5.469s] Traceback (most recent call last):
[5.469s]   File "/opt/ros/foxy/share/ament_cmake_core/cmake/core/package_xml_2_cmake.py", line 143, in <module>
[5.469s]     main()
[5.470s]   File "/opt/ros/foxy/share/ament_cmake_core/cmake/core/package_xml_2_cmake.py", line 52, in main
[5.470s]     raise e
[5.470s]   File "/opt/ros/foxy/share/ament_cmake_core/cmake/core/package_xml_2_cmake.py", line 48, in main
[5.470s]     package = parse_package_string(
[5.470s]               ^^^^^^^^^^^^^^^^^^^^^
[5.470s]   File "/opt/conda/envs/myenv/lib/python3.12/site-packages/catkin_pkg/package.py", line 786, in parse_package_string
[5.470s]     raise InvalidPackage('Error(s):%s' % (''.join(['\n- %s' % e for e in errors])), filename)
[5.471s] catkin_pkg.package.InvalidPackage: Error(s) in package '/root/workspace/src/emg_sensor/package.xml':
[5.471s] Error(s):
[5.471s] - The generic dependency on 'rclcpp' is redundant with: exec_depend
[5.477s] CMake Error at /opt/ros/foxy/share/ament_cmake_core/cmake/core/ament_package_xml.cmake:94 (message):
[5.477s]   execute_process(/opt/conda/envs/myenv/bin/python3
[5.478s]   /opt/ros/foxy/share/ament_cmake_core/cmake/core/package_xml_2_cmake.py
[5.478s]   /root/workspace/src/emg_sensor/package.xml
[5.478s]   /root/workspace/src/build/emg_sensor/ament_cmake_core/package.cmake)
[5.478s]   returned error code 1
[5.478s] Call Stack (most recent call first):
[5.479s]   /opt/ros/foxy/share/ament_cmake_core/cmake/core/ament_package_xml.cmake:49 (_ament_package_xml)
[5.479s]   /opt/ros/foxy/share/ament_cmake_core/cmake/core/ament_package.cmake:63 (ament_package_xml)
[5.479s]   CMakeLists.txt:20 (ament_package)
[5.479s] 
[5.480s] 
[5.480s] -- Configuring incomplete, errors occurred!
[5.481s] See also "/root/workspace/src/build/emg_sensor/CMakeFiles/CMakeOutput.log".
[5.481s] See also "/root/workspace/src/build/emg_sensor/CMakeFiles/CMakeError.log".
[5.490s] Invoked command in '/root/workspace/src/build/emg_sensor' returned '1': CONDA_PROMPT_MODIFIER=(myenv) /usr/bin/cmake /root/workspace/src/emg_sensor -DCMAKE_INSTALL_PREFIX=/root/workspace/src/install/emg_sensor
