[0.043s] Invoking command in '/root/workspace/src/build/emg_listener': CMAKE_PREFIX_PATH=/opt/ros/foxy CONDA_PROMPT_MODIFIER=(myenv) /usr/bin/cmake /root/workspace/src/emg_listener -DCMAKE_INSTALL_PREFIX=/root/workspace/src/install/emg_listener
[0.114s] -- Found ament_cmake: 0.9.12 (/opt/ros/foxy/share/ament_cmake/cmake)
[0.205s] -- Using PYTHON_EXECUTABLE: /opt/conda/envs/myenv/bin/python3
[0.458s] -- Found rclcpp: 2.4.3 (/opt/ros/foxy/share/rclcpp/cmake)
[0.488s] -- Using all available rosidl_typesupport_c: rosidl_typesupport_fastrtps_c;rosidl_typesupport_introspection_c
[0.489s] -- Found rosidl_adapter: 1.3.1 (/opt/ros/foxy/share/rosidl_adapter/cmake)
[0.630s] -- Using all available rosidl_typesupport_cpp: rosidl_typesupport_fastrtps_cpp;rosidl_typesupport_introspection_cpp
[0.672s] -- Found rmw_implementation_cmake: 1.0.4 (/opt/ros/foxy/share/rmw_implementation_cmake/cmake)
[0.673s] -- Using RMW implementation 'rmw_fastrtps_cpp' as default
[0.980s] -- Configuring done
[1.040s] -- Generating done
[1.048s] -- Build files have been written to: /root/workspace/src/build/emg_listener
[1.057s] Invoked command in '/root/workspace/src/build/emg_listener' returned '0': CMAKE_PREFIX_PATH=/opt/ros/foxy CONDA_PROMPT_MODIFIER=(myenv) /usr/bin/cmake /root/workspace/src/emg_listener -DCMAKE_INSTALL_PREFIX=/root/workspace/src/install/emg_listener
[1.060s] Invoking command in '/root/workspace/src/build/emg_listener': CMAKE_PREFIX_PATH=/opt/ros/foxy CONDA_PROMPT_MODIFIER=(myenv) /usr/bin/cmake --build /root/workspace/src/build/emg_listener -- -j12 -l12
[1.281s] [35m[1mScanning dependencies of target emg_listener_node[0m
[1.514s] [ 50%] [32mBuilding CXX object CMakeFiles/emg_listener_node.dir/src/listener.cpp.o[0m
[5.122s] [100%] [32m[1mLinking CXX executable emg_listener_node[0m
[5.660s] [100%] Built target emg_listener_node
[5.693s] Invoked command in '/root/workspace/src/build/emg_listener' returned '0': CMAKE_PREFIX_PATH=/opt/ros/foxy CONDA_PROMPT_MODIFIER=(myenv) /usr/bin/cmake --build /root/workspace/src/build/emg_listener -- -j12 -l12
[5.965s] Invoking command in '/root/workspace/src/build/emg_listener': CMAKE_PREFIX_PATH=/opt/ros/foxy CONDA_PROMPT_MODIFIER=(myenv) /usr/bin/cmake --install /root/workspace/src/build/emg_listener
[6.004s] -- Install configuration: ""
[6.006s] -- Installing: /root/workspace/src/install/emg_listener/lib/emg_listener/emg_listener_node
[6.024s] -- Set runtime path of "/root/workspace/src/install/emg_listener/lib/emg_listener/emg_listener_node" to ""
[6.025s] -- Installing: /root/workspace/src/install/emg_listener/share/ament_index/resource_index/package_run_dependencies/emg_listener
[6.026s] -- Installing: /root/workspace/src/install/emg_listener/share/ament_index/resource_index/parent_prefix_path/emg_listener
[6.028s] -- Installing: /root/workspace/src/install/emg_listener/share/emg_listener/environment/ament_prefix_path.sh
[6.029s] -- Installing: /root/workspace/src/install/emg_listener/share/emg_listener/environment/ament_prefix_path.dsv
[6.030s] -- Installing: /root/workspace/src/install/emg_listener/share/emg_listener/environment/path.sh
[6.031s] -- Installing: /root/workspace/src/install/emg_listener/share/emg_listener/environment/path.dsv
[6.032s] -- Installing: /root/workspace/src/install/emg_listener/share/emg_listener/local_setup.bash
[6.033s] -- Installing: /root/workspace/src/install/emg_listener/share/emg_listener/local_setup.sh
[6.035s] -- Installing: /root/workspace/src/install/emg_listener/share/emg_listener/local_setup.zsh
[6.036s] -- Installing: /root/workspace/src/install/emg_listener/share/emg_listener/local_setup.dsv
[6.037s] -- Installing: /root/workspace/src/install/emg_listener/share/emg_listener/package.dsv
[6.039s] -- Installing: /root/workspace/src/install/emg_listener/share/ament_index/resource_index/packages/emg_listener
[6.040s] -- Installing: /root/workspace/src/install/emg_listener/share/emg_listener/cmake/emg_listenerConfig.cmake
[6.041s] -- Installing: /root/workspace/src/install/emg_listener/share/emg_listener/cmake/emg_listenerConfig-version.cmake
[6.042s] -- Installing: /root/workspace/src/install/emg_listener/share/emg_listener/package.xml
[6.048s] Invoked command in '/root/workspace/src/build/emg_listener' returned '0': CMAKE_PREFIX_PATH=/opt/ros/foxy CONDA_PROMPT_MODIFIER=(myenv) /usr/bin/cmake --install /root/workspace/src/build/emg_listener
