[0.285s] Invoking command in '/root/workspace/build/emg_sensor': CMAKE_PREFIX_PATH=${CMAKE_PREFIX_PATH}:/root/workspace/install/emg_launch:/opt/ros/foxy CONDA_PROMPT_MODIFIER=(myenv) /usr/bin/cmake --build /root/workspace/build/emg_sensor -- -j12 -l12
[0.630s] [100%] Built target sensor
[0.670s] Invoked command in '/root/workspace/build/emg_sensor' returned '0': CMAKE_PREFIX_PATH=${CMAKE_PREFIX_PATH}:/root/workspace/install/emg_launch:/opt/ros/foxy CONDA_PROMPT_MODIFIER=(myenv) /usr/bin/cmake --build /root/workspace/build/emg_sensor -- -j12 -l12
[0.963s] Invoking command in '/root/workspace/build/emg_sensor': CMAKE_PREFIX_PATH=${CMAKE_PREFIX_PATH}:/root/workspace/install/emg_launch:/opt/ros/foxy CONDA_PROMPT_MODIFIER=(myenv) /usr/bin/cmake --install /root/workspace/build/emg_sensor
[1.003s] -- Install configuration: ""
[1.007s] -- Up-to-date: /root/workspace/install/emg_sensor/lib/emg_sensor/sensor
[1.014s] -- Up-to-date: /root/workspace/install/emg_sensor/share/ament_index/resource_index/package_run_dependencies/emg_sensor
[1.014s] -- Up-to-date: /root/workspace/install/emg_sensor/share/ament_index/resource_index/parent_prefix_path/emg_sensor
[1.016s] -- Up-to-date: /root/workspace/install/emg_sensor/share/emg_sensor/environment/ament_prefix_path.sh
[1.017s] -- Up-to-date: /root/workspace/install/emg_sensor/share/emg_sensor/environment/ament_prefix_path.dsv
[1.017s] -- Up-to-date: /root/workspace/install/emg_sensor/share/emg_sensor/environment/path.sh
[1.018s] -- Up-to-date: /root/workspace/install/emg_sensor/share/emg_sensor/environment/path.dsv
[1.018s] -- Up-to-date: /root/workspace/install/emg_sensor/share/emg_sensor/local_setup.bash
[1.018s] -- Up-to-date: /root/workspace/install/emg_sensor/share/emg_sensor/local_setup.sh
[1.019s] -- Up-to-date: /root/workspace/install/emg_sensor/share/emg_sensor/local_setup.zsh
[1.019s] -- Up-to-date: /root/workspace/install/emg_sensor/share/emg_sensor/local_setup.dsv
[1.020s] -- Installing: /root/workspace/install/emg_sensor/share/emg_sensor/package.dsv
[1.028s] -- Up-to-date: /root/workspace/install/emg_sensor/share/ament_index/resource_index/packages/emg_sensor
[1.029s] -- Up-to-date: /root/workspace/install/emg_sensor/share/emg_sensor/cmake/emg_sensorConfig.cmake
[1.029s] -- Up-to-date: /root/workspace/install/emg_sensor/share/emg_sensor/cmake/emg_sensorConfig-version.cmake
[1.031s] -- Up-to-date: /root/workspace/install/emg_sensor/share/emg_sensor/package.xml
[1.048s] Invoked command in '/root/workspace/build/emg_sensor' returned '0': CMAKE_PREFIX_PATH=${CMAKE_PREFIX_PATH}:/root/workspace/install/emg_launch:/opt/ros/foxy CONDA_PROMPT_MODIFIER=(myenv) /usr/bin/cmake --install /root/workspace/build/emg_sensor
