[0.243s] DEBUG:colcon:Command line arguments: ['/usr/bin/colcon', 'build']
[0.244s] DEBUG:colcon:Parsed command line arguments: Namespace(ament_cmake_args=None, base_paths=['.'], build_base='build', catkin_cmake_args=None, catkin_skip_building_tests=False, cmake_args=None, cmake_clean_cache=False, cmake_clean_first=False, cmake_force_configure=False, cmake_target=None, cmake_target_skip_unavailable=False, continue_on_error=False, event_handlers=None, executor='parallel', ignore_user_meta=False, install_base='install', log_base=None, log_level=None, main=<bound method BuildVerb.main of <colcon_core.verb.build.BuildVerb object at 0x7ffffe2c3400>>, merge_install=False, metas=['./colcon.meta'], mixin=None, mixin_files=None, mixin_verb=('build',), packages_above=None, packages_above_and_dependencies=None, packages_above_depth=None, packages_end=None, packages_ignore=None, packages_ignore_regex=None, packages_select=None, packages_select_build_failed=False, packages_select_by_dep=None, packages_select_regex=None, packages_select_test_failures=False, packages_skip=None, packages_skip_build_finished=False, packages_skip_by_dep=None, packages_skip_regex=None, packages_skip_test_passed=False, packages_skip_up_to=None, packages_start=None, packages_up_to=None, packages_up_to_regex=None, parallel_workers=12, paths=None, symlink_install=False, test_result_base=None, verb_extension=<colcon_core.verb.build.BuildVerb object at 0x7ffffe2c3400>, verb_name='build', verb_parser=<colcon_mixin.mixin.mixin_argument.MixinArgumentDecorator object at 0x7ffffe2c3a60>)
[0.273s] Level 1:colcon.colcon_core.package_discovery:discover_packages(colcon_meta) check parameters
[0.273s] INFO:colcon.colcon_metadata.package_discovery.colcon_meta:Using configuration from '/root/.colcon/metadata/default/Gazebo.meta'
[0.274s] INFO:colcon.colcon_metadata.package_discovery.colcon_meta:Using configuration from '/root/.colcon/metadata/default/fastrtps.meta'
[0.274s] Level 1:colcon.colcon_core.package_discovery:discover_packages(recursive) check parameters
[0.274s] Level 1:colcon.colcon_core.package_discovery:discover_packages(ignore) check parameters
[0.274s] Level 1:colcon.colcon_core.package_discovery:discover_packages(path) check parameters
[0.274s] Level 1:colcon.colcon_core.package_discovery:discover_packages(colcon_meta) discover
[0.274s] Level 1:colcon.colcon_core.package_discovery:discover_packages(recursive) discover
[0.275s] INFO:colcon.colcon_core.package_discovery:Crawling recursively for packages in '/root/workspace'
[0.275s] Level 1:colcon.colcon_core.package_identification:_identify(.) by extensions ['ignore', 'ignore_ament_install']
[0.275s] Level 1:colcon.colcon_core.package_identification:_identify(.) by extension 'ignore'
[0.275s] Level 1:colcon.colcon_core.package_identification:_identify(.) by extension 'ignore_ament_install'
[0.276s] Level 1:colcon.colcon_core.package_identification:_identify(.) by extensions ['colcon_pkg']
[0.276s] Level 1:colcon.colcon_core.package_identification:_identify(.) by extension 'colcon_pkg'
[0.276s] Level 1:colcon.colcon_core.package_identification:_identify(.) by extensions ['colcon_meta']
[0.276s] Level 1:colcon.colcon_core.package_identification:_identify(.) by extension 'colcon_meta'
[0.276s] Level 1:colcon.colcon_core.package_identification:_identify(.) by extensions ['ros']
[0.276s] Level 1:colcon.colcon_core.package_identification:_identify(.) by extension 'ros'
[0.294s] Level 1:colcon.colcon_core.package_identification:_identify(.) by extensions ['cmake', 'python']
[0.294s] Level 1:colcon.colcon_core.package_identification:_identify(.) by extension 'cmake'
[0.294s] Level 1:colcon.colcon_core.package_identification:_identify(.) by extension 'python'
[0.294s] Level 1:colcon.colcon_core.package_identification:_identify(.) by extensions ['python_setup_py']
[0.294s] Level 1:colcon.colcon_core.package_identification:_identify(.) by extension 'python_setup_py'
[0.294s] Level 1:colcon.colcon_core.package_identification:_identify(build) by extensions ['ignore', 'ignore_ament_install']
[0.295s] Level 1:colcon.colcon_core.package_identification:_identify(build) by extension 'ignore'
[0.295s] Level 1:colcon.colcon_core.package_identification:_identify(build) ignored
[0.295s] Level 1:colcon.colcon_core.package_identification:_identify(install) by extensions ['ignore', 'ignore_ament_install']
[0.295s] Level 1:colcon.colcon_core.package_identification:_identify(install) by extension 'ignore'
[0.295s] Level 1:colcon.colcon_core.package_identification:_identify(install) ignored
[0.296s] Level 1:colcon.colcon_core.package_identification:_identify(log) by extensions ['ignore', 'ignore_ament_install']
[0.296s] Level 1:colcon.colcon_core.package_identification:_identify(log) by extension 'ignore'
[0.296s] Level 1:colcon.colcon_core.package_identification:_identify(log) ignored
[0.299s] Level 1:colcon.colcon_core.package_identification:_identify(src) by extensions ['ignore', 'ignore_ament_install']
[0.299s] Level 1:colcon.colcon_core.package_identification:_identify(src) by extension 'ignore'
[0.300s] Level 1:colcon.colcon_core.package_identification:_identify(src) by extension 'ignore_ament_install'
[0.300s] Level 1:colcon.colcon_core.package_identification:_identify(src) by extensions ['colcon_pkg']
[0.300s] Level 1:colcon.colcon_core.package_identification:_identify(src) by extension 'colcon_pkg'
[0.300s] Level 1:colcon.colcon_core.package_identification:_identify(src) by extensions ['colcon_meta']
[0.300s] Level 1:colcon.colcon_core.package_identification:_identify(src) by extension 'colcon_meta'
[0.300s] Level 1:colcon.colcon_core.package_identification:_identify(src) by extensions ['ros']
[0.300s] Level 1:colcon.colcon_core.package_identification:_identify(src) by extension 'ros'
[0.300s] Level 1:colcon.colcon_core.package_identification:_identify(src) by extensions ['cmake', 'python']
[0.300s] Level 1:colcon.colcon_core.package_identification:_identify(src) by extension 'cmake'
[0.301s] Level 1:colcon.colcon_core.package_identification:_identify(src) by extension 'python'
[0.301s] Level 1:colcon.colcon_core.package_identification:_identify(src) by extensions ['python_setup_py']
[0.301s] Level 1:colcon.colcon_core.package_identification:_identify(src) by extension 'python_setup_py'
[0.301s] Level 1:colcon.colcon_core.package_identification:_identify(src/build) by extensions ['ignore', 'ignore_ament_install']
[0.301s] Level 1:colcon.colcon_core.package_identification:_identify(src/build) by extension 'ignore'
[0.301s] Level 1:colcon.colcon_core.package_identification:_identify(src/build) ignored
[0.302s] Level 1:colcon.colcon_core.package_identification:_identify(src/emg_launch) by extensions ['ignore', 'ignore_ament_install']
[0.302s] Level 1:colcon.colcon_core.package_identification:_identify(src/emg_launch) by extension 'ignore'
[0.302s] Level 1:colcon.colcon_core.package_identification:_identify(src/emg_launch) by extension 'ignore_ament_install'
[0.302s] Level 1:colcon.colcon_core.package_identification:_identify(src/emg_launch) by extensions ['colcon_pkg']
[0.302s] Level 1:colcon.colcon_core.package_identification:_identify(src/emg_launch) by extension 'colcon_pkg'
[0.302s] Level 1:colcon.colcon_core.package_identification:_identify(src/emg_launch) by extensions ['colcon_meta']
[0.302s] Level 1:colcon.colcon_core.package_identification:_identify(src/emg_launch) by extension 'colcon_meta'
[0.302s] Level 1:colcon.colcon_core.package_identification:_identify(src/emg_launch) by extensions ['ros']
[0.302s] Level 1:colcon.colcon_core.package_identification:_identify(src/emg_launch) by extension 'ros'
[0.308s] DEBUG:colcon.colcon_core.package_identification:Package 'src/emg_launch' with type 'ros.ament_python' and name 'emg_launch'
[0.308s] Level 1:colcon.colcon_core.package_identification:_identify(src/emg_listener) by extensions ['ignore', 'ignore_ament_install']
[0.308s] Level 1:colcon.colcon_core.package_identification:_identify(src/emg_listener) by extension 'ignore'
[0.308s] Level 1:colcon.colcon_core.package_identification:_identify(src/emg_listener) by extension 'ignore_ament_install'
[0.308s] Level 1:colcon.colcon_core.package_identification:_identify(src/emg_listener) by extensions ['colcon_pkg']
[0.309s] Level 1:colcon.colcon_core.package_identification:_identify(src/emg_listener) by extension 'colcon_pkg'
[0.309s] Level 1:colcon.colcon_core.package_identification:_identify(src/emg_listener) by extensions ['colcon_meta']
[0.309s] Level 1:colcon.colcon_core.package_identification:_identify(src/emg_listener) by extension 'colcon_meta'
[0.309s] Level 1:colcon.colcon_core.package_identification:_identify(src/emg_listener) by extensions ['ros']
[0.309s] Level 1:colcon.colcon_core.package_identification:_identify(src/emg_listener) by extension 'ros'
[0.310s] DEBUG:colcon.colcon_core.package_identification:Package 'src/emg_listener' with type 'ros.ament_cmake' and name 'emg_listener'
[0.310s] Level 1:colcon.colcon_core.package_identification:_identify(src/emg_sensor) by extensions ['ignore', 'ignore_ament_install']
[0.310s] Level 1:colcon.colcon_core.package_identification:_identify(src/emg_sensor) by extension 'ignore'
[0.310s] Level 1:colcon.colcon_core.package_identification:_identify(src/emg_sensor) by extension 'ignore_ament_install'
[0.310s] Level 1:colcon.colcon_core.package_identification:_identify(src/emg_sensor) by extensions ['colcon_pkg']
[0.310s] Level 1:colcon.colcon_core.package_identification:_identify(src/emg_sensor) by extension 'colcon_pkg'
[0.311s] Level 1:colcon.colcon_core.package_identification:_identify(src/emg_sensor) by extensions ['colcon_meta']
[0.311s] Level 1:colcon.colcon_core.package_identification:_identify(src/emg_sensor) by extension 'colcon_meta'
[0.311s] Level 1:colcon.colcon_core.package_identification:_identify(src/emg_sensor) by extensions ['ros']
[0.311s] Level 1:colcon.colcon_core.package_identification:_identify(src/emg_sensor) by extension 'ros'
[0.311s] DEBUG:colcon.colcon_core.package_identification:Package 'src/emg_sensor' with type 'ros.ament_cmake' and name 'emg_sensor'
[0.312s] Level 1:colcon.colcon_core.package_identification:_identify(src/install) by extensions ['ignore', 'ignore_ament_install']
[0.312s] Level 1:colcon.colcon_core.package_identification:_identify(src/install) by extension 'ignore'
[0.312s] Level 1:colcon.colcon_core.package_identification:_identify(src/install) ignored
[0.313s] Level 1:colcon.colcon_core.package_identification:_identify(src/log) by extensions ['ignore', 'ignore_ament_install']
[0.313s] Level 1:colcon.colcon_core.package_identification:_identify(src/log) by extension 'ignore'
[0.313s] Level 1:colcon.colcon_core.package_identification:_identify(src/log) ignored
[0.313s] Level 1:colcon.colcon_core.package_discovery:discover_packages(recursive) using defaults
[0.313s] Level 1:colcon.colcon_core.package_discovery:discover_packages(ignore) discover
[0.313s] Level 1:colcon.colcon_core.package_discovery:discover_packages(ignore) using defaults
[0.313s] Level 1:colcon.colcon_core.package_discovery:discover_packages(path) discover
[0.313s] Level 1:colcon.colcon_core.package_discovery:discover_packages(path) using defaults
[0.330s] Level 5:colcon.colcon_core.verb:set package 'emg_launch' build argument 'cmake_args' from command line to 'None'
[0.330s] Level 5:colcon.colcon_core.verb:set package 'emg_launch' build argument 'cmake_target' from command line to 'None'
[0.330s] Level 5:colcon.colcon_core.verb:set package 'emg_launch' build argument 'cmake_target_skip_unavailable' from command line to 'False'
[0.330s] Level 5:colcon.colcon_core.verb:set package 'emg_launch' build argument 'cmake_clean_cache' from command line to 'False'
[0.331s] Level 5:colcon.colcon_core.verb:set package 'emg_launch' build argument 'cmake_clean_first' from command line to 'False'
[0.331s] Level 5:colcon.colcon_core.verb:set package 'emg_launch' build argument 'cmake_force_configure' from command line to 'False'
[0.331s] Level 5:colcon.colcon_core.verb:set package 'emg_launch' build argument 'ament_cmake_args' from command line to 'None'
[0.331s] Level 5:colcon.colcon_core.verb:set package 'emg_launch' build argument 'catkin_cmake_args' from command line to 'None'
[0.331s] Level 5:colcon.colcon_core.verb:set package 'emg_launch' build argument 'catkin_skip_building_tests' from command line to 'False'
[0.331s] DEBUG:colcon.colcon_core.verb:Building package 'emg_launch' with the following arguments: {'ament_cmake_args': None, 'build_base': '/root/workspace/build/emg_launch', 'catkin_cmake_args': None, 'catkin_skip_building_tests': False, 'cmake_args': None, 'cmake_clean_cache': False, 'cmake_clean_first': False, 'cmake_force_configure': False, 'cmake_target': None, 'cmake_target_skip_unavailable': False, 'install_base': '/root/workspace/install/emg_launch', 'merge_install': False, 'path': '/root/workspace/src/emg_launch', 'symlink_install': False, 'test_result_base': None}
[0.332s] Level 5:colcon.colcon_core.verb:set package 'emg_listener' build argument 'cmake_args' from command line to 'None'
[0.332s] Level 5:colcon.colcon_core.verb:set package 'emg_listener' build argument 'cmake_target' from command line to 'None'
[0.332s] Level 5:colcon.colcon_core.verb:set package 'emg_listener' build argument 'cmake_target_skip_unavailable' from command line to 'False'
[0.332s] Level 5:colcon.colcon_core.verb:set package 'emg_listener' build argument 'cmake_clean_cache' from command line to 'False'
[0.332s] Level 5:colcon.colcon_core.verb:set package 'emg_listener' build argument 'cmake_clean_first' from command line to 'False'
[0.332s] Level 5:colcon.colcon_core.verb:set package 'emg_listener' build argument 'cmake_force_configure' from command line to 'False'
[0.332s] Level 5:colcon.colcon_core.verb:set package 'emg_listener' build argument 'ament_cmake_args' from command line to 'None'
[0.332s] Level 5:colcon.colcon_core.verb:set package 'emg_listener' build argument 'catkin_cmake_args' from command line to 'None'
[0.332s] Level 5:colcon.colcon_core.verb:set package 'emg_listener' build argument 'catkin_skip_building_tests' from command line to 'False'
[0.332s] DEBUG:colcon.colcon_core.verb:Building package 'emg_listener' with the following arguments: {'ament_cmake_args': None, 'build_base': '/root/workspace/build/emg_listener', 'catkin_cmake_args': None, 'catkin_skip_building_tests': False, 'cmake_args': None, 'cmake_clean_cache': False, 'cmake_clean_first': False, 'cmake_force_configure': False, 'cmake_target': None, 'cmake_target_skip_unavailable': False, 'install_base': '/root/workspace/install/emg_listener', 'merge_install': False, 'path': '/root/workspace/src/emg_listener', 'symlink_install': False, 'test_result_base': None}
[0.333s] Level 5:colcon.colcon_core.verb:set package 'emg_sensor' build argument 'cmake_args' from command line to 'None'
[0.333s] Level 5:colcon.colcon_core.verb:set package 'emg_sensor' build argument 'cmake_target' from command line to 'None'
[0.333s] Level 5:colcon.colcon_core.verb:set package 'emg_sensor' build argument 'cmake_target_skip_unavailable' from command line to 'False'
[0.333s] Level 5:colcon.colcon_core.verb:set package 'emg_sensor' build argument 'cmake_clean_cache' from command line to 'False'
[0.333s] Level 5:colcon.colcon_core.verb:set package 'emg_sensor' build argument 'cmake_clean_first' from command line to 'False'
[0.333s] Level 5:colcon.colcon_core.verb:set package 'emg_sensor' build argument 'cmake_force_configure' from command line to 'False'
[0.333s] Level 5:colcon.colcon_core.verb:set package 'emg_sensor' build argument 'ament_cmake_args' from command line to 'None'
[0.333s] Level 5:colcon.colcon_core.verb:set package 'emg_sensor' build argument 'catkin_cmake_args' from command line to 'None'
[0.333s] Level 5:colcon.colcon_core.verb:set package 'emg_sensor' build argument 'catkin_skip_building_tests' from command line to 'False'
[0.333s] DEBUG:colcon.colcon_core.verb:Building package 'emg_sensor' with the following arguments: {'ament_cmake_args': None, 'build_base': '/root/workspace/build/emg_sensor', 'catkin_cmake_args': None, 'catkin_skip_building_tests': False, 'cmake_args': None, 'cmake_clean_cache': False, 'cmake_clean_first': False, 'cmake_force_configure': False, 'cmake_target': None, 'cmake_target_skip_unavailable': False, 'install_base': '/root/workspace/install/emg_sensor', 'merge_install': False, 'path': '/root/workspace/src/emg_sensor', 'symlink_install': False, 'test_result_base': None}
[0.334s] INFO:colcon.colcon_core.executor:Executing jobs using 'parallel' executor
[0.338s] DEBUG:colcon.colcon_parallel_executor.executor.parallel:run_until_complete
[0.339s] INFO:colcon.colcon_ros.task.ament_python.build:Building ROS package in '/root/workspace/src/emg_launch' with build type 'ament_python'
[0.340s] Level 1:colcon.colcon_core.shell:create_environment_hook('emg_launch', 'ament_prefix_path')
[0.345s] INFO:colcon.colcon_core.plugin_system:Skipping extension 'colcon_core.shell.bat': Not used on non-Windows systems
[0.345s] INFO:colcon.colcon_core.shell:Creating environment hook '/root/workspace/install/emg_launch/share/emg_launch/hook/ament_prefix_path.ps1'
[0.347s] INFO:colcon.colcon_core.shell:Creating environment descriptor '/root/workspace/install/emg_launch/share/emg_launch/hook/ament_prefix_path.dsv'
[0.348s] INFO:colcon.colcon_core.shell:Creating environment hook '/root/workspace/install/emg_launch/share/emg_launch/hook/ament_prefix_path.sh'
[0.350s] INFO:colcon.colcon_core.shell:Skip shell extension 'powershell' for command environment: Not usable outside of PowerShell
[0.350s] DEBUG:colcon.colcon_core.shell:Skip shell extension 'dsv' for command environment
[0.360s] INFO:colcon.colcon_ros.task.ament_cmake.build:Building ROS package in '/root/workspace/src/emg_listener' with build type 'ament_cmake'
[0.361s] INFO:colcon.colcon_cmake.task.cmake.build:Building CMake package in '/root/workspace/src/emg_listener'
[0.365s] INFO:colcon.colcon_core.shell:Skip shell extension 'powershell' for command environment: Not usable outside of PowerShell
[0.365s] DEBUG:colcon.colcon_core.shell:Skip shell extension 'dsv' for command environment
[0.389s] INFO:colcon.colcon_ros.task.ament_cmake.build:Building ROS package in '/root/workspace/src/emg_sensor' with build type 'ament_cmake'
[0.389s] INFO:colcon.colcon_cmake.task.cmake.build:Building CMake package in '/root/workspace/src/emg_sensor'
[0.391s] INFO:colcon.colcon_core.shell:Skip shell extension 'powershell' for command environment: Not usable outside of PowerShell
[0.391s] DEBUG:colcon.colcon_core.shell:Skip shell extension 'dsv' for command environment
[0.653s] INFO:colcon.colcon_core.task.python.build:Building Python package in '/root/workspace/src/emg_launch'
[0.655s] INFO:colcon.colcon_core.shell:Skip shell extension 'powershell' for command environment: Not usable outside of PowerShell
[0.655s] DEBUG:colcon.colcon_core.shell:Skip shell extension 'dsv' for command environment
[0.674s] DEBUG:colcon.colcon_core.event_handler.log_command:Invoking command in '/root/workspace/build/emg_listener': CMAKE_PREFIX_PATH=${CMAKE_PREFIX_PATH}:/opt/ros/foxy CONDA_PROMPT_MODIFIER=(myenv) /usr/bin/cmake --build /root/workspace/build/emg_listener -- -j12 -l12
[0.689s] DEBUG:colcon.colcon_core.event_handler.log_command:Invoking command in '/root/workspace/build/emg_sensor': CMAKE_PREFIX_PATH=${CMAKE_PREFIX_PATH}:/opt/ros/foxy CONDA_PROMPT_MODIFIER=(myenv) /usr/bin/cmake --build /root/workspace/build/emg_sensor -- -j12 -l12
[1.081s] DEBUG:colcon.colcon_core.event_handler.log_command:Invoked command in '/root/workspace/build/emg_listener' returned '0': CMAKE_PREFIX_PATH=${CMAKE_PREFIX_PATH}:/opt/ros/foxy CONDA_PROMPT_MODIFIER=(myenv) /usr/bin/cmake --build /root/workspace/build/emg_listener -- -j12 -l12
[1.100s] DEBUG:colcon.colcon_core.event_handler.log_command:Invoked command in '/root/workspace/build/emg_sensor' returned '0': CMAKE_PREFIX_PATH=${CMAKE_PREFIX_PATH}:/opt/ros/foxy CONDA_PROMPT_MODIFIER=(myenv) /usr/bin/cmake --build /root/workspace/build/emg_sensor -- -j12 -l12
[1.108s] DEBUG:colcon.colcon_core.event_handler.log_command:Invoking command in '/root/workspace/src/emg_launch': CONDA_PROMPT_MODIFIER=(myenv) PYTHONPATH=/root/workspace/build/emg_launch/prefix_override:/root/workspace/install/emg_launch/lib/python3.8/site-packages:${PYTHONPATH} /usr/bin/python3 setup.py egg_info --egg-base ../../build/emg_launch build --build-base /root/workspace/build/emg_launch/build install --record /root/workspace/build/emg_launch/install.log --install-scripts $base/lib/emg_launch --single-version-externally-managed
[1.383s] DEBUG:colcon.colcon_core.event_handler.log_command:Invoking command in '/root/workspace/build/emg_listener': CMAKE_PREFIX_PATH=${CMAKE_PREFIX_PATH}:/opt/ros/foxy CONDA_PROMPT_MODIFIER=(myenv) /usr/bin/cmake --install /root/workspace/build/emg_listener
[1.389s] DEBUG:colcon.colcon_core.event_handler.log_command:Invoking command in '/root/workspace/build/emg_sensor': CMAKE_PREFIX_PATH=${CMAKE_PREFIX_PATH}:/opt/ros/foxy CONDA_PROMPT_MODIFIER=(myenv) /usr/bin/cmake --install /root/workspace/build/emg_sensor
[1.446s] Level 1:colcon.colcon_core.environment:create_environment_scripts_only(emg_listener)
[1.452s] Level 1:colcon.colcon_core.environment:checking '/root/workspace/install/emg_listener' for CMake module files
[1.456s] DEBUG:colcon.colcon_core.event_handler.log_command:Invoked command in '/root/workspace/build/emg_listener' returned '0': CMAKE_PREFIX_PATH=${CMAKE_PREFIX_PATH}:/opt/ros/foxy CONDA_PROMPT_MODIFIER=(myenv) /usr/bin/cmake --install /root/workspace/build/emg_listener
[1.457s] Level 1:colcon.colcon_core.environment:checking '/root/workspace/install/emg_listener' for CMake config files
[1.460s] Level 1:colcon.colcon_core.shell:create_environment_hook('emg_listener', 'cmake_prefix_path')
[1.461s] INFO:colcon.colcon_core.shell:Creating environment hook '/root/workspace/install/emg_listener/share/emg_listener/hook/cmake_prefix_path.ps1'
[1.461s] INFO:colcon.colcon_core.shell:Creating environment descriptor '/root/workspace/install/emg_listener/share/emg_listener/hook/cmake_prefix_path.dsv'
[1.462s] INFO:colcon.colcon_core.shell:Creating environment hook '/root/workspace/install/emg_listener/share/emg_listener/hook/cmake_prefix_path.sh'
[1.463s] Level 1:colcon.colcon_core.environment:checking '/root/workspace/install/emg_listener/lib'
[1.463s] Level 1:colcon.colcon_core.environment:checking '/root/workspace/install/emg_listener/bin'
[1.464s] Level 1:colcon.colcon_core.environment:checking '/root/workspace/install/emg_listener/lib/pkgconfig/emg_listener.pc'
[1.464s] Level 1:colcon.colcon_core.environment:checking '/root/workspace/install/emg_listener/lib/python3.8/site-packages'
[1.464s] Level 1:colcon.colcon_core.environment:checking '/root/workspace/install/emg_listener/bin'
[1.465s] INFO:colcon.colcon_core.shell:Creating package script '/root/workspace/install/emg_listener/share/emg_listener/package.ps1'
[1.466s] INFO:colcon.colcon_core.shell:Creating package descriptor '/root/workspace/install/emg_listener/share/emg_listener/package.dsv'
[1.467s] INFO:colcon.colcon_core.shell:Creating package script '/root/workspace/install/emg_listener/share/emg_listener/package.sh'
[1.467s] INFO:colcon.colcon_core.shell:Creating package script '/root/workspace/install/emg_listener/share/emg_listener/package.bash'
[1.468s] INFO:colcon.colcon_core.shell:Creating package script '/root/workspace/install/emg_listener/share/emg_listener/package.zsh'
[1.469s] Level 1:colcon.colcon_core.environment:create_file_with_runtime_dependencies(/root/workspace/install/emg_listener/share/colcon-core/packages/emg_listener)
[1.473s] Level 1:colcon.colcon_core.environment:create_environment_scripts_only(emg_sensor)
[1.475s] Level 1:colcon.colcon_core.environment:checking '/root/workspace/install/emg_sensor' for CMake module files
[1.475s] DEBUG:colcon.colcon_core.event_handler.log_command:Invoked command in '/root/workspace/build/emg_sensor' returned '0': CMAKE_PREFIX_PATH=${CMAKE_PREFIX_PATH}:/opt/ros/foxy CONDA_PROMPT_MODIFIER=(myenv) /usr/bin/cmake --install /root/workspace/build/emg_sensor
[1.477s] Level 1:colcon.colcon_core.environment:checking '/root/workspace/install/emg_sensor' for CMake config files
[1.477s] Level 1:colcon.colcon_core.shell:create_environment_hook('emg_sensor', 'cmake_prefix_path')
[1.479s] INFO:colcon.colcon_core.shell:Creating environment hook '/root/workspace/install/emg_sensor/share/emg_sensor/hook/cmake_prefix_path.ps1'
[1.479s] INFO:colcon.colcon_core.shell:Creating environment descriptor '/root/workspace/install/emg_sensor/share/emg_sensor/hook/cmake_prefix_path.dsv'
[1.479s] INFO:colcon.colcon_core.shell:Creating environment hook '/root/workspace/install/emg_sensor/share/emg_sensor/hook/cmake_prefix_path.sh'
[1.481s] Level 1:colcon.colcon_core.environment:checking '/root/workspace/install/emg_sensor/lib'
[1.481s] Level 1:colcon.colcon_core.environment:checking '/root/workspace/install/emg_sensor/bin'
[1.481s] Level 1:colcon.colcon_core.environment:checking '/root/workspace/install/emg_sensor/lib/pkgconfig/emg_sensor.pc'
[1.481s] Level 1:colcon.colcon_core.environment:checking '/root/workspace/install/emg_sensor/lib/python3.8/site-packages'
[1.481s] Level 1:colcon.colcon_core.environment:checking '/root/workspace/install/emg_sensor/bin'
[1.482s] INFO:colcon.colcon_core.shell:Creating package script '/root/workspace/install/emg_sensor/share/emg_sensor/package.ps1'
[1.483s] INFO:colcon.colcon_core.shell:Creating package descriptor '/root/workspace/install/emg_sensor/share/emg_sensor/package.dsv'
[1.483s] INFO:colcon.colcon_core.shell:Creating package script '/root/workspace/install/emg_sensor/share/emg_sensor/package.sh'
[1.484s] INFO:colcon.colcon_core.shell:Creating package script '/root/workspace/install/emg_sensor/share/emg_sensor/package.bash'
[1.484s] INFO:colcon.colcon_core.shell:Creating package script '/root/workspace/install/emg_sensor/share/emg_sensor/package.zsh'
[1.485s] Level 1:colcon.colcon_core.environment:create_file_with_runtime_dependencies(/root/workspace/install/emg_sensor/share/colcon-core/packages/emg_sensor)
[1.489s] Level 1:colcon.colcon_core.environment:checking '/root/workspace/install/emg_launch' for CMake module files
[1.490s] DEBUG:colcon.colcon_core.event_handler.log_command:Invoked command in '/root/workspace/src/emg_launch' returned '0': CONDA_PROMPT_MODIFIER=(myenv) PYTHONPATH=/root/workspace/build/emg_launch/prefix_override:/root/workspace/install/emg_launch/lib/python3.8/site-packages:${PYTHONPATH} /usr/bin/python3 setup.py egg_info --egg-base ../../build/emg_launch build --build-base /root/workspace/build/emg_launch/build install --record /root/workspace/build/emg_launch/install.log --install-scripts $base/lib/emg_launch --single-version-externally-managed
[1.491s] Level 1:colcon.colcon_core.environment:checking '/root/workspace/install/emg_launch' for CMake config files
[1.494s] Level 1:colcon.colcon_core.environment:checking '/root/workspace/install/emg_launch/lib'
[1.494s] Level 1:colcon.colcon_core.environment:checking '/root/workspace/install/emg_launch/bin'
[1.494s] Level 1:colcon.colcon_core.environment:checking '/root/workspace/install/emg_launch/lib/pkgconfig/emg_launch.pc'
[1.494s] Level 1:colcon.colcon_core.environment:checking '/root/workspace/install/emg_launch/lib/python3.8/site-packages'
[1.494s] Level 1:colcon.colcon_core.shell:create_environment_hook('emg_launch', 'pythonpath')
[1.495s] INFO:colcon.colcon_core.shell:Creating environment hook '/root/workspace/install/emg_launch/share/emg_launch/hook/pythonpath.ps1'
[1.496s] INFO:colcon.colcon_core.shell:Creating environment descriptor '/root/workspace/install/emg_launch/share/emg_launch/hook/pythonpath.dsv'
[1.496s] INFO:colcon.colcon_core.shell:Creating environment hook '/root/workspace/install/emg_launch/share/emg_launch/hook/pythonpath.sh'
[1.497s] Level 1:colcon.colcon_core.environment:checking '/root/workspace/install/emg_launch/bin'
[1.497s] Level 1:colcon.colcon_core.environment:create_environment_scripts_only(emg_launch)
[1.498s] INFO:colcon.colcon_core.shell:Creating package script '/root/workspace/install/emg_launch/share/emg_launch/package.ps1'
[1.500s] INFO:colcon.colcon_core.shell:Creating package descriptor '/root/workspace/install/emg_launch/share/emg_launch/package.dsv'
[1.501s] INFO:colcon.colcon_core.shell:Creating package script '/root/workspace/install/emg_launch/share/emg_launch/package.sh'
[1.503s] INFO:colcon.colcon_core.shell:Creating package script '/root/workspace/install/emg_launch/share/emg_launch/package.bash'
[1.506s] INFO:colcon.colcon_core.shell:Creating package script '/root/workspace/install/emg_launch/share/emg_launch/package.zsh'
[1.507s] Level 1:colcon.colcon_core.environment:create_file_with_runtime_dependencies(/root/workspace/install/emg_launch/share/colcon-core/packages/emg_launch)
[1.724s] Level 1:colcon.colcon_core.environment:create_environment_scripts_only(emg_listener)
[1.726s] Level 1:colcon.colcon_core.environment:checking '/root/workspace/install/emg_listener' for CMake module files
[1.728s] Level 1:colcon.colcon_core.environment:checking '/root/workspace/install/emg_listener' for CMake config files
[1.730s] Level 1:colcon.colcon_core.shell:create_environment_hook('emg_listener', 'cmake_prefix_path')
[1.731s] INFO:colcon.colcon_core.shell:Creating environment hook '/root/workspace/install/emg_listener/share/emg_listener/hook/cmake_prefix_path.ps1'
[1.732s] INFO:colcon.colcon_core.shell:Creating environment descriptor '/root/workspace/install/emg_listener/share/emg_listener/hook/cmake_prefix_path.dsv'
[1.733s] INFO:colcon.colcon_core.shell:Creating environment hook '/root/workspace/install/emg_listener/share/emg_listener/hook/cmake_prefix_path.sh'
[1.734s] Level 1:colcon.colcon_core.environment:checking '/root/workspace/install/emg_listener/lib'
[1.734s] Level 1:colcon.colcon_core.environment:checking '/root/workspace/install/emg_listener/bin'
[1.734s] Level 1:colcon.colcon_core.environment:checking '/root/workspace/install/emg_listener/lib/pkgconfig/emg_listener.pc'
[1.734s] Level 1:colcon.colcon_core.environment:checking '/root/workspace/install/emg_listener/lib/python3.8/site-packages'
[1.735s] Level 1:colcon.colcon_core.environment:checking '/root/workspace/install/emg_listener/bin'
[1.735s] INFO:colcon.colcon_core.shell:Creating package script '/root/workspace/install/emg_listener/share/emg_listener/package.ps1'
[1.736s] INFO:colcon.colcon_core.shell:Creating package descriptor '/root/workspace/install/emg_listener/share/emg_listener/package.dsv'
[1.736s] INFO:colcon.colcon_core.shell:Creating package script '/root/workspace/install/emg_listener/share/emg_listener/package.sh'
[1.737s] INFO:colcon.colcon_core.shell:Creating package script '/root/workspace/install/emg_listener/share/emg_listener/package.bash'
[1.737s] INFO:colcon.colcon_core.shell:Creating package script '/root/workspace/install/emg_listener/share/emg_listener/package.zsh'
[1.738s] Level 1:colcon.colcon_core.environment:create_file_with_runtime_dependencies(/root/workspace/install/emg_listener/share/colcon-core/packages/emg_listener)
[1.739s] Level 1:colcon.colcon_core.environment:create_environment_scripts_only(emg_sensor)
[1.741s] Level 1:colcon.colcon_core.environment:checking '/root/workspace/install/emg_sensor' for CMake module files
[1.743s] Level 1:colcon.colcon_core.environment:checking '/root/workspace/install/emg_sensor' for CMake config files
[1.744s] Level 1:colcon.colcon_core.shell:create_environment_hook('emg_sensor', 'cmake_prefix_path')
[1.745s] INFO:colcon.colcon_core.shell:Creating environment hook '/root/workspace/install/emg_sensor/share/emg_sensor/hook/cmake_prefix_path.ps1'
[1.745s] INFO:colcon.colcon_core.shell:Creating environment descriptor '/root/workspace/install/emg_sensor/share/emg_sensor/hook/cmake_prefix_path.dsv'
[1.746s] INFO:colcon.colcon_core.shell:Creating environment hook '/root/workspace/install/emg_sensor/share/emg_sensor/hook/cmake_prefix_path.sh'
[1.746s] Level 1:colcon.colcon_core.environment:checking '/root/workspace/install/emg_sensor/lib'
[1.746s] Level 1:colcon.colcon_core.environment:checking '/root/workspace/install/emg_sensor/bin'
[1.747s] Level 1:colcon.colcon_core.environment:checking '/root/workspace/install/emg_sensor/lib/pkgconfig/emg_sensor.pc'
[1.747s] Level 1:colcon.colcon_core.environment:checking '/root/workspace/install/emg_sensor/lib/python3.8/site-packages'
[1.747s] Level 1:colcon.colcon_core.environment:checking '/root/workspace/install/emg_sensor/bin'
[1.748s] INFO:colcon.colcon_core.shell:Creating package script '/root/workspace/install/emg_sensor/share/emg_sensor/package.ps1'
[1.748s] INFO:colcon.colcon_core.shell:Creating package descriptor '/root/workspace/install/emg_sensor/share/emg_sensor/package.dsv'
[1.749s] INFO:colcon.colcon_core.shell:Creating package script '/root/workspace/install/emg_sensor/share/emg_sensor/package.sh'
[1.750s] INFO:colcon.colcon_core.shell:Creating package script '/root/workspace/install/emg_sensor/share/emg_sensor/package.bash'
[1.751s] INFO:colcon.colcon_core.shell:Creating package script '/root/workspace/install/emg_sensor/share/emg_sensor/package.zsh'
[1.751s] Level 1:colcon.colcon_core.environment:create_file_with_runtime_dependencies(/root/workspace/install/emg_sensor/share/colcon-core/packages/emg_sensor)
[1.751s] DEBUG:colcon.colcon_parallel_executor.executor.parallel:closing loop
[1.752s] DEBUG:colcon.colcon_parallel_executor.executor.parallel:loop closed
[1.752s] DEBUG:colcon.colcon_parallel_executor.executor.parallel:run_until_complete finished with '0'
[1.752s] DEBUG:colcon.colcon_core.event_reactor:joining thread
[1.758s] INFO:colcon.colcon_core.plugin_system:Skipping extension 'colcon_notification.desktop_notification.notify_send': Could not find 'notify-send'
[1.758s] INFO:colcon.colcon_core.plugin_system:Skipping extension 'colcon_notification.desktop_notification.terminal_notifier': Not used on non-Darwin systems
[1.758s] INFO:colcon.colcon_core.plugin_system:Skipping extension 'colcon_notification.desktop_notification.win32': Not used on non-Windows systems
[1.758s] INFO:colcon.colcon_notification.desktop_notification:Sending desktop notification using 'notify2'
[1.760s] DEBUG:colcon.colcon_notification.desktop_notification.notify2:Failed to initialize notify2: org.freedesktop.DBus.Error.NotSupported: Unable to autolaunch a dbus-daemon without a $DISPLAY for X11
[1.760s] DEBUG:colcon.colcon_core.event_reactor:joined thread
[1.761s] INFO:colcon.colcon_core.shell:Creating prefix script '/root/workspace/install/local_setup.ps1'
[1.762s] INFO:colcon.colcon_core.shell:Creating prefix util module '/root/workspace/install/_local_setup_util_ps1.py'
[1.764s] INFO:colcon.colcon_core.shell:Creating prefix chain script '/root/workspace/install/setup.ps1'
[1.766s] INFO:colcon.colcon_core.shell:Creating prefix script '/root/workspace/install/local_setup.sh'
[1.767s] INFO:colcon.colcon_core.shell:Creating prefix util module '/root/workspace/install/_local_setup_util_sh.py'
[1.767s] INFO:colcon.colcon_core.shell:Creating prefix chain script '/root/workspace/install/setup.sh'
[1.769s] INFO:colcon.colcon_core.shell:Creating prefix script '/root/workspace/install/local_setup.bash'
[1.769s] INFO:colcon.colcon_core.shell:Creating prefix chain script '/root/workspace/install/setup.bash'
[1.771s] INFO:colcon.colcon_core.shell:Creating prefix script '/root/workspace/install/local_setup.zsh'
[1.771s] INFO:colcon.colcon_core.shell:Creating prefix chain script '/root/workspace/install/setup.zsh'
