[0.048s] Invoking command in '/root/workspace/src/build/emg_listener': CONDA_PROMPT_MODIFIER=(myenv) /usr/bin/cmake /root/workspace/src/emg_listener -DCMAKE_INSTALL_PREFIX=/root/workspace/src/install/emg_listener
[0.458s] -- The C compiler identification is GNU 9.4.0
[0.741s] -- The CXX compiler identification is GNU 9.4.0
[0.749s] -- Check for working C compiler: /usr/bin/cc
[1.218s] -- Check for working C compiler: /usr/bin/cc -- works
[1.219s] -- Detecting C compiler ABI info
[1.632s] -- Detecting C compiler ABI info - done
[1.649s] -- Detecting C compile features
[1.650s] -- Detecting C compile features - done
[1.653s] -- Check for working CXX compiler: /usr/bin/c++
[2.063s] -- Check for working CXX compiler: /usr/bin/c++ -- works
[2.065s] -- Detecting CXX compiler ABI info
[2.489s] -- Detecting CXX compiler ABI info - done
[2.506s] -- Detecting CXX compile features
[2.507s] -- Detecting CXX compile features - done
[2.519s] -- Found ament_cmake: 0.9.12 (/opt/ros/foxy/share/ament_cmake/cmake)
[2.601s] -- Found PythonInterp: /opt/conda/envs/myenv/bin/python3 (found suitable version "3.12.5", minimum required is "3") 
[2.601s] -- Using PYTHON_EXECUTABLE: /opt/conda/envs/myenv/bin/python3
[2.861s] -- Found rclcpp: 2.4.3 (/opt/ros/foxy/share/rclcpp/cmake)
[2.905s] -- Using all available rosidl_typesupport_c: rosidl_typesupport_fastrtps_c;rosidl_typesupport_introspection_c
[2.910s] -- Found rosidl_adapter: 1.3.1 (/opt/ros/foxy/share/rosidl_adapter/cmake)
[3.281s] -- Found OpenSSL: /usr/lib/x86_64-linux-gnu/libcrypto.so (found version "1.1.1f")  
[3.312s] -- Found FastRTPS: /opt/ros/foxy/include  
[3.390s] -- Using all available rosidl_typesupport_cpp: rosidl_typesupport_fastrtps_cpp;rosidl_typesupport_introspection_cpp
[3.438s] -- Found rmw_implementation_cmake: 1.0.4 (/opt/ros/foxy/share/rmw_implementation_cmake/cmake)
[3.440s] -- Using RMW implementation 'rmw_fastrtps_cpp' as default
[3.443s] -- Looking for pthread.h
[3.872s] -- Looking for pthread.h - found
[3.872s] -- Performing Test CMAKE_HAVE_LIBC_PTHREAD
[4.324s] -- Performing Test CMAKE_HAVE_LIBC_PTHREAD - Failed
[4.325s] -- Looking for pthread_create in pthreads
[4.722s] -- Looking for pthread_create in pthreads - not found
[4.723s] -- Looking for pthread_create in pthread
[5.140s] -- Looking for pthread_create in pthread - found
[5.143s] -- Found Threads: TRUE  
[5.439s] Error parsing '/root/workspace/src/emg_listener/package.xml':
[5.439s] Traceback (most recent call last):
[5.439s]   File "/opt/ros/foxy/share/ament_cmake_core/cmake/core/package_xml_2_cmake.py", line 143, in <module>
[5.440s]     main()
[5.440s]   File "/opt/ros/foxy/share/ament_cmake_core/cmake/core/package_xml_2_cmake.py", line 52, in main
[5.440s]     raise e
[5.440s]   File "/opt/ros/foxy/share/ament_cmake_core/cmake/core/package_xml_2_cmake.py", line 48, in main
[5.440s]     package = parse_package_string(
[5.440s]               ^^^^^^^^^^^^^^^^^^^^^
[5.441s]   File "/opt/conda/envs/myenv/lib/python3.12/site-packages/catkin_pkg/package.py", line 786, in parse_package_string
[5.441s]     raise InvalidPackage('Error(s):%s' % (''.join(['\n- %s' % e for e in errors])), filename)
[5.441s] catkin_pkg.package.InvalidPackage: Error(s) in package '/root/workspace/src/emg_listener/package.xml':
[5.441s] Error(s):
[5.441s] - The generic dependency on 'rclcpp' is redundant with: exec_depend
[5.441s] - The generic dependency on 'std_msgs' is redundant with: exec_depend
[5.447s] CMake Error at /opt/ros/foxy/share/ament_cmake_core/cmake/core/ament_package_xml.cmake:94 (message):
[5.447s]   execute_process(/opt/conda/envs/myenv/bin/python3
[5.447s]   /opt/ros/foxy/share/ament_cmake_core/cmake/core/package_xml_2_cmake.py
[5.447s]   /root/workspace/src/emg_listener/package.xml
[5.448s]   /root/workspace/src/build/emg_listener/ament_cmake_core/package.cmake)
[5.448s]   returned error code 1
[5.448s] Call Stack (most recent call first):
[5.448s]   /opt/ros/foxy/share/ament_cmake_core/cmake/core/ament_package_xml.cmake:49 (_ament_package_xml)
[5.448s]   /opt/ros/foxy/share/ament_cmake_core/cmake/core/ament_package.cmake:63 (ament_package_xml)
[5.448s]   CMakeLists.txt:21 (ament_package)
[5.448s] 
[5.449s] 
[5.450s] -- Configuring incomplete, errors occurred!
[5.450s] See also "/root/workspace/src/build/emg_listener/CMakeFiles/CMakeOutput.log".
[5.450s] See also "/root/workspace/src/build/emg_listener/CMakeFiles/CMakeError.log".
[5.459s] Invoked command in '/root/workspace/src/build/emg_listener' returned '1': CONDA_PROMPT_MODIFIER=(myenv) /usr/bin/cmake /root/workspace/src/emg_listener -DCMAKE_INSTALL_PREFIX=/root/workspace/src/install/emg_listener
