[0.048s] Invoking command in '/root/workspace/src/build/emg_listener': CONDA_PROMPT_MODIFIER=(myenv) /usr/bin/cmake --build /root/workspace/src/build/emg_listener -- -j12 -l12
[0.190s] -- Found ament_cmake: 0.9.12 (/opt/ros/foxy/share/ament_cmake/cmake)
[0.283s] -- Using PYTHON_EXECUTABLE: /opt/conda/envs/myenv/bin/python3
[0.520s] -- Found rclcpp: 2.4.3 (/opt/ros/foxy/share/rclcpp/cmake)
[0.562s] -- Using all available rosidl_typesupport_c: rosidl_typesupport_fastrtps_c;rosidl_typesupport_introspection_c
[0.563s] -- Found rosidl_adapter: 1.3.1 (/opt/ros/foxy/share/rosidl_adapter/cmake)
[0.713s] -- Using all available rosidl_typesupport_cpp: rosidl_typesupport_fastrtps_cpp;rosidl_typesupport_introspection_cpp
[0.753s] -- Found rmw_implementation_cmake: 1.0.4 (/opt/ros/foxy/share/rmw_implementation_cmake/cmake)
[0.754s] -- Using RMW implementation 'rmw_fastrtps_cpp' as default
[1.030s] Error parsing '/root/workspace/src/emg_listener/package.xml':
[1.033s] Traceback (most recent call last):
[1.034s]   File "/opt/ros/foxy/share/ament_cmake_core/cmake/core/package_xml_2_cmake.py", line 143, in <module>
[1.034s]     main()
[1.034s]   File "/opt/ros/foxy/share/ament_cmake_core/cmake/core/package_xml_2_cmake.py", line 52, in main
[1.034s]     raise e
[1.034s]   File "/opt/ros/foxy/share/ament_cmake_core/cmake/core/package_xml_2_cmake.py", line 48, in main
[1.034s]     package = parse_package_string(
[1.035s]               ^^^^^^^^^^^^^^^^^^^^^
[1.035s]   File "/opt/conda/envs/myenv/lib/python3.12/site-packages/catkin_pkg/package.py", line 786, in parse_package_string
[1.035s]     raise InvalidPackage('Error(s):%s' % (''.join(['\n- %s' % e for e in errors])), filename)
[1.035s] catkin_pkg.package.InvalidPackage: Error(s) in package '/root/workspace/src/emg_listener/package.xml':
[1.035s] Error(s):
[1.035s] - The generic dependency on 'rclcpp' is redundant with: exec_depend
[1.035s] - The generic dependency on 'std_msgs' is redundant with: exec_depend
[1.042s] CMake Error at /opt/ros/foxy/share/ament_cmake_core/cmake/core/ament_package_xml.cmake:94 (message):
[1.042s]   execute_process(/opt/conda/envs/myenv/bin/python3
[1.042s]   /opt/ros/foxy/share/ament_cmake_core/cmake/core/package_xml_2_cmake.py
[1.043s]   /root/workspace/src/emg_listener/package.xml
[1.043s]   /root/workspace/src/build/emg_listener/ament_cmake_core/package.cmake)
[1.043s]   returned error code 1
[1.043s] Call Stack (most recent call first):
[1.043s]   /opt/ros/foxy/share/ament_cmake_core/cmake/core/ament_package_xml.cmake:49 (_ament_package_xml)
[1.043s]   /opt/ros/foxy/share/ament_cmake_core/cmake/core/ament_package.cmake:63 (ament_package_xml)
[1.044s]   CMakeLists.txt:20 (ament_package)
[1.044s] 
[1.044s] 
[1.046s] -- Configuring incomplete, errors occurred!
[1.046s] See also "/root/workspace/src/build/emg_listener/CMakeFiles/CMakeOutput.log".
[1.047s] See also "/root/workspace/src/build/emg_listener/CMakeFiles/CMakeError.log".
[1.056s] make: *** [Makefile:266: cmake_check_build_system] Error 1
[1.062s] Invoked command in '/root/workspace/src/build/emg_listener' returned '2': CONDA_PROMPT_MODIFIER=(myenv) /usr/bin/cmake --build /root/workspace/src/build/emg_listener -- -j12 -l12
