[0.050s] Invoking command in '/root/workspace/src/build/emg_listener': CMAKE_PREFIX_PATH=/opt/ros/foxy CONDA_PROMPT_MODIFIER=(myenv) /usr/bin/cmake --build /root/workspace/src/build/emg_listener -- -j12 -l12
[0.198s] -- Found ament_cmake: 0.9.12 (/opt/ros/foxy/share/ament_cmake/cmake)
[0.291s] -- Using PYTHON_EXECUTABLE: /opt/conda/envs/myenv/bin/python3
[0.524s] -- Found rclcpp: 2.4.3 (/opt/ros/foxy/share/rclcpp/cmake)
[0.556s] -- Using all available rosidl_typesupport_c: rosidl_typesupport_fastrtps_c;rosidl_typesupport_introspection_c
[0.558s] -- Found rosidl_adapter: 1.3.1 (/opt/ros/foxy/share/rosidl_adapter/cmake)
[0.698s] -- Using all available rosidl_typesupport_cpp: rosidl_typesupport_fastrtps_cpp;rosidl_typesupport_introspection_cpp
[0.737s] -- Found rmw_implementation_cmake: 1.0.4 (/opt/ros/foxy/share/rmw_implementation_cmake/cmake)
[0.739s] -- Using RMW implementation 'rmw_fastrtps_cpp' as default
[1.034s] -- Configuring done
[1.094s] -- Generating done
[1.107s] -- Build files have been written to: /root/workspace/src/build/emg_listener
[1.229s] [35m[1mScanning dependencies of target listener[0m
[1.432s] [ 50%] [32mBuilding CXX object CMakeFiles/listener.dir/src/listener.cpp.o[0m
[4.985s] [100%] [32m[1mLinking CXX executable listener[0m
[5.494s] [100%] Built target listener
[5.526s] Invoked command in '/root/workspace/src/build/emg_listener' returned '0': CMAKE_PREFIX_PATH=/opt/ros/foxy CONDA_PROMPT_MODIFIER=(myenv) /usr/bin/cmake --build /root/workspace/src/build/emg_listener -- -j12 -l12
[5.793s] Invoking command in '/root/workspace/src/build/emg_listener': CMAKE_PREFIX_PATH=/opt/ros/foxy CONDA_PROMPT_MODIFIER=(myenv) /usr/bin/cmake --install /root/workspace/src/build/emg_listener
[5.832s] -- Install configuration: ""
[5.833s] -- Installing: /root/workspace/src/install/emg_listener/lib/emg_listener/listener
[5.851s] -- Set runtime path of "/root/workspace/src/install/emg_listener/lib/emg_listener/listener" to ""
[5.851s] -- Up-to-date: /root/workspace/src/install/emg_listener/share/ament_index/resource_index/package_run_dependencies/emg_listener
[5.852s] -- Up-to-date: /root/workspace/src/install/emg_listener/share/ament_index/resource_index/parent_prefix_path/emg_listener
[5.852s] -- Up-to-date: /root/workspace/src/install/emg_listener/share/emg_listener/environment/ament_prefix_path.sh
[5.852s] -- Installing: /root/workspace/src/install/emg_listener/share/emg_listener/environment/ament_prefix_path.dsv
[5.853s] -- Up-to-date: /root/workspace/src/install/emg_listener/share/emg_listener/environment/path.sh
[5.854s] -- Installing: /root/workspace/src/install/emg_listener/share/emg_listener/environment/path.dsv
[5.855s] -- Up-to-date: /root/workspace/src/install/emg_listener/share/emg_listener/local_setup.bash
[5.855s] -- Up-to-date: /root/workspace/src/install/emg_listener/share/emg_listener/local_setup.sh
[5.855s] -- Up-to-date: /root/workspace/src/install/emg_listener/share/emg_listener/local_setup.zsh
[5.856s] -- Installing: /root/workspace/src/install/emg_listener/share/emg_listener/local_setup.dsv
[5.857s] -- Installing: /root/workspace/src/install/emg_listener/share/emg_listener/package.dsv
[5.858s] -- Up-to-date: /root/workspace/src/install/emg_listener/share/ament_index/resource_index/packages/emg_listener
[5.859s] -- Up-to-date: /root/workspace/src/install/emg_listener/share/emg_listener/cmake/emg_listenerConfig.cmake
[5.859s] -- Up-to-date: /root/workspace/src/install/emg_listener/share/emg_listener/cmake/emg_listenerConfig-version.cmake
[5.859s] -- Up-to-date: /root/workspace/src/install/emg_listener/share/emg_listener/package.xml
[5.867s] Invoked command in '/root/workspace/src/build/emg_listener' returned '0': CMAKE_PREFIX_PATH=/opt/ros/foxy CONDA_PROMPT_MODIFIER=(myenv) /usr/bin/cmake --install /root/workspace/src/build/emg_listener
