[35m[1mScanning dependencies of target sensor[0m
[ 50%] [32mBuilding CXX object CMakeFiles/sensor.dir/src/sensor.cpp.o[0m
[100%] [32m[1mLinking CXX executable sensor[0m
[100%] Built target sensor
-- Install configuration: ""
-- Installing: /root/workspace/install/emg_sensor/lib/emg_sensor/sensor
-- Set runtime path of "/root/workspace/install/emg_sensor/lib/emg_sensor/sensor" to ""
-- Up-to-date: /root/workspace/install/emg_sensor/share/ament_index/resource_index/package_run_dependencies/emg_sensor
-- Up-to-date: /root/workspace/install/emg_sensor/share/ament_index/resource_index/parent_prefix_path/emg_sensor
-- Up-to-date: /root/workspace/install/emg_sensor/share/emg_sensor/environment/ament_prefix_path.sh
-- Up-to-date: /root/workspace/install/emg_sensor/share/emg_sensor/environment/ament_prefix_path.dsv
-- Up-to-date: /root/workspace/install/emg_sensor/share/emg_sensor/environment/path.sh
-- Up-to-date: /root/workspace/install/emg_sensor/share/emg_sensor/environment/path.dsv
-- Up-to-date: /root/workspace/install/emg_sensor/share/emg_sensor/local_setup.bash
-- Up-to-date: /root/workspace/install/emg_sensor/share/emg_sensor/local_setup.sh
-- Up-to-date: /root/workspace/install/emg_sensor/share/emg_sensor/local_setup.zsh
-- Up-to-date: /root/workspace/install/emg_sensor/share/emg_sensor/local_setup.dsv
-- Installing: /root/workspace/install/emg_sensor/share/emg_sensor/package.dsv
-- Up-to-date: /root/workspace/install/emg_sensor/share/ament_index/resource_index/packages/emg_sensor
-- Up-to-date: /root/workspace/install/emg_sensor/share/emg_sensor/cmake/emg_sensorConfig.cmake
-- Up-to-date: /root/workspace/install/emg_sensor/share/emg_sensor/cmake/emg_sensorConfig-version.cmake
-- Up-to-date: /root/workspace/install/emg_sensor/share/emg_sensor/package.xml
