[0.258s] DEBUG:colcon:Command line arguments: ['/usr/bin/colcon', 'build']
[0.259s] DEBUG:colcon:Parsed command line arguments: Namespace(ament_cmake_args=None, base_paths=['.'], build_base='build', catkin_cmake_args=None, catkin_skip_building_tests=False, cmake_args=None, cmake_clean_cache=False, cmake_clean_first=False, cmake_force_configure=False, cmake_target=None, cmake_target_skip_unavailable=False, continue_on_error=False, event_handlers=None, executor='parallel', ignore_user_meta=False, install_base='install', log_base=None, log_level=None, main=<bound method BuildVerb.main of <colcon_core.verb.build.BuildVerb object at 0x7ffffe2bd730>>, merge_install=False, metas=['./colcon.meta'], mixin=None, mixin_files=None, mixin_verb=('build',), packages_above=None, packages_above_and_dependencies=None, packages_above_depth=None, packages_end=None, packages_ignore=None, packages_ignore_regex=None, packages_select=None, packages_select_build_failed=False, packages_select_by_dep=None, packages_select_regex=None, packages_select_test_failures=False, packages_skip=None, packages_skip_build_finished=False, packages_skip_by_dep=None, packages_skip_regex=None, packages_skip_test_passed=False, packages_skip_up_to=None, packages_start=None, packages_up_to=None, packages_up_to_regex=None, parallel_workers=12, paths=None, symlink_install=False, test_result_base=None, verb_extension=<colcon_core.verb.build.BuildVerb object at 0x7ffffe2bd730>, verb_name='build', verb_parser=<colcon_mixin.mixin.mixin_argument.MixinArgumentDecorator object at 0x7ffffe2bdd90>)
[0.283s] Level 1:colcon.colcon_core.package_discovery:discover_packages(colcon_meta) check parameters
[0.284s] INFO:colcon.colcon_metadata.package_discovery.colcon_meta:Using configuration from '/root/.colcon/metadata/default/Gazebo.meta'
[0.284s] INFO:colcon.colcon_metadata.package_discovery.colcon_meta:Using configuration from '/root/.colcon/metadata/default/fastrtps.meta'
[0.284s] Level 1:colcon.colcon_core.package_discovery:discover_packages(recursive) check parameters
[0.284s] Level 1:colcon.colcon_core.package_discovery:discover_packages(ignore) check parameters
[0.284s] Level 1:colcon.colcon_core.package_discovery:discover_packages(path) check parameters
[0.284s] Level 1:colcon.colcon_core.package_discovery:discover_packages(colcon_meta) discover
[0.285s] Level 1:colcon.colcon_core.package_discovery:discover_packages(recursive) discover
[0.285s] INFO:colcon.colcon_core.package_discovery:Crawling recursively for packages in '/root/workspace'
[0.285s] Level 1:colcon.colcon_core.package_identification:_identify(.) by extensions ['ignore', 'ignore_ament_install']
[0.285s] Level 1:colcon.colcon_core.package_identification:_identify(.) by extension 'ignore'
[0.285s] Level 1:colcon.colcon_core.package_identification:_identify(.) by extension 'ignore_ament_install'
[0.286s] Level 1:colcon.colcon_core.package_identification:_identify(.) by extensions ['colcon_pkg']
[0.286s] Level 1:colcon.colcon_core.package_identification:_identify(.) by extension 'colcon_pkg'
[0.286s] Level 1:colcon.colcon_core.package_identification:_identify(.) by extensions ['colcon_meta']
[0.286s] Level 1:colcon.colcon_core.package_identification:_identify(.) by extension 'colcon_meta'
[0.286s] Level 1:colcon.colcon_core.package_identification:_identify(.) by extensions ['ros']
[0.286s] Level 1:colcon.colcon_core.package_identification:_identify(.) by extension 'ros'
[0.301s] Level 1:colcon.colcon_core.package_identification:_identify(.) by extensions ['cmake', 'python']
[0.301s] Level 1:colcon.colcon_core.package_identification:_identify(.) by extension 'cmake'
[0.301s] Level 1:colcon.colcon_core.package_identification:_identify(.) by extension 'python'
[0.301s] Level 1:colcon.colcon_core.package_identification:_identify(.) by extensions ['python_setup_py']
[0.301s] Level 1:colcon.colcon_core.package_identification:_identify(.) by extension 'python_setup_py'
[0.302s] Level 1:colcon.colcon_core.package_identification:_identify(build) by extensions ['ignore', 'ignore_ament_install']
[0.302s] Level 1:colcon.colcon_core.package_identification:_identify(build) by extension 'ignore'
[0.302s] Level 1:colcon.colcon_core.package_identification:_identify(build) ignored
[0.302s] Level 1:colcon.colcon_core.package_identification:_identify(install) by extensions ['ignore', 'ignore_ament_install']
[0.302s] Level 1:colcon.colcon_core.package_identification:_identify(install) by extension 'ignore'
[0.303s] Level 1:colcon.colcon_core.package_identification:_identify(install) ignored
[0.303s] Level 1:colcon.colcon_core.package_identification:_identify(log) by extensions ['ignore', 'ignore_ament_install']
[0.303s] Level 1:colcon.colcon_core.package_identification:_identify(log) by extension 'ignore'
[0.304s] Level 1:colcon.colcon_core.package_identification:_identify(log) ignored
[0.304s] Level 1:colcon.colcon_core.package_identification:_identify(src) by extensions ['ignore', 'ignore_ament_install']
[0.304s] Level 1:colcon.colcon_core.package_identification:_identify(src) by extension 'ignore'
[0.304s] Level 1:colcon.colcon_core.package_identification:_identify(src) by extension 'ignore_ament_install'
[0.304s] Level 1:colcon.colcon_core.package_identification:_identify(src) by extensions ['colcon_pkg']
[0.304s] Level 1:colcon.colcon_core.package_identification:_identify(src) by extension 'colcon_pkg'
[0.304s] Level 1:colcon.colcon_core.package_identification:_identify(src) by extensions ['colcon_meta']
[0.304s] Level 1:colcon.colcon_core.package_identification:_identify(src) by extension 'colcon_meta'
[0.305s] Level 1:colcon.colcon_core.package_identification:_identify(src) by extensions ['ros']
[0.305s] Level 1:colcon.colcon_core.package_identification:_identify(src) by extension 'ros'
[0.305s] Level 1:colcon.colcon_core.package_identification:_identify(src) by extensions ['cmake', 'python']
[0.305s] Level 1:colcon.colcon_core.package_identification:_identify(src) by extension 'cmake'
[0.305s] Level 1:colcon.colcon_core.package_identification:_identify(src) by extension 'python'
[0.305s] Level 1:colcon.colcon_core.package_identification:_identify(src) by extensions ['python_setup_py']
[0.305s] Level 1:colcon.colcon_core.package_identification:_identify(src) by extension 'python_setup_py'
[0.306s] Level 1:colcon.colcon_core.package_identification:_identify(src/build) by extensions ['ignore', 'ignore_ament_install']
[0.306s] Level 1:colcon.colcon_core.package_identification:_identify(src/build) by extension 'ignore'
[0.306s] Level 1:colcon.colcon_core.package_identification:_identify(src/build) ignored
[0.306s] Level 1:colcon.colcon_core.package_identification:_identify(src/emg_launch) by extensions ['ignore', 'ignore_ament_install']
[0.306s] Level 1:colcon.colcon_core.package_identification:_identify(src/emg_launch) by extension 'ignore'
[0.306s] Level 1:colcon.colcon_core.package_identification:_identify(src/emg_launch) by extension 'ignore_ament_install'
[0.306s] Level 1:colcon.colcon_core.package_identification:_identify(src/emg_launch) by extensions ['colcon_pkg']
[0.307s] Level 1:colcon.colcon_core.package_identification:_identify(src/emg_launch) by extension 'colcon_pkg'
[0.307s] Level 1:colcon.colcon_core.package_identification:_identify(src/emg_launch) by extensions ['colcon_meta']
[0.307s] Level 1:colcon.colcon_core.package_identification:_identify(src/emg_launch) by extension 'colcon_meta'
[0.307s] Level 1:colcon.colcon_core.package_identification:_identify(src/emg_launch) by extensions ['ros']
[0.307s] Level 1:colcon.colcon_core.package_identification:_identify(src/emg_launch) by extension 'ros'
[0.312s] DEBUG:colcon.colcon_core.package_identification:Package 'src/emg_launch' with type 'ros.ament_python' and name 'emg_launch'
[0.312s] Level 1:colcon.colcon_core.package_identification:_identify(src/emg_listener) by extensions ['ignore', 'ignore_ament_install']
[0.312s] Level 1:colcon.colcon_core.package_identification:_identify(src/emg_listener) by extension 'ignore'
[0.312s] Level 1:colcon.colcon_core.package_identification:_identify(src/emg_listener) by extension 'ignore_ament_install'
[0.312s] Level 1:colcon.colcon_core.package_identification:_identify(src/emg_listener) by extensions ['colcon_pkg']
[0.313s] Level 1:colcon.colcon_core.package_identification:_identify(src/emg_listener) by extension 'colcon_pkg'
[0.313s] Level 1:colcon.colcon_core.package_identification:_identify(src/emg_listener) by extensions ['colcon_meta']
[0.313s] Level 1:colcon.colcon_core.package_identification:_identify(src/emg_listener) by extension 'colcon_meta'
[0.313s] Level 1:colcon.colcon_core.package_identification:_identify(src/emg_listener) by extensions ['ros']
[0.313s] Level 1:colcon.colcon_core.package_identification:_identify(src/emg_listener) by extension 'ros'
[0.314s] DEBUG:colcon.colcon_core.package_identification:Package 'src/emg_listener' with type 'ros.ament_cmake' and name 'emg_listener'
[0.314s] Level 1:colcon.colcon_core.package_identification:_identify(src/emg_sensor) by extensions ['ignore', 'ignore_ament_install']
[0.314s] Level 1:colcon.colcon_core.package_identification:_identify(src/emg_sensor) by extension 'ignore'
[0.314s] Level 1:colcon.colcon_core.package_identification:_identify(src/emg_sensor) by extension 'ignore_ament_install'
[0.314s] Level 1:colcon.colcon_core.package_identification:_identify(src/emg_sensor) by extensions ['colcon_pkg']
[0.314s] Level 1:colcon.colcon_core.package_identification:_identify(src/emg_sensor) by extension 'colcon_pkg'
[0.314s] Level 1:colcon.colcon_core.package_identification:_identify(src/emg_sensor) by extensions ['colcon_meta']
[0.314s] Level 1:colcon.colcon_core.package_identification:_identify(src/emg_sensor) by extension 'colcon_meta'
[0.315s] Level 1:colcon.colcon_core.package_identification:_identify(src/emg_sensor) by extensions ['ros']
[0.315s] Level 1:colcon.colcon_core.package_identification:_identify(src/emg_sensor) by extension 'ros'
[0.315s] DEBUG:colcon.colcon_core.package_identification:Package 'src/emg_sensor' with type 'ros.ament_cmake' and name 'emg_sensor'
[0.316s] Level 1:colcon.colcon_core.package_identification:_identify(src/install) by extensions ['ignore', 'ignore_ament_install']
[0.316s] Level 1:colcon.colcon_core.package_identification:_identify(src/install) by extension 'ignore'
[0.316s] Level 1:colcon.colcon_core.package_identification:_identify(src/install) ignored
[0.316s] Level 1:colcon.colcon_core.package_identification:_identify(src/log) by extensions ['ignore', 'ignore_ament_install']
[0.317s] Level 1:colcon.colcon_core.package_identification:_identify(src/log) by extension 'ignore'
[0.317s] Level 1:colcon.colcon_core.package_identification:_identify(src/log) ignored
[0.317s] Level 1:colcon.colcon_core.package_discovery:discover_packages(recursive) using defaults
[0.317s] Level 1:colcon.colcon_core.package_discovery:discover_packages(ignore) discover
[0.317s] Level 1:colcon.colcon_core.package_discovery:discover_packages(ignore) using defaults
[0.317s] Level 1:colcon.colcon_core.package_discovery:discover_packages(path) discover
[0.317s] Level 1:colcon.colcon_core.package_discovery:discover_packages(path) using defaults
[0.333s] Level 5:colcon.colcon_core.verb:set package 'emg_launch' build argument 'cmake_args' from command line to 'None'
[0.333s] Level 5:colcon.colcon_core.verb:set package 'emg_launch' build argument 'cmake_target' from command line to 'None'
[0.334s] Level 5:colcon.colcon_core.verb:set package 'emg_launch' build argument 'cmake_target_skip_unavailable' from command line to 'False'
[0.334s] Level 5:colcon.colcon_core.verb:set package 'emg_launch' build argument 'cmake_clean_cache' from command line to 'False'
[0.334s] Level 5:colcon.colcon_core.verb:set package 'emg_launch' build argument 'cmake_clean_first' from command line to 'False'
[0.334s] Level 5:colcon.colcon_core.verb:set package 'emg_launch' build argument 'cmake_force_configure' from command line to 'False'
[0.334s] Level 5:colcon.colcon_core.verb:set package 'emg_launch' build argument 'ament_cmake_args' from command line to 'None'
[0.334s] Level 5:colcon.colcon_core.verb:set package 'emg_launch' build argument 'catkin_cmake_args' from command line to 'None'
[0.334s] Level 5:colcon.colcon_core.verb:set package 'emg_launch' build argument 'catkin_skip_building_tests' from command line to 'False'
[0.334s] DEBUG:colcon.colcon_core.verb:Building package 'emg_launch' with the following arguments: {'ament_cmake_args': None, 'build_base': '/root/workspace/build/emg_launch', 'catkin_cmake_args': None, 'catkin_skip_building_tests': False, 'cmake_args': None, 'cmake_clean_cache': False, 'cmake_clean_first': False, 'cmake_force_configure': False, 'cmake_target': None, 'cmake_target_skip_unavailable': False, 'install_base': '/root/workspace/install/emg_launch', 'merge_install': False, 'path': '/root/workspace/src/emg_launch', 'symlink_install': False, 'test_result_base': None}
[0.335s] Level 5:colcon.colcon_core.verb:set package 'emg_listener' build argument 'cmake_args' from command line to 'None'
[0.335s] Level 5:colcon.colcon_core.verb:set package 'emg_listener' build argument 'cmake_target' from command line to 'None'
[0.335s] Level 5:colcon.colcon_core.verb:set package 'emg_listener' build argument 'cmake_target_skip_unavailable' from command line to 'False'
[0.335s] Level 5:colcon.colcon_core.verb:set package 'emg_listener' build argument 'cmake_clean_cache' from command line to 'False'
[0.335s] Level 5:colcon.colcon_core.verb:set package 'emg_listener' build argument 'cmake_clean_first' from command line to 'False'
[0.335s] Level 5:colcon.colcon_core.verb:set package 'emg_listener' build argument 'cmake_force_configure' from command line to 'False'
[0.335s] Level 5:colcon.colcon_core.verb:set package 'emg_listener' build argument 'ament_cmake_args' from command line to 'None'
[0.335s] Level 5:colcon.colcon_core.verb:set package 'emg_listener' build argument 'catkin_cmake_args' from command line to 'None'
[0.335s] Level 5:colcon.colcon_core.verb:set package 'emg_listener' build argument 'catkin_skip_building_tests' from command line to 'False'
[0.335s] DEBUG:colcon.colcon_core.verb:Building package 'emg_listener' with the following arguments: {'ament_cmake_args': None, 'build_base': '/root/workspace/build/emg_listener', 'catkin_cmake_args': None, 'catkin_skip_building_tests': False, 'cmake_args': None, 'cmake_clean_cache': False, 'cmake_clean_first': False, 'cmake_force_configure': False, 'cmake_target': None, 'cmake_target_skip_unavailable': False, 'install_base': '/root/workspace/install/emg_listener', 'merge_install': False, 'path': '/root/workspace/src/emg_listener', 'symlink_install': False, 'test_result_base': None}
[0.336s] Level 5:colcon.colcon_core.verb:set package 'emg_sensor' build argument 'cmake_args' from command line to 'None'
[0.336s] Level 5:colcon.colcon_core.verb:set package 'emg_sensor' build argument 'cmake_target' from command line to 'None'
[0.336s] Level 5:colcon.colcon_core.verb:set package 'emg_sensor' build argument 'cmake_target_skip_unavailable' from command line to 'False'
[0.336s] Level 5:colcon.colcon_core.verb:set package 'emg_sensor' build argument 'cmake_clean_cache' from command line to 'False'
[0.336s] Level 5:colcon.colcon_core.verb:set package 'emg_sensor' build argument 'cmake_clean_first' from command line to 'False'
[0.336s] Level 5:colcon.colcon_core.verb:set package 'emg_sensor' build argument 'cmake_force_configure' from command line to 'False'
[0.336s] Level 5:colcon.colcon_core.verb:set package 'emg_sensor' build argument 'ament_cmake_args' from command line to 'None'
[0.336s] Level 5:colcon.colcon_core.verb:set package 'emg_sensor' build argument 'catkin_cmake_args' from command line to 'None'
[0.336s] Level 5:colcon.colcon_core.verb:set package 'emg_sensor' build argument 'catkin_skip_building_tests' from command line to 'False'
[0.336s] DEBUG:colcon.colcon_core.verb:Building package 'emg_sensor' with the following arguments: {'ament_cmake_args': None, 'build_base': '/root/workspace/build/emg_sensor', 'catkin_cmake_args': None, 'catkin_skip_building_tests': False, 'cmake_args': None, 'cmake_clean_cache': False, 'cmake_clean_first': False, 'cmake_force_configure': False, 'cmake_target': None, 'cmake_target_skip_unavailable': False, 'install_base': '/root/workspace/install/emg_sensor', 'merge_install': False, 'path': '/root/workspace/src/emg_sensor', 'symlink_install': False, 'test_result_base': None}
[0.337s] INFO:colcon.colcon_core.executor:Executing jobs using 'parallel' executor
[0.341s] DEBUG:colcon.colcon_parallel_executor.executor.parallel:run_until_complete
[0.342s] INFO:colcon.colcon_ros.task.ament_python.build:Building ROS package in '/root/workspace/src/emg_launch' with build type 'ament_python'
[0.343s] Level 1:colcon.colcon_core.shell:create_environment_hook('emg_launch', 'ament_prefix_path')
[0.347s] INFO:colcon.colcon_core.plugin_system:Skipping extension 'colcon_core.shell.bat': Not used on non-Windows systems
[0.348s] INFO:colcon.colcon_core.shell:Creating environment hook '/root/workspace/install/emg_launch/share/emg_launch/hook/ament_prefix_path.ps1'
[0.349s] INFO:colcon.colcon_core.shell:Creating environment descriptor '/root/workspace/install/emg_launch/share/emg_launch/hook/ament_prefix_path.dsv'
[0.350s] INFO:colcon.colcon_core.shell:Creating environment hook '/root/workspace/install/emg_launch/share/emg_launch/hook/ament_prefix_path.sh'
[0.352s] INFO:colcon.colcon_core.shell:Skip shell extension 'powershell' for command environment: Not usable outside of PowerShell
[0.352s] DEBUG:colcon.colcon_core.shell:Skip shell extension 'dsv' for command environment
[0.363s] INFO:colcon.colcon_ros.task.ament_cmake.build:Building ROS package in '/root/workspace/src/emg_listener' with build type 'ament_cmake'
[0.363s] INFO:colcon.colcon_cmake.task.cmake.build:Building CMake package in '/root/workspace/src/emg_listener'
[0.366s] INFO:colcon.colcon_core.shell:Skip shell extension 'powershell' for command environment: Not usable outside of PowerShell
[0.367s] DEBUG:colcon.colcon_core.shell:Skip shell extension 'dsv' for command environment
[0.381s] INFO:colcon.colcon_ros.task.ament_cmake.build:Building ROS package in '/root/workspace/src/emg_sensor' with build type 'ament_cmake'
[0.381s] INFO:colcon.colcon_cmake.task.cmake.build:Building CMake package in '/root/workspace/src/emg_sensor'
[0.383s] INFO:colcon.colcon_core.shell:Skip shell extension 'powershell' for command environment: Not usable outside of PowerShell
[0.386s] DEBUG:colcon.colcon_core.shell:Skip shell extension 'dsv' for command environment
[0.678s] INFO:colcon.colcon_core.task.python.build:Building Python package in '/root/workspace/src/emg_launch'
[0.680s] INFO:colcon.colcon_core.shell:Skip shell extension 'powershell' for command environment: Not usable outside of PowerShell
[0.680s] DEBUG:colcon.colcon_core.shell:Skip shell extension 'dsv' for command environment
[0.699s] DEBUG:colcon.colcon_core.event_handler.log_command:Invoking command in '/root/workspace/build/emg_listener': CMAKE_PREFIX_PATH=${CMAKE_PREFIX_PATH}:/root/workspace/install/emg_launch:/opt/ros/foxy CONDA_PROMPT_MODIFIER=(myenv) /usr/bin/cmake --build /root/workspace/build/emg_listener -- -j12 -l12
[0.715s] DEBUG:colcon.colcon_core.event_handler.log_command:Invoking command in '/root/workspace/build/emg_sensor': CMAKE_PREFIX_PATH=${CMAKE_PREFIX_PATH}:/root/workspace/install/emg_launch:/opt/ros/foxy CONDA_PROMPT_MODIFIER=(myenv) /usr/bin/cmake --build /root/workspace/build/emg_sensor -- -j12 -l12
[1.101s] DEBUG:colcon.colcon_core.event_handler.log_command:Invoked command in '/root/workspace/build/emg_listener' returned '0': CMAKE_PREFIX_PATH=${CMAKE_PREFIX_PATH}:/root/workspace/install/emg_launch:/opt/ros/foxy CONDA_PROMPT_MODIFIER=(myenv) /usr/bin/cmake --build /root/workspace/build/emg_listener -- -j12 -l12
[1.108s] DEBUG:colcon.colcon_core.event_handler.log_command:Invoked command in '/root/workspace/build/emg_sensor' returned '0': CMAKE_PREFIX_PATH=${CMAKE_PREFIX_PATH}:/root/workspace/install/emg_launch:/opt/ros/foxy CONDA_PROMPT_MODIFIER=(myenv) /usr/bin/cmake --build /root/workspace/build/emg_sensor -- -j12 -l12
[1.134s] DEBUG:colcon.colcon_core.event_handler.log_command:Invoking command in '/root/workspace/src/emg_launch': CONDA_PROMPT_MODIFIER=(myenv) PYTHONPATH=/root/workspace/build/emg_launch/prefix_override:/root/workspace/install/emg_launch/lib/python3.8/site-packages:${PYTHONPATH} /usr/bin/python3 setup.py egg_info --egg-base ../../build/emg_launch build --build-base /root/workspace/build/emg_launch/build install --record /root/workspace/build/emg_launch/install.log --install-scripts $base/lib/emg_launch --single-version-externally-managed
[1.395s] DEBUG:colcon.colcon_core.event_handler.log_command:Invoking command in '/root/workspace/build/emg_listener': CMAKE_PREFIX_PATH=${CMAKE_PREFIX_PATH}:/root/workspace/install/emg_launch:/opt/ros/foxy CONDA_PROMPT_MODIFIER=(myenv) /usr/bin/cmake --install /root/workspace/build/emg_listener
[1.409s] DEBUG:colcon.colcon_core.event_handler.log_command:Invoking command in '/root/workspace/build/emg_sensor': CMAKE_PREFIX_PATH=${CMAKE_PREFIX_PATH}:/root/workspace/install/emg_launch:/opt/ros/foxy CONDA_PROMPT_MODIFIER=(myenv) /usr/bin/cmake --install /root/workspace/build/emg_sensor
[1.463s] Level 1:colcon.colcon_core.environment:create_environment_scripts_only(emg_listener)
[1.475s] Level 1:colcon.colcon_core.environment:checking '/root/workspace/install/emg_listener' for CMake module files
[1.476s] DEBUG:colcon.colcon_core.event_handler.log_command:Invoked command in '/root/workspace/build/emg_listener' returned '0': CMAKE_PREFIX_PATH=${CMAKE_PREFIX_PATH}:/root/workspace/install/emg_launch:/opt/ros/foxy CONDA_PROMPT_MODIFIER=(myenv) /usr/bin/cmake --install /root/workspace/build/emg_listener
[1.477s] Level 1:colcon.colcon_core.environment:checking '/root/workspace/install/emg_listener' for CMake config files
[1.479s] Level 1:colcon.colcon_core.shell:create_environment_hook('emg_listener', 'cmake_prefix_path')
[1.480s] INFO:colcon.colcon_core.shell:Creating environment hook '/root/workspace/install/emg_listener/share/emg_listener/hook/cmake_prefix_path.ps1'
[1.480s] INFO:colcon.colcon_core.shell:Creating environment descriptor '/root/workspace/install/emg_listener/share/emg_listener/hook/cmake_prefix_path.dsv'
[1.481s] INFO:colcon.colcon_core.shell:Creating environment hook '/root/workspace/install/emg_listener/share/emg_listener/hook/cmake_prefix_path.sh'
[1.482s] Level 1:colcon.colcon_core.environment:checking '/root/workspace/install/emg_listener/lib'
[1.482s] Level 1:colcon.colcon_core.environment:checking '/root/workspace/install/emg_listener/bin'
[1.482s] Level 1:colcon.colcon_core.environment:checking '/root/workspace/install/emg_listener/lib/pkgconfig/emg_listener.pc'
[1.482s] Level 1:colcon.colcon_core.environment:checking '/root/workspace/install/emg_listener/lib/python3.8/site-packages'
[1.483s] Level 1:colcon.colcon_core.environment:checking '/root/workspace/install/emg_listener/bin'
[1.484s] INFO:colcon.colcon_core.shell:Creating package script '/root/workspace/install/emg_listener/share/emg_listener/package.ps1'
[1.484s] INFO:colcon.colcon_core.shell:Creating package descriptor '/root/workspace/install/emg_listener/share/emg_listener/package.dsv'
[1.485s] INFO:colcon.colcon_core.shell:Creating package script '/root/workspace/install/emg_listener/share/emg_listener/package.sh'
[1.486s] INFO:colcon.colcon_core.shell:Creating package script '/root/workspace/install/emg_listener/share/emg_listener/package.bash'
[1.487s] INFO:colcon.colcon_core.shell:Creating package script '/root/workspace/install/emg_listener/share/emg_listener/package.zsh'
[1.487s] Level 1:colcon.colcon_core.environment:create_file_with_runtime_dependencies(/root/workspace/install/emg_listener/share/colcon-core/packages/emg_listener)
[1.492s] Level 1:colcon.colcon_core.environment:create_environment_scripts_only(emg_sensor)
[1.493s] Level 1:colcon.colcon_core.environment:checking '/root/workspace/install/emg_sensor' for CMake module files
[1.494s] DEBUG:colcon.colcon_core.event_handler.log_command:Invoked command in '/root/workspace/build/emg_sensor' returned '0': CMAKE_PREFIX_PATH=${CMAKE_PREFIX_PATH}:/root/workspace/install/emg_launch:/opt/ros/foxy CONDA_PROMPT_MODIFIER=(myenv) /usr/bin/cmake --install /root/workspace/build/emg_sensor
[1.495s] Level 1:colcon.colcon_core.environment:checking '/root/workspace/install/emg_sensor' for CMake config files
[1.497s] Level 1:colcon.colcon_core.shell:create_environment_hook('emg_sensor', 'cmake_prefix_path')
[1.498s] INFO:colcon.colcon_core.shell:Creating environment hook '/root/workspace/install/emg_sensor/share/emg_sensor/hook/cmake_prefix_path.ps1'
[1.498s] INFO:colcon.colcon_core.shell:Creating environment descriptor '/root/workspace/install/emg_sensor/share/emg_sensor/hook/cmake_prefix_path.dsv'
[1.499s] INFO:colcon.colcon_core.shell:Creating environment hook '/root/workspace/install/emg_sensor/share/emg_sensor/hook/cmake_prefix_path.sh'
[1.500s] Level 1:colcon.colcon_core.environment:checking '/root/workspace/install/emg_sensor/lib'
[1.500s] Level 1:colcon.colcon_core.environment:checking '/root/workspace/install/emg_sensor/bin'
[1.500s] Level 1:colcon.colcon_core.environment:checking '/root/workspace/install/emg_sensor/lib/pkgconfig/emg_sensor.pc'
[1.500s] Level 1:colcon.colcon_core.environment:checking '/root/workspace/install/emg_sensor/lib/python3.8/site-packages'
[1.500s] Level 1:colcon.colcon_core.environment:checking '/root/workspace/install/emg_sensor/bin'
[1.501s] INFO:colcon.colcon_core.shell:Creating package script '/root/workspace/install/emg_sensor/share/emg_sensor/package.ps1'
[1.502s] INFO:colcon.colcon_core.shell:Creating package descriptor '/root/workspace/install/emg_sensor/share/emg_sensor/package.dsv'
[1.502s] INFO:colcon.colcon_core.shell:Creating package script '/root/workspace/install/emg_sensor/share/emg_sensor/package.sh'
[1.502s] INFO:colcon.colcon_core.shell:Creating package script '/root/workspace/install/emg_sensor/share/emg_sensor/package.bash'
[1.503s] INFO:colcon.colcon_core.shell:Creating package script '/root/workspace/install/emg_sensor/share/emg_sensor/package.zsh'
[1.503s] Level 1:colcon.colcon_core.environment:create_file_with_runtime_dependencies(/root/workspace/install/emg_sensor/share/colcon-core/packages/emg_sensor)
[1.508s] Level 1:colcon.colcon_core.environment:checking '/root/workspace/install/emg_launch' for CMake module files
[1.509s] DEBUG:colcon.colcon_core.event_handler.log_command:Invoked command in '/root/workspace/src/emg_launch' returned '0': CONDA_PROMPT_MODIFIER=(myenv) PYTHONPATH=/root/workspace/build/emg_launch/prefix_override:/root/workspace/install/emg_launch/lib/python3.8/site-packages:${PYTHONPATH} /usr/bin/python3 setup.py egg_info --egg-base ../../build/emg_launch build --build-base /root/workspace/build/emg_launch/build install --record /root/workspace/build/emg_launch/install.log --install-scripts $base/lib/emg_launch --single-version-externally-managed
[1.510s] Level 1:colcon.colcon_core.environment:checking '/root/workspace/install/emg_launch' for CMake config files
[1.513s] Level 1:colcon.colcon_core.environment:checking '/root/workspace/install/emg_launch/lib'
[1.513s] Level 1:colcon.colcon_core.environment:checking '/root/workspace/install/emg_launch/bin'
[1.513s] Level 1:colcon.colcon_core.environment:checking '/root/workspace/install/emg_launch/lib/pkgconfig/emg_launch.pc'
[1.513s] Level 1:colcon.colcon_core.environment:checking '/root/workspace/install/emg_launch/lib/python3.8/site-packages'
[1.513s] Level 1:colcon.colcon_core.shell:create_environment_hook('emg_launch', 'pythonpath')
[1.514s] INFO:colcon.colcon_core.shell:Creating environment hook '/root/workspace/install/emg_launch/share/emg_launch/hook/pythonpath.ps1'
[1.515s] INFO:colcon.colcon_core.shell:Creating environment descriptor '/root/workspace/install/emg_launch/share/emg_launch/hook/pythonpath.dsv'
[1.515s] INFO:colcon.colcon_core.shell:Creating environment hook '/root/workspace/install/emg_launch/share/emg_launch/hook/pythonpath.sh'
[1.516s] Level 1:colcon.colcon_core.environment:checking '/root/workspace/install/emg_launch/bin'
[1.516s] Level 1:colcon.colcon_core.environment:create_environment_scripts_only(emg_launch)
[1.517s] INFO:colcon.colcon_core.shell:Creating package script '/root/workspace/install/emg_launch/share/emg_launch/package.ps1'
[1.518s] INFO:colcon.colcon_core.shell:Creating package descriptor '/root/workspace/install/emg_launch/share/emg_launch/package.dsv'
[1.518s] INFO:colcon.colcon_core.shell:Creating package script '/root/workspace/install/emg_launch/share/emg_launch/package.sh'
[1.519s] INFO:colcon.colcon_core.shell:Creating package script '/root/workspace/install/emg_launch/share/emg_launch/package.bash'
[1.519s] INFO:colcon.colcon_core.shell:Creating package script '/root/workspace/install/emg_launch/share/emg_launch/package.zsh'
[1.520s] Level 1:colcon.colcon_core.environment:create_file_with_runtime_dependencies(/root/workspace/install/emg_launch/share/colcon-core/packages/emg_launch)
[1.743s] Level 1:colcon.colcon_core.environment:create_environment_scripts_only(emg_listener)
[1.746s] Level 1:colcon.colcon_core.environment:checking '/root/workspace/install/emg_listener' for CMake module files
[1.751s] Level 1:colcon.colcon_core.environment:checking '/root/workspace/install/emg_listener' for CMake config files
[1.753s] Level 1:colcon.colcon_core.shell:create_environment_hook('emg_listener', 'cmake_prefix_path')
[1.754s] INFO:colcon.colcon_core.shell:Creating environment hook '/root/workspace/install/emg_listener/share/emg_listener/hook/cmake_prefix_path.ps1'
[1.755s] INFO:colcon.colcon_core.shell:Creating environment descriptor '/root/workspace/install/emg_listener/share/emg_listener/hook/cmake_prefix_path.dsv'
[1.756s] INFO:colcon.colcon_core.shell:Creating environment hook '/root/workspace/install/emg_listener/share/emg_listener/hook/cmake_prefix_path.sh'
[1.760s] Level 1:colcon.colcon_core.environment:checking '/root/workspace/install/emg_listener/lib'
[1.760s] Level 1:colcon.colcon_core.environment:checking '/root/workspace/install/emg_listener/bin'
[1.760s] Level 1:colcon.colcon_core.environment:checking '/root/workspace/install/emg_listener/lib/pkgconfig/emg_listener.pc'
[1.760s] Level 1:colcon.colcon_core.environment:checking '/root/workspace/install/emg_listener/lib/python3.8/site-packages'
[1.760s] Level 1:colcon.colcon_core.environment:checking '/root/workspace/install/emg_listener/bin'
[1.761s] INFO:colcon.colcon_core.shell:Creating package script '/root/workspace/install/emg_listener/share/emg_listener/package.ps1'
[1.762s] INFO:colcon.colcon_core.shell:Creating package descriptor '/root/workspace/install/emg_listener/share/emg_listener/package.dsv'
[1.762s] INFO:colcon.colcon_core.shell:Creating package script '/root/workspace/install/emg_listener/share/emg_listener/package.sh'
[1.763s] INFO:colcon.colcon_core.shell:Creating package script '/root/workspace/install/emg_listener/share/emg_listener/package.bash'
[1.763s] INFO:colcon.colcon_core.shell:Creating package script '/root/workspace/install/emg_listener/share/emg_listener/package.zsh'
[1.764s] Level 1:colcon.colcon_core.environment:create_file_with_runtime_dependencies(/root/workspace/install/emg_listener/share/colcon-core/packages/emg_listener)
[1.765s] Level 1:colcon.colcon_core.environment:create_environment_scripts_only(emg_sensor)
[1.767s] Level 1:colcon.colcon_core.environment:checking '/root/workspace/install/emg_sensor' for CMake module files
[1.769s] Level 1:colcon.colcon_core.environment:checking '/root/workspace/install/emg_sensor' for CMake config files
[1.769s] Level 1:colcon.colcon_core.shell:create_environment_hook('emg_sensor', 'cmake_prefix_path')
[1.770s] INFO:colcon.colcon_core.shell:Creating environment hook '/root/workspace/install/emg_sensor/share/emg_sensor/hook/cmake_prefix_path.ps1'
[1.771s] INFO:colcon.colcon_core.shell:Creating environment descriptor '/root/workspace/install/emg_sensor/share/emg_sensor/hook/cmake_prefix_path.dsv'
[1.771s] INFO:colcon.colcon_core.shell:Creating environment hook '/root/workspace/install/emg_sensor/share/emg_sensor/hook/cmake_prefix_path.sh'
[1.772s] Level 1:colcon.colcon_core.environment:checking '/root/workspace/install/emg_sensor/lib'
[1.772s] Level 1:colcon.colcon_core.environment:checking '/root/workspace/install/emg_sensor/bin'
[1.772s] Level 1:colcon.colcon_core.environment:checking '/root/workspace/install/emg_sensor/lib/pkgconfig/emg_sensor.pc'
[1.772s] Level 1:colcon.colcon_core.environment:checking '/root/workspace/install/emg_sensor/lib/python3.8/site-packages'
[1.772s] Level 1:colcon.colcon_core.environment:checking '/root/workspace/install/emg_sensor/bin'
[1.773s] INFO:colcon.colcon_core.shell:Creating package script '/root/workspace/install/emg_sensor/share/emg_sensor/package.ps1'
[1.774s] INFO:colcon.colcon_core.shell:Creating package descriptor '/root/workspace/install/emg_sensor/share/emg_sensor/package.dsv'
[1.774s] INFO:colcon.colcon_core.shell:Creating package script '/root/workspace/install/emg_sensor/share/emg_sensor/package.sh'
[1.774s] INFO:colcon.colcon_core.shell:Creating package script '/root/workspace/install/emg_sensor/share/emg_sensor/package.bash'
[1.775s] INFO:colcon.colcon_core.shell:Creating package script '/root/workspace/install/emg_sensor/share/emg_sensor/package.zsh'
[1.775s] Level 1:colcon.colcon_core.environment:create_file_with_runtime_dependencies(/root/workspace/install/emg_sensor/share/colcon-core/packages/emg_sensor)
[1.776s] DEBUG:colcon.colcon_parallel_executor.executor.parallel:closing loop
[1.776s] DEBUG:colcon.colcon_parallel_executor.executor.parallel:loop closed
[1.776s] DEBUG:colcon.colcon_parallel_executor.executor.parallel:run_until_complete finished with '0'
[1.777s] DEBUG:colcon.colcon_core.event_reactor:joining thread
[1.783s] INFO:colcon.colcon_core.plugin_system:Skipping extension 'colcon_notification.desktop_notification.notify_send': Could not find 'notify-send'
[1.783s] INFO:colcon.colcon_core.plugin_system:Skipping extension 'colcon_notification.desktop_notification.terminal_notifier': Not used on non-Darwin systems
[1.783s] INFO:colcon.colcon_core.plugin_system:Skipping extension 'colcon_notification.desktop_notification.win32': Not used on non-Windows systems
[1.783s] INFO:colcon.colcon_notification.desktop_notification:Sending desktop notification using 'notify2'
[1.784s] DEBUG:colcon.colcon_notification.desktop_notification.notify2:Failed to initialize notify2: org.freedesktop.DBus.Error.NotSupported: Unable to autolaunch a dbus-daemon without a $DISPLAY for X11
[1.784s] DEBUG:colcon.colcon_core.event_reactor:joined thread
[1.785s] INFO:colcon.colcon_core.shell:Creating prefix script '/root/workspace/install/local_setup.ps1'
[1.787s] INFO:colcon.colcon_core.shell:Creating prefix util module '/root/workspace/install/_local_setup_util_ps1.py'
[1.788s] INFO:colcon.colcon_core.shell:Creating prefix chain script '/root/workspace/install/setup.ps1'
[1.790s] INFO:colcon.colcon_core.shell:Creating prefix script '/root/workspace/install/local_setup.sh'
[1.791s] INFO:colcon.colcon_core.shell:Creating prefix util module '/root/workspace/install/_local_setup_util_sh.py'
[1.791s] INFO:colcon.colcon_core.shell:Creating prefix chain script '/root/workspace/install/setup.sh'
[1.793s] INFO:colcon.colcon_core.shell:Creating prefix script '/root/workspace/install/local_setup.bash'
[1.793s] INFO:colcon.colcon_core.shell:Creating prefix chain script '/root/workspace/install/setup.bash'
[1.795s] INFO:colcon.colcon_core.shell:Creating prefix script '/root/workspace/install/local_setup.zsh'
[1.796s] INFO:colcon.colcon_core.shell:Creating prefix chain script '/root/workspace/install/setup.zsh'
