[0.762s] Invoking command in '/root/workspace/src/emg_launch': CONDA_PROMPT_MODIFIER=(myenv) PYTHONPATH=/root/workspace/build/emg_launch/prefix_override:/root/workspace/install/emg_launch/lib/python3.8/site-packages:${PYTHONPATH} /usr/bin/python3 setup.py egg_info --egg-base ../../build/emg_launch build --build-base /root/workspace/build/emg_launch/build install --record /root/workspace/build/emg_launch/install.log --install-scripts $base/lib/emg_launch --single-version-externally-managed
[0.995s] running egg_info
[0.999s] writing ../../build/emg_launch/emg_launch.egg-info/PKG-INFO
[1.000s] writing dependency_links to ../../build/emg_launch/emg_launch.egg-info/dependency_links.txt
[1.000s] writing entry points to ../../build/emg_launch/emg_launch.egg-info/entry_points.txt
[1.001s] writing requirements to ../../build/emg_launch/emg_launch.egg-info/requires.txt
[1.001s] writing top-level names to ../../build/emg_launch/emg_launch.egg-info/top_level.txt
[1.036s] reading manifest file '../../build/emg_launch/emg_launch.egg-info/SOURCES.txt'
[1.039s] writing manifest file '../../build/emg_launch/emg_launch.egg-info/SOURCES.txt'
[1.040s] running build
[1.040s] running build_py
[1.041s] running install
[1.042s] running install_lib
[1.043s] running install_data
[1.044s] running install_egg_info
[1.044s] removing '/root/workspace/install/emg_launch/lib/python3.8/site-packages/emg_launch-0.0.0-py3.8.egg-info' (and everything under it)
[1.046s] Copying ../../build/emg_launch/emg_launch.egg-info to /root/workspace/install/emg_launch/lib/python3.8/site-packages/emg_launch-0.0.0-py3.8.egg-info
[1.055s] running install_scripts
[1.071s] writing list of installed files to '/root/workspace/build/emg_launch/install.log'
[1.092s] Invoked command in '/root/workspace/src/emg_launch' returned '0': CONDA_PROMPT_MODIFIER=(myenv) PYTHONPATH=/root/workspace/build/emg_launch/prefix_override:/root/workspace/install/emg_launch/lib/python3.8/site-packages:${PYTHONPATH} /usr/bin/python3 setup.py egg_info --egg-base ../../build/emg_launch build --build-base /root/workspace/build/emg_launch/build install --record /root/workspace/build/emg_launch/install.log --install-scripts $base/lib/emg_launch --single-version-externally-managed
