[0.763s] Invoking command in '/root/workspace/src/emg_launch': CONDA_PROMPT_MODIFIER=(myenv) PYTHONPATH=/root/workspace/build/emg_launch/prefix_override:/root/workspace/install/emg_launch/lib/python3.8/site-packages:${PYTHONPATH} /usr/bin/python3 setup.py egg_info --egg-base ../../build/emg_launch build --build-base /root/workspace/build/emg_launch/build install --record /root/workspace/build/emg_launch/install.log --install-scripts $base/lib/emg_launch --single-version-externally-managed
[1.008s] running egg_info
[1.008s] writing ../../build/emg_launch/emg_launch.egg-info/PKG-INFO
[1.009s] writing dependency_links to ../../build/emg_launch/emg_launch.egg-info/dependency_links.txt
[1.010s] writing entry points to ../../build/emg_launch/emg_launch.egg-info/entry_points.txt
[1.010s] writing requirements to ../../build/emg_launch/emg_launch.egg-info/requires.txt
[1.011s] writing top-level names to ../../build/emg_launch/emg_launch.egg-info/top_level.txt
[1.047s] reading manifest file '../../build/emg_launch/emg_launch.egg-info/SOURCES.txt'
[1.048s] writing manifest file '../../build/emg_launch/emg_launch.egg-info/SOURCES.txt'
[1.048s] running build
[1.049s] running build_py
[1.050s] running install
[1.051s] running install_lib
[1.052s] running install_data
[1.054s] running install_egg_info
[1.054s] removing '/root/workspace/install/emg_launch/lib/python3.8/site-packages/emg_launch-0.0.0-py3.8.egg-info' (and everything under it)
[1.055s] Copying ../../build/emg_launch/emg_launch.egg-info to /root/workspace/install/emg_launch/lib/python3.8/site-packages/emg_launch-0.0.0-py3.8.egg-info
[1.063s] running install_scripts
[1.082s] writing list of installed files to '/root/workspace/build/emg_launch/install.log'
[1.103s] Invoked command in '/root/workspace/src/emg_launch' returned '0': CONDA_PROMPT_MODIFIER=(myenv) PYTHONPATH=/root/workspace/build/emg_launch/prefix_override:/root/workspace/install/emg_launch/lib/python3.8/site-packages:${PYTHONPATH} /usr/bin/python3 setup.py egg_info --egg-base ../../build/emg_launch build --build-base /root/workspace/build/emg_launch/build install --record /root/workspace/build/emg_launch/install.log --install-scripts $base/lib/emg_launch --single-version-externally-managed
