[0.222s] DEBUG:colcon:Command line arguments: ['/usr/bin/colcon', 'build', '--packages-select', 'emg_sensor']
[0.223s] DEBUG:colcon:Parsed command line arguments: Namespace(ament_cmake_args=None, base_paths=['.'], build_base='build', catkin_cmake_args=None, catkin_skip_building_tests=False, cmake_args=None, cmake_clean_cache=False, cmake_clean_first=False, cmake_force_configure=False, cmake_target=None, cmake_target_skip_unavailable=False, continue_on_error=False, event_handlers=None, executor='parallel', ignore_user_meta=False, install_base='install', log_base=None, log_level=None, main=<bound method BuildVerb.main of <colcon_core.verb.build.BuildVerb object at 0x7ffffe2c06a0>>, merge_install=False, metas=['./colcon.meta'], mixin=None, mixin_files=None, mixin_verb=('build',), packages_above=None, packages_above_and_dependencies=None, packages_above_depth=None, packages_end=None, packages_ignore=None, packages_ignore_regex=None, packages_select=['emg_sensor'], packages_select_build_failed=False, packages_select_by_dep=None, packages_select_regex=None, packages_select_test_failures=False, packages_skip=None, packages_skip_build_finished=False, packages_skip_by_dep=None, packages_skip_regex=None, packages_skip_test_passed=False, packages_skip_up_to=None, packages_start=None, packages_up_to=None, packages_up_to_regex=None, parallel_workers=12, paths=None, symlink_install=False, test_result_base=None, verb_extension=<colcon_core.verb.build.BuildVerb object at 0x7ffffe2c06a0>, verb_name='build', verb_parser=<colcon_mixin.mixin.mixin_argument.MixinArgumentDecorator object at 0x7ffffe2c0d00>)
[0.245s] Level 1:colcon.colcon_core.package_discovery:discover_packages(colcon_meta) check parameters
[0.245s] INFO:colcon.colcon_metadata.package_discovery.colcon_meta:Using configuration from '/root/.colcon/metadata/default/Gazebo.meta'
[0.246s] INFO:colcon.colcon_metadata.package_discovery.colcon_meta:Using configuration from '/root/.colcon/metadata/default/fastrtps.meta'
[0.246s] Level 1:colcon.colcon_core.package_discovery:discover_packages(recursive) check parameters
[0.246s] Level 1:colcon.colcon_core.package_discovery:discover_packages(ignore) check parameters
[0.246s] Level 1:colcon.colcon_core.package_discovery:discover_packages(path) check parameters
[0.246s] Level 1:colcon.colcon_core.package_discovery:discover_packages(colcon_meta) discover
[0.246s] Level 1:colcon.colcon_core.package_discovery:discover_packages(recursive) discover
[0.246s] INFO:colcon.colcon_core.package_discovery:Crawling recursively for packages in '/root/workspace/src'
[0.247s] Level 1:colcon.colcon_core.package_identification:_identify(.) by extensions ['ignore', 'ignore_ament_install']
[0.247s] Level 1:colcon.colcon_core.package_identification:_identify(.) by extension 'ignore'
[0.247s] Level 1:colcon.colcon_core.package_identification:_identify(.) by extension 'ignore_ament_install'
[0.247s] Level 1:colcon.colcon_core.package_identification:_identify(.) by extensions ['colcon_pkg']
[0.247s] Level 1:colcon.colcon_core.package_identification:_identify(.) by extension 'colcon_pkg'
[0.247s] Level 1:colcon.colcon_core.package_identification:_identify(.) by extensions ['colcon_meta']
[0.247s] Level 1:colcon.colcon_core.package_identification:_identify(.) by extension 'colcon_meta'
[0.248s] Level 1:colcon.colcon_core.package_identification:_identify(.) by extensions ['ros']
[0.248s] Level 1:colcon.colcon_core.package_identification:_identify(.) by extension 'ros'
[0.261s] Level 1:colcon.colcon_core.package_identification:_identify(.) by extensions ['cmake', 'python']
[0.261s] Level 1:colcon.colcon_core.package_identification:_identify(.) by extension 'cmake'
[0.261s] Level 1:colcon.colcon_core.package_identification:_identify(.) by extension 'python'
[0.261s] Level 1:colcon.colcon_core.package_identification:_identify(.) by extensions ['python_setup_py']
[0.261s] Level 1:colcon.colcon_core.package_identification:_identify(.) by extension 'python_setup_py'
[0.261s] Level 1:colcon.colcon_core.package_identification:_identify(build) by extensions ['ignore', 'ignore_ament_install']
[0.262s] Level 1:colcon.colcon_core.package_identification:_identify(build) by extension 'ignore'
[0.262s] Level 1:colcon.colcon_core.package_identification:_identify(build) ignored
[0.262s] Level 1:colcon.colcon_core.package_identification:_identify(emg_listener) by extensions ['ignore', 'ignore_ament_install']
[0.262s] Level 1:colcon.colcon_core.package_identification:_identify(emg_listener) by extension 'ignore'
[0.262s] Level 1:colcon.colcon_core.package_identification:_identify(emg_listener) by extension 'ignore_ament_install'
[0.262s] Level 1:colcon.colcon_core.package_identification:_identify(emg_listener) by extensions ['colcon_pkg']
[0.262s] Level 1:colcon.colcon_core.package_identification:_identify(emg_listener) by extension 'colcon_pkg'
[0.262s] Level 1:colcon.colcon_core.package_identification:_identify(emg_listener) by extensions ['colcon_meta']
[0.262s] Level 1:colcon.colcon_core.package_identification:_identify(emg_listener) by extension 'colcon_meta'
[0.262s] Level 1:colcon.colcon_core.package_identification:_identify(emg_listener) by extensions ['ros']
[0.262s] Level 1:colcon.colcon_core.package_identification:_identify(emg_listener) by extension 'ros'
[0.267s] DEBUG:colcon.colcon_core.package_identification:Package 'emg_listener' with type 'ros.ament_cmake' and name 'emg_listener'
[0.267s] Level 1:colcon.colcon_core.package_identification:_identify(emg_sensor) by extensions ['ignore', 'ignore_ament_install']
[0.267s] Level 1:colcon.colcon_core.package_identification:_identify(emg_sensor) by extension 'ignore'
[0.268s] Level 1:colcon.colcon_core.package_identification:_identify(emg_sensor) by extension 'ignore_ament_install'
[0.268s] Level 1:colcon.colcon_core.package_identification:_identify(emg_sensor) by extensions ['colcon_pkg']
[0.268s] Level 1:colcon.colcon_core.package_identification:_identify(emg_sensor) by extension 'colcon_pkg'
[0.268s] Level 1:colcon.colcon_core.package_identification:_identify(emg_sensor) by extensions ['colcon_meta']
[0.268s] Level 1:colcon.colcon_core.package_identification:_identify(emg_sensor) by extension 'colcon_meta'
[0.268s] Level 1:colcon.colcon_core.package_identification:_identify(emg_sensor) by extensions ['ros']
[0.268s] Level 1:colcon.colcon_core.package_identification:_identify(emg_sensor) by extension 'ros'
[0.269s] DEBUG:colcon.colcon_core.package_identification:Package 'emg_sensor' with type 'ros.ament_cmake' and name 'emg_sensor'
[0.269s] Level 1:colcon.colcon_core.package_identification:_identify(install) by extensions ['ignore', 'ignore_ament_install']
[0.269s] Level 1:colcon.colcon_core.package_identification:_identify(install) by extension 'ignore'
[0.269s] Level 1:colcon.colcon_core.package_identification:_identify(install) ignored
[0.270s] Level 1:colcon.colcon_core.package_identification:_identify(log) by extensions ['ignore', 'ignore_ament_install']
[0.270s] Level 1:colcon.colcon_core.package_identification:_identify(log) by extension 'ignore'
[0.270s] Level 1:colcon.colcon_core.package_identification:_identify(log) ignored
[0.270s] Level 1:colcon.colcon_core.package_discovery:discover_packages(recursive) using defaults
[0.270s] Level 1:colcon.colcon_core.package_discovery:discover_packages(ignore) discover
[0.270s] Level 1:colcon.colcon_core.package_discovery:discover_packages(ignore) using defaults
[0.270s] Level 1:colcon.colcon_core.package_discovery:discover_packages(path) discover
[0.270s] Level 1:colcon.colcon_core.package_discovery:discover_packages(path) using defaults
[0.284s] INFO:colcon.colcon_core.package_selection:Skipping not selected package 'emg_listener' in 'emg_listener'
[0.285s] Level 5:colcon.colcon_core.verb:set package 'emg_sensor' build argument 'cmake_args' from command line to 'None'
[0.285s] Level 5:colcon.colcon_core.verb:set package 'emg_sensor' build argument 'cmake_target' from command line to 'None'
[0.285s] Level 5:colcon.colcon_core.verb:set package 'emg_sensor' build argument 'cmake_target_skip_unavailable' from command line to 'False'
[0.285s] Level 5:colcon.colcon_core.verb:set package 'emg_sensor' build argument 'cmake_clean_cache' from command line to 'False'
[0.285s] Level 5:colcon.colcon_core.verb:set package 'emg_sensor' build argument 'cmake_clean_first' from command line to 'False'
[0.285s] Level 5:colcon.colcon_core.verb:set package 'emg_sensor' build argument 'cmake_force_configure' from command line to 'False'
[0.285s] Level 5:colcon.colcon_core.verb:set package 'emg_sensor' build argument 'ament_cmake_args' from command line to 'None'
[0.285s] Level 5:colcon.colcon_core.verb:set package 'emg_sensor' build argument 'catkin_cmake_args' from command line to 'None'
[0.285s] Level 5:colcon.colcon_core.verb:set package 'emg_sensor' build argument 'catkin_skip_building_tests' from command line to 'False'
[0.285s] DEBUG:colcon.colcon_core.verb:Building package 'emg_sensor' with the following arguments: {'ament_cmake_args': None, 'build_base': '/root/workspace/src/build/emg_sensor', 'catkin_cmake_args': None, 'catkin_skip_building_tests': False, 'cmake_args': None, 'cmake_clean_cache': False, 'cmake_clean_first': False, 'cmake_force_configure': False, 'cmake_target': None, 'cmake_target_skip_unavailable': False, 'install_base': '/root/workspace/src/install/emg_sensor', 'merge_install': False, 'path': '/root/workspace/src/emg_sensor', 'symlink_install': False, 'test_result_base': None}
[0.286s] INFO:colcon.colcon_core.executor:Executing jobs using 'parallel' executor
[0.290s] DEBUG:colcon.colcon_parallel_executor.executor.parallel:run_until_complete
[0.291s] INFO:colcon.colcon_ros.task.ament_cmake.build:Building ROS package in '/root/workspace/src/emg_sensor' with build type 'ament_cmake'
[0.291s] INFO:colcon.colcon_cmake.task.cmake.build:Building CMake package in '/root/workspace/src/emg_sensor'
[0.295s] INFO:colcon.colcon_core.plugin_system:Skipping extension 'colcon_core.shell.bat': Not used on non-Windows systems
[0.296s] INFO:colcon.colcon_core.shell:Skip shell extension 'powershell' for command environment: Not usable outside of PowerShell
[0.296s] DEBUG:colcon.colcon_core.shell:Skip shell extension 'dsv' for command environment
[0.340s] DEBUG:colcon.colcon_core.event_handler.log_command:Invoking command in '/root/workspace/src/build/emg_sensor': CMAKE_PREFIX_PATH=/opt/ros/foxy CONDA_PROMPT_MODIFIER=(myenv) /usr/bin/cmake --build /root/workspace/src/build/emg_sensor -- -j12 -l12
[3.866s] DEBUG:colcon.colcon_core.event_handler.log_command:Invoked command in '/root/workspace/src/build/emg_sensor' returned '0': CMAKE_PREFIX_PATH=/opt/ros/foxy CONDA_PROMPT_MODIFIER=(myenv) /usr/bin/cmake --build /root/workspace/src/build/emg_sensor -- -j12 -l12
[4.141s] DEBUG:colcon.colcon_core.event_handler.log_command:Invoking command in '/root/workspace/src/build/emg_sensor': CMAKE_PREFIX_PATH=/opt/ros/foxy CONDA_PROMPT_MODIFIER=(myenv) /usr/bin/cmake --install /root/workspace/src/build/emg_sensor
[4.212s] Level 1:colcon.colcon_core.environment:create_environment_scripts_only(emg_sensor)
[4.216s] DEBUG:colcon.colcon_core.event_handler.log_command:Invoked command in '/root/workspace/src/build/emg_sensor' returned '0': CMAKE_PREFIX_PATH=/opt/ros/foxy CONDA_PROMPT_MODIFIER=(myenv) /usr/bin/cmake --install /root/workspace/src/build/emg_sensor
[4.218s] Level 1:colcon.colcon_core.environment:checking '/root/workspace/src/install/emg_sensor' for CMake module files
[4.219s] Level 1:colcon.colcon_core.environment:checking '/root/workspace/src/install/emg_sensor' for CMake config files
[4.220s] Level 1:colcon.colcon_core.shell:create_environment_hook('emg_sensor', 'cmake_prefix_path')
[4.221s] INFO:colcon.colcon_core.shell:Creating environment hook '/root/workspace/src/install/emg_sensor/share/emg_sensor/hook/cmake_prefix_path.ps1'
[4.223s] INFO:colcon.colcon_core.shell:Creating environment descriptor '/root/workspace/src/install/emg_sensor/share/emg_sensor/hook/cmake_prefix_path.dsv'
[4.224s] INFO:colcon.colcon_core.shell:Creating environment hook '/root/workspace/src/install/emg_sensor/share/emg_sensor/hook/cmake_prefix_path.sh'
[4.225s] Level 1:colcon.colcon_core.environment:checking '/root/workspace/src/install/emg_sensor/lib'
[4.225s] Level 1:colcon.colcon_core.environment:checking '/root/workspace/src/install/emg_sensor/bin'
[4.226s] Level 1:colcon.colcon_core.environment:checking '/root/workspace/src/install/emg_sensor/lib/pkgconfig/emg_sensor.pc'
[4.226s] Level 1:colcon.colcon_core.environment:checking '/root/workspace/src/install/emg_sensor/lib/python3.8/site-packages'
[4.227s] Level 1:colcon.colcon_core.environment:checking '/root/workspace/src/install/emg_sensor/bin'
[4.228s] INFO:colcon.colcon_core.shell:Creating package script '/root/workspace/src/install/emg_sensor/share/emg_sensor/package.ps1'
[4.229s] INFO:colcon.colcon_core.shell:Creating package descriptor '/root/workspace/src/install/emg_sensor/share/emg_sensor/package.dsv'
[4.229s] INFO:colcon.colcon_core.shell:Creating package script '/root/workspace/src/install/emg_sensor/share/emg_sensor/package.sh'
[4.230s] INFO:colcon.colcon_core.shell:Creating package script '/root/workspace/src/install/emg_sensor/share/emg_sensor/package.bash'
[4.230s] INFO:colcon.colcon_core.shell:Creating package script '/root/workspace/src/install/emg_sensor/share/emg_sensor/package.zsh'
[4.231s] Level 1:colcon.colcon_core.environment:create_file_with_runtime_dependencies(/root/workspace/src/install/emg_sensor/share/colcon-core/packages/emg_sensor)
[4.504s] Level 1:colcon.colcon_core.environment:create_environment_scripts_only(emg_sensor)
[4.506s] Level 1:colcon.colcon_core.environment:checking '/root/workspace/src/install/emg_sensor' for CMake module files
[4.508s] Level 1:colcon.colcon_core.environment:checking '/root/workspace/src/install/emg_sensor' for CMake config files
[4.508s] Level 1:colcon.colcon_core.shell:create_environment_hook('emg_sensor', 'cmake_prefix_path')
[4.510s] INFO:colcon.colcon_core.shell:Creating environment hook '/root/workspace/src/install/emg_sensor/share/emg_sensor/hook/cmake_prefix_path.ps1'
[4.510s] INFO:colcon.colcon_core.shell:Creating environment descriptor '/root/workspace/src/install/emg_sensor/share/emg_sensor/hook/cmake_prefix_path.dsv'
[4.511s] INFO:colcon.colcon_core.shell:Creating environment hook '/root/workspace/src/install/emg_sensor/share/emg_sensor/hook/cmake_prefix_path.sh'
[4.512s] Level 1:colcon.colcon_core.environment:checking '/root/workspace/src/install/emg_sensor/lib'
[4.512s] Level 1:colcon.colcon_core.environment:checking '/root/workspace/src/install/emg_sensor/bin'
[4.512s] Level 1:colcon.colcon_core.environment:checking '/root/workspace/src/install/emg_sensor/lib/pkgconfig/emg_sensor.pc'
[4.512s] Level 1:colcon.colcon_core.environment:checking '/root/workspace/src/install/emg_sensor/lib/python3.8/site-packages'
[4.512s] Level 1:colcon.colcon_core.environment:checking '/root/workspace/src/install/emg_sensor/bin'
[4.513s] INFO:colcon.colcon_core.shell:Creating package script '/root/workspace/src/install/emg_sensor/share/emg_sensor/package.ps1'
[4.514s] INFO:colcon.colcon_core.shell:Creating package descriptor '/root/workspace/src/install/emg_sensor/share/emg_sensor/package.dsv'
[4.514s] INFO:colcon.colcon_core.shell:Creating package script '/root/workspace/src/install/emg_sensor/share/emg_sensor/package.sh'
[4.515s] INFO:colcon.colcon_core.shell:Creating package script '/root/workspace/src/install/emg_sensor/share/emg_sensor/package.bash'
[4.515s] INFO:colcon.colcon_core.shell:Creating package script '/root/workspace/src/install/emg_sensor/share/emg_sensor/package.zsh'
[4.516s] Level 1:colcon.colcon_core.environment:create_file_with_runtime_dependencies(/root/workspace/src/install/emg_sensor/share/colcon-core/packages/emg_sensor)
[4.516s] DEBUG:colcon.colcon_parallel_executor.executor.parallel:closing loop
[4.517s] DEBUG:colcon.colcon_parallel_executor.executor.parallel:loop closed
[4.517s] DEBUG:colcon.colcon_parallel_executor.executor.parallel:run_until_complete finished with '0'
[4.517s] DEBUG:colcon.colcon_core.event_reactor:joining thread
[4.524s] INFO:colcon.colcon_core.plugin_system:Skipping extension 'colcon_notification.desktop_notification.notify_send': Could not find 'notify-send'
[4.524s] INFO:colcon.colcon_core.plugin_system:Skipping extension 'colcon_notification.desktop_notification.terminal_notifier': Not used on non-Darwin systems
[4.525s] INFO:colcon.colcon_core.plugin_system:Skipping extension 'colcon_notification.desktop_notification.win32': Not used on non-Windows systems
[4.525s] INFO:colcon.colcon_notification.desktop_notification:Sending desktop notification using 'notify2'
[4.526s] DEBUG:colcon.colcon_notification.desktop_notification.notify2:Failed to initialize notify2: org.freedesktop.DBus.Error.NotSupported: Unable to autolaunch a dbus-daemon without a $DISPLAY for X11
[4.526s] DEBUG:colcon.colcon_core.event_reactor:joined thread
[4.527s] INFO:colcon.colcon_core.shell:Creating prefix script '/root/workspace/src/install/local_setup.ps1'
[4.529s] INFO:colcon.colcon_core.shell:Creating prefix util module '/root/workspace/src/install/_local_setup_util_ps1.py'
[4.531s] INFO:colcon.colcon_core.shell:Creating prefix chain script '/root/workspace/src/install/setup.ps1'
[4.533s] INFO:colcon.colcon_core.shell:Creating prefix script '/root/workspace/src/install/local_setup.sh'
[4.533s] INFO:colcon.colcon_core.shell:Creating prefix util module '/root/workspace/src/install/_local_setup_util_sh.py'
[4.534s] INFO:colcon.colcon_core.shell:Creating prefix chain script '/root/workspace/src/install/setup.sh'
[4.535s] INFO:colcon.colcon_core.shell:Creating prefix script '/root/workspace/src/install/local_setup.bash'
[4.536s] INFO:colcon.colcon_core.shell:Creating prefix chain script '/root/workspace/src/install/setup.bash'
[4.537s] INFO:colcon.colcon_core.shell:Creating prefix script '/root/workspace/src/install/local_setup.zsh'
[4.537s] INFO:colcon.colcon_core.shell:Creating prefix chain script '/root/workspace/src/install/setup.zsh'
