[0.042s] Invoking command in '/root/workspace/src/build/emg_listener': CMAKE_PREFIX_PATH=/opt/ros/foxy CONDA_PROMPT_MODIFIER=(myenv) /usr/bin/cmake --build /root/workspace/src/build/emg_listener -- -j12 -l12
[0.376s] [100%] Built target emg_listener_node
[0.417s] Invoked command in '/root/workspace/src/build/emg_listener' returned '0': CMAKE_PREFIX_PATH=/opt/ros/foxy CONDA_PROMPT_MODIFIER=(myenv) /usr/bin/cmake --build /root/workspace/src/build/emg_listener -- -j12 -l12
[0.715s] Invoking command in '/root/workspace/src/build/emg_listener': CMAKE_PREFIX_PATH=/opt/ros/foxy CONDA_PROMPT_MODIFIER=(myenv) /usr/bin/cmake --install /root/workspace/src/build/emg_listener
[0.759s] -- Install configuration: ""
[0.762s] -- Up-to-date: /root/workspace/src/install/emg_listener/lib/emg_listener/emg_listener_node
[0.764s] -- Up-to-date: /root/workspace/src/install/emg_listener/share/ament_index/resource_index/package_run_dependencies/emg_listener
[0.768s] -- Up-to-date: /root/workspace/src/install/emg_listener/share/ament_index/resource_index/parent_prefix_path/emg_listener
[0.770s] -- Up-to-date: /root/workspace/src/install/emg_listener/share/emg_listener/environment/ament_prefix_path.sh
[0.772s] -- Up-to-date: /root/workspace/src/install/emg_listener/share/emg_listener/environment/ament_prefix_path.dsv
[0.772s] -- Up-to-date: /root/workspace/src/install/emg_listener/share/emg_listener/environment/path.sh
[0.773s] -- Up-to-date: /root/workspace/src/install/emg_listener/share/emg_listener/environment/path.dsv
[0.778s] -- Up-to-date: /root/workspace/src/install/emg_listener/share/emg_listener/local_setup.bash
[0.778s] -- Up-to-date: /root/workspace/src/install/emg_listener/share/emg_listener/local_setup.sh
[0.778s] -- Up-to-date: /root/workspace/src/install/emg_listener/share/emg_listener/local_setup.zsh
[0.779s] -- Up-to-date: /root/workspace/src/install/emg_listener/share/emg_listener/local_setup.dsv
[0.779s] -- Installing: /root/workspace/src/install/emg_listener/share/emg_listener/package.dsv
[0.780s] -- Up-to-date: /root/workspace/src/install/emg_listener/share/ament_index/resource_index/packages/emg_listener
[0.780s] -- Up-to-date: /root/workspace/src/install/emg_listener/share/emg_listener/cmake/emg_listenerConfig.cmake
[0.780s] -- Up-to-date: /root/workspace/src/install/emg_listener/share/emg_listener/cmake/emg_listenerConfig-version.cmake
[0.780s] -- Up-to-date: /root/workspace/src/install/emg_listener/share/emg_listener/package.xml
[0.799s] Invoked command in '/root/workspace/src/build/emg_listener' returned '0': CMAKE_PREFIX_PATH=/opt/ros/foxy CONDA_PROMPT_MODIFIER=(myenv) /usr/bin/cmake --install /root/workspace/src/build/emg_listener
