[0.816s] Invoking command in '/root/workspace/src/emg_launch': CONDA_PROMPT_MODIFIER=(myenv) PYTHONPATH=/root/workspace/build/emg_launch/prefix_override:/root/workspace/install/emg_launch/lib/python3.8/site-packages:${PYTHONPATH} /usr/bin/python3 setup.py egg_info --egg-base ../../build/emg_launch build --build-base /root/workspace/build/emg_launch/build install --record /root/workspace/build/emg_launch/install.log --install-scripts $base/lib/emg_launch --single-version-externally-managed
[1.055s] running egg_info
[1.056s] creating ../../build/emg_launch/emg_launch.egg-info
[1.056s] writing ../../build/emg_launch/emg_launch.egg-info/PKG-INFO
[1.059s] writing dependency_links to ../../build/emg_launch/emg_launch.egg-info/dependency_links.txt
[1.060s] writing entry points to ../../build/emg_launch/emg_launch.egg-info/entry_points.txt
[1.063s] writing requirements to ../../build/emg_launch/emg_launch.egg-info/requires.txt
[1.064s] writing top-level names to ../../build/emg_launch/emg_launch.egg-info/top_level.txt
[1.069s] writing manifest file '../../build/emg_launch/emg_launch.egg-info/SOURCES.txt'
[1.101s] reading manifest file '../../build/emg_launch/emg_launch.egg-info/SOURCES.txt'
[1.101s] writing manifest file '../../build/emg_launch/emg_launch.egg-info/SOURCES.txt'
[1.102s] running build
[1.103s] running build_py
[1.103s] creating /root/workspace/build/emg_launch/build
[1.103s] creating /root/workspace/build/emg_launch/build/lib
[1.104s] creating /root/workspace/build/emg_launch/build/lib/emg_launch
[1.106s] copying emg_launch/__init__.py -> /root/workspace/build/emg_launch/build/lib/emg_launch
[1.106s] running install
[1.107s] running install_lib
[1.109s] creating /root/workspace/install/emg_launch/lib/python3.8/site-packages/emg_launch
[1.109s] copying /root/workspace/build/emg_launch/build/lib/emg_launch/__init__.py -> /root/workspace/install/emg_launch/lib/python3.8/site-packages/emg_launch
[1.110s] byte-compiling /root/workspace/install/emg_launch/lib/python3.8/site-packages/emg_launch/__init__.py to __init__.cpython-38.pyc
[1.113s] running install_data
[1.114s] creating /root/workspace/install/emg_launch/share/ament_index
[1.114s] creating /root/workspace/install/emg_launch/share/ament_index/resource_index
[1.116s] creating /root/workspace/install/emg_launch/share/ament_index/resource_index/packages
[1.116s] copying resource/emg_launch -> /root/workspace/install/emg_launch/share/ament_index/resource_index/packages
[1.117s] copying package.xml -> /root/workspace/install/emg_launch/share/emg_launch
[1.119s] creating /root/workspace/install/emg_launch/share/emg_launch/launch
[1.121s] error: can't copy 'launch/emg_launch.py': doesn't exist or not a regular file
[1.142s] Invoked command in '/root/workspace/src/emg_launch' returned '1': CONDA_PROMPT_MODIFIER=(myenv) PYTHONPATH=/root/workspace/build/emg_launch/prefix_override:/root/workspace/install/emg_launch/lib/python3.8/site-packages:${PYTHONPATH} /usr/bin/python3 setup.py egg_info --egg-base ../../build/emg_launch build --build-base /root/workspace/build/emg_launch/build install --record /root/workspace/build/emg_launch/install.log --install-scripts $base/lib/emg_launch --single-version-externally-managed
