[0.046s] Invoking command in '/root/workspace/build/emg_listener': CONDA_PROMPT_MODIFIER=(myenv) /usr/bin/cmake /root/workspace/src/emg_listener -DCMAKE_INSTALL_PREFIX=/root/workspace/install/emg_listener
[0.116s] -- Found ament_cmake: 0.9.12 (/opt/ros/foxy/share/ament_cmake/cmake)
[0.211s] -- Using PYTHON_EXECUTABLE: /opt/conda/envs/myenv/bin/python3
[0.478s] -- Found rclcpp: 2.4.3 (/opt/ros/foxy/share/rclcpp/cmake)
[0.513s] -- Using all available rosidl_typesupport_c: rosidl_typesupport_fastrtps_c;rosidl_typesupport_introspection_c
[0.513s] -- Found rosidl_adapter: 1.3.1 (/opt/ros/foxy/share/rosidl_adapter/cmake)
[0.655s] -- Using all available rosidl_typesupport_cpp: rosidl_typesupport_fastrtps_cpp;rosidl_typesupport_introspection_cpp
[0.698s] -- Found rmw_implementation_cmake: 1.0.4 (/opt/ros/foxy/share/rmw_implementation_cmake/cmake)
[0.699s] -- Using RMW implementation 'rmw_fastrtps_cpp' as default
[0.938s] Traceback (most recent call last):
[0.941s]   File "/opt/ros/foxy/share/ament_cmake_core/cmake/core/package_xml_2_cmake.py", line 21, in <module>
[0.942s]     from catkin_pkg.package import parse_package_string
[0.942s] ModuleNotFoundError: No module named 'catkin_pkg'
[0.945s] CMake Error at /opt/ros/foxy/share/ament_cmake_core/cmake/core/ament_package_xml.cmake:94 (message):
[0.945s]   execute_process(/opt/conda/envs/myenv/bin/python3
[0.945s]   /opt/ros/foxy/share/ament_cmake_core/cmake/core/package_xml_2_cmake.py
[0.945s]   /root/workspace/src/emg_listener/package.xml
[0.946s]   /root/workspace/build/emg_listener/ament_cmake_core/package.cmake) returned
[0.946s]   error code 1
[0.946s] Call Stack (most recent call first):
[0.946s]   /opt/ros/foxy/share/ament_cmake_core/cmake/core/ament_package_xml.cmake:49 (_ament_package_xml)
[0.947s]   /opt/ros/foxy/share/ament_cmake_core/cmake/core/ament_package.cmake:63 (ament_package_xml)
[0.947s]   CMakeLists.txt:21 (ament_package)
[0.947s] 
[0.947s] 
[0.950s] -- Configuring incomplete, errors occurred!
[0.951s] See also "/root/workspace/build/emg_listener/CMakeFiles/CMakeOutput.log".
[0.951s] See also "/root/workspace/build/emg_listener/CMakeFiles/CMakeError.log".
[0.961s] Invoked command in '/root/workspace/build/emg_listener' returned '1': CONDA_PROMPT_MODIFIER=(myenv) /usr/bin/cmake /root/workspace/src/emg_listener -DCMAKE_INSTALL_PREFIX=/root/workspace/install/emg_listener
