[0.223s] DEBUG:colcon:Command line arguments: ['/usr/bin/colcon', 'build', '--packages-select', 'emg_listener']
[0.224s] DEBUG:colcon:Parsed command line arguments: Namespace(ament_cmake_args=None, base_paths=['.'], build_base='build', catkin_cmake_args=None, catkin_skip_building_tests=False, cmake_args=None, cmake_clean_cache=False, cmake_clean_first=False, cmake_force_configure=False, cmake_target=None, cmake_target_skip_unavailable=False, continue_on_error=False, event_handlers=None, executor='parallel', ignore_user_meta=False, install_base='install', log_base=None, log_level=None, main=<bound method BuildVerb.main of <colcon_core.verb.build.BuildVerb object at 0x7ffffe2c0640>>, merge_install=False, metas=['./colcon.meta'], mixin=None, mixin_files=None, mixin_verb=('build',), packages_above=None, packages_above_and_dependencies=None, packages_above_depth=None, packages_end=None, packages_ignore=None, packages_ignore_regex=None, packages_select=['emg_listener'], packages_select_build_failed=False, packages_select_by_dep=None, packages_select_regex=None, packages_select_test_failures=False, packages_skip=None, packages_skip_build_finished=False, packages_skip_by_dep=None, packages_skip_regex=None, packages_skip_test_passed=False, packages_skip_up_to=None, packages_start=None, packages_up_to=None, packages_up_to_regex=None, parallel_workers=12, paths=None, symlink_install=False, test_result_base=None, verb_extension=<colcon_core.verb.build.BuildVerb object at 0x7ffffe2c0640>, verb_name='build', verb_parser=<colcon_mixin.mixin.mixin_argument.MixinArgumentDecorator object at 0x7ffffe2c0ca0>)
[0.244s] Level 1:colcon.colcon_core.package_discovery:discover_packages(colcon_meta) check parameters
[0.245s] INFO:colcon.colcon_metadata.package_discovery.colcon_meta:Using configuration from '/root/.colcon/metadata/default/Gazebo.meta'
[0.245s] INFO:colcon.colcon_metadata.package_discovery.colcon_meta:Using configuration from '/root/.colcon/metadata/default/fastrtps.meta'
[0.246s] Level 1:colcon.colcon_core.package_discovery:discover_packages(recursive) check parameters
[0.246s] Level 1:colcon.colcon_core.package_discovery:discover_packages(ignore) check parameters
[0.246s] Level 1:colcon.colcon_core.package_discovery:discover_packages(path) check parameters
[0.246s] Level 1:colcon.colcon_core.package_discovery:discover_packages(colcon_meta) discover
[0.246s] Level 1:colcon.colcon_core.package_discovery:discover_packages(recursive) discover
[0.246s] INFO:colcon.colcon_core.package_discovery:Crawling recursively for packages in '/root/workspace/src'
[0.246s] Level 1:colcon.colcon_core.package_identification:_identify(.) by extensions ['ignore', 'ignore_ament_install']
[0.247s] Level 1:colcon.colcon_core.package_identification:_identify(.) by extension 'ignore'
[0.247s] Level 1:colcon.colcon_core.package_identification:_identify(.) by extension 'ignore_ament_install'
[0.247s] Level 1:colcon.colcon_core.package_identification:_identify(.) by extensions ['colcon_pkg']
[0.247s] Level 1:colcon.colcon_core.package_identification:_identify(.) by extension 'colcon_pkg'
[0.247s] Level 1:colcon.colcon_core.package_identification:_identify(.) by extensions ['colcon_meta']
[0.247s] Level 1:colcon.colcon_core.package_identification:_identify(.) by extension 'colcon_meta'
[0.247s] Level 1:colcon.colcon_core.package_identification:_identify(.) by extensions ['ros']
[0.247s] Level 1:colcon.colcon_core.package_identification:_identify(.) by extension 'ros'
[0.260s] Level 1:colcon.colcon_core.package_identification:_identify(.) by extensions ['cmake', 'python']
[0.260s] Level 1:colcon.colcon_core.package_identification:_identify(.) by extension 'cmake'
[0.260s] Level 1:colcon.colcon_core.package_identification:_identify(.) by extension 'python'
[0.260s] Level 1:colcon.colcon_core.package_identification:_identify(.) by extensions ['python_setup_py']
[0.260s] Level 1:colcon.colcon_core.package_identification:_identify(.) by extension 'python_setup_py'
[0.261s] Level 1:colcon.colcon_core.package_identification:_identify(build) by extensions ['ignore', 'ignore_ament_install']
[0.261s] Level 1:colcon.colcon_core.package_identification:_identify(build) by extension 'ignore'
[0.261s] Level 1:colcon.colcon_core.package_identification:_identify(build) ignored
[0.261s] Level 1:colcon.colcon_core.package_identification:_identify(emg_listener) by extensions ['ignore', 'ignore_ament_install']
[0.261s] Level 1:colcon.colcon_core.package_identification:_identify(emg_listener) by extension 'ignore'
[0.261s] Level 1:colcon.colcon_core.package_identification:_identify(emg_listener) by extension 'ignore_ament_install'
[0.262s] Level 1:colcon.colcon_core.package_identification:_identify(emg_listener) by extensions ['colcon_pkg']
[0.262s] Level 1:colcon.colcon_core.package_identification:_identify(emg_listener) by extension 'colcon_pkg'
[0.262s] Level 1:colcon.colcon_core.package_identification:_identify(emg_listener) by extensions ['colcon_meta']
[0.262s] Level 1:colcon.colcon_core.package_identification:_identify(emg_listener) by extension 'colcon_meta'
[0.262s] Level 1:colcon.colcon_core.package_identification:_identify(emg_listener) by extensions ['ros']
[0.262s] Level 1:colcon.colcon_core.package_identification:_identify(emg_listener) by extension 'ros'
[0.266s] DEBUG:colcon.colcon_core.package_identification:Package 'emg_listener' with type 'ros.ament_cmake' and name 'emg_listener'
[0.267s] Level 1:colcon.colcon_core.package_identification:_identify(emg_sensor) by extensions ['ignore', 'ignore_ament_install']
[0.267s] Level 1:colcon.colcon_core.package_identification:_identify(emg_sensor) by extension 'ignore'
[0.267s] Level 1:colcon.colcon_core.package_identification:_identify(emg_sensor) by extension 'ignore_ament_install'
[0.267s] Level 1:colcon.colcon_core.package_identification:_identify(emg_sensor) by extensions ['colcon_pkg']
[0.267s] Level 1:colcon.colcon_core.package_identification:_identify(emg_sensor) by extension 'colcon_pkg'
[0.267s] Level 1:colcon.colcon_core.package_identification:_identify(emg_sensor) by extensions ['colcon_meta']
[0.267s] Level 1:colcon.colcon_core.package_identification:_identify(emg_sensor) by extension 'colcon_meta'
[0.267s] Level 1:colcon.colcon_core.package_identification:_identify(emg_sensor) by extensions ['ros']
[0.267s] Level 1:colcon.colcon_core.package_identification:_identify(emg_sensor) by extension 'ros'
[0.268s] DEBUG:colcon.colcon_core.package_identification:Package 'emg_sensor' with type 'ros.ament_cmake' and name 'emg_sensor'
[0.268s] Level 1:colcon.colcon_core.package_identification:_identify(install) by extensions ['ignore', 'ignore_ament_install']
[0.269s] Level 1:colcon.colcon_core.package_identification:_identify(install) by extension 'ignore'
[0.269s] Level 1:colcon.colcon_core.package_identification:_identify(install) ignored
[0.269s] Level 1:colcon.colcon_core.package_identification:_identify(log) by extensions ['ignore', 'ignore_ament_install']
[0.269s] Level 1:colcon.colcon_core.package_identification:_identify(log) by extension 'ignore'
[0.269s] Level 1:colcon.colcon_core.package_identification:_identify(log) ignored
[0.269s] Level 1:colcon.colcon_core.package_discovery:discover_packages(recursive) using defaults
[0.269s] Level 1:colcon.colcon_core.package_discovery:discover_packages(ignore) discover
[0.269s] Level 1:colcon.colcon_core.package_discovery:discover_packages(ignore) using defaults
[0.269s] Level 1:colcon.colcon_core.package_discovery:discover_packages(path) discover
[0.270s] Level 1:colcon.colcon_core.package_discovery:discover_packages(path) using defaults
[0.283s] INFO:colcon.colcon_core.package_selection:Skipping not selected package 'emg_sensor' in 'emg_sensor'
[0.284s] Level 5:colcon.colcon_core.verb:set package 'emg_listener' build argument 'cmake_args' from command line to 'None'
[0.284s] Level 5:colcon.colcon_core.verb:set package 'emg_listener' build argument 'cmake_target' from command line to 'None'
[0.284s] Level 5:colcon.colcon_core.verb:set package 'emg_listener' build argument 'cmake_target_skip_unavailable' from command line to 'False'
[0.284s] Level 5:colcon.colcon_core.verb:set package 'emg_listener' build argument 'cmake_clean_cache' from command line to 'False'
[0.284s] Level 5:colcon.colcon_core.verb:set package 'emg_listener' build argument 'cmake_clean_first' from command line to 'False'
[0.284s] Level 5:colcon.colcon_core.verb:set package 'emg_listener' build argument 'cmake_force_configure' from command line to 'False'
[0.284s] Level 5:colcon.colcon_core.verb:set package 'emg_listener' build argument 'ament_cmake_args' from command line to 'None'
[0.284s] Level 5:colcon.colcon_core.verb:set package 'emg_listener' build argument 'catkin_cmake_args' from command line to 'None'
[0.284s] Level 5:colcon.colcon_core.verb:set package 'emg_listener' build argument 'catkin_skip_building_tests' from command line to 'False'
[0.284s] DEBUG:colcon.colcon_core.verb:Building package 'emg_listener' with the following arguments: {'ament_cmake_args': None, 'build_base': '/root/workspace/src/build/emg_listener', 'catkin_cmake_args': None, 'catkin_skip_building_tests': False, 'cmake_args': None, 'cmake_clean_cache': False, 'cmake_clean_first': False, 'cmake_force_configure': False, 'cmake_target': None, 'cmake_target_skip_unavailable': False, 'install_base': '/root/workspace/src/install/emg_listener', 'merge_install': False, 'path': '/root/workspace/src/emg_listener', 'symlink_install': False, 'test_result_base': None}
[0.285s] INFO:colcon.colcon_core.executor:Executing jobs using 'parallel' executor
[0.289s] DEBUG:colcon.colcon_parallel_executor.executor.parallel:run_until_complete
[0.290s] INFO:colcon.colcon_ros.task.ament_cmake.build:Building ROS package in '/root/workspace/src/emg_listener' with build type 'ament_cmake'
[0.290s] INFO:colcon.colcon_cmake.task.cmake.build:Building CMake package in '/root/workspace/src/emg_listener'
[0.294s] INFO:colcon.colcon_core.plugin_system:Skipping extension 'colcon_core.shell.bat': Not used on non-Windows systems
[0.295s] INFO:colcon.colcon_core.shell:Skip shell extension 'powershell' for command environment: Not usable outside of PowerShell
[0.295s] DEBUG:colcon.colcon_core.shell:Skip shell extension 'dsv' for command environment
[0.337s] DEBUG:colcon.colcon_core.event_handler.log_command:Invoking command in '/root/workspace/src/build/emg_listener': CMAKE_PREFIX_PATH=/opt/ros/foxy CONDA_PROMPT_MODIFIER=(myenv) /usr/bin/cmake --build /root/workspace/src/build/emg_listener -- -j12 -l12
[1.628s] DEBUG:colcon.colcon_core.event_handler.log_command:Invoked command in '/root/workspace/src/build/emg_listener' returned '0': CMAKE_PREFIX_PATH=/opt/ros/foxy CONDA_PROMPT_MODIFIER=(myenv) /usr/bin/cmake --build /root/workspace/src/build/emg_listener -- -j12 -l12
[1.898s] DEBUG:colcon.colcon_core.event_handler.log_command:Invoking command in '/root/workspace/src/build/emg_listener': CMAKE_PREFIX_PATH=/opt/ros/foxy CONDA_PROMPT_MODIFIER=(myenv) /usr/bin/cmake --install /root/workspace/src/build/emg_listener
[1.954s] Level 1:colcon.colcon_core.environment:create_environment_scripts_only(emg_listener)
[1.956s] DEBUG:colcon.colcon_core.event_handler.log_command:Invoked command in '/root/workspace/src/build/emg_listener' returned '0': CMAKE_PREFIX_PATH=/opt/ros/foxy CONDA_PROMPT_MODIFIER=(myenv) /usr/bin/cmake --install /root/workspace/src/build/emg_listener
[1.960s] Level 1:colcon.colcon_core.environment:checking '/root/workspace/src/install/emg_listener' for CMake module files
[1.962s] Level 1:colcon.colcon_core.environment:checking '/root/workspace/src/install/emg_listener' for CMake config files
[1.963s] Level 1:colcon.colcon_core.shell:create_environment_hook('emg_listener', 'cmake_prefix_path')
[1.964s] INFO:colcon.colcon_core.shell:Creating environment hook '/root/workspace/src/install/emg_listener/share/emg_listener/hook/cmake_prefix_path.ps1'
[1.966s] INFO:colcon.colcon_core.shell:Creating environment descriptor '/root/workspace/src/install/emg_listener/share/emg_listener/hook/cmake_prefix_path.dsv'
[1.967s] INFO:colcon.colcon_core.shell:Creating environment hook '/root/workspace/src/install/emg_listener/share/emg_listener/hook/cmake_prefix_path.sh'
[1.968s] Level 1:colcon.colcon_core.environment:checking '/root/workspace/src/install/emg_listener/lib'
[1.968s] Level 1:colcon.colcon_core.environment:checking '/root/workspace/src/install/emg_listener/bin'
[1.968s] Level 1:colcon.colcon_core.environment:checking '/root/workspace/src/install/emg_listener/lib/pkgconfig/emg_listener.pc'
[1.969s] Level 1:colcon.colcon_core.environment:checking '/root/workspace/src/install/emg_listener/lib/python3.8/site-packages'
[1.969s] Level 1:colcon.colcon_core.environment:checking '/root/workspace/src/install/emg_listener/bin'
[1.971s] INFO:colcon.colcon_core.shell:Creating package script '/root/workspace/src/install/emg_listener/share/emg_listener/package.ps1'
[1.971s] INFO:colcon.colcon_core.shell:Creating package descriptor '/root/workspace/src/install/emg_listener/share/emg_listener/package.dsv'
[1.972s] INFO:colcon.colcon_core.shell:Creating package script '/root/workspace/src/install/emg_listener/share/emg_listener/package.sh'
[1.973s] INFO:colcon.colcon_core.shell:Creating package script '/root/workspace/src/install/emg_listener/share/emg_listener/package.bash'
[1.973s] INFO:colcon.colcon_core.shell:Creating package script '/root/workspace/src/install/emg_listener/share/emg_listener/package.zsh'
[1.974s] Level 1:colcon.colcon_core.environment:create_file_with_runtime_dependencies(/root/workspace/src/install/emg_listener/share/colcon-core/packages/emg_listener)
[2.211s] Level 1:colcon.colcon_core.environment:create_environment_scripts_only(emg_listener)
[2.213s] Level 1:colcon.colcon_core.environment:checking '/root/workspace/src/install/emg_listener' for CMake module files
[2.215s] Level 1:colcon.colcon_core.environment:checking '/root/workspace/src/install/emg_listener' for CMake config files
[2.217s] Level 1:colcon.colcon_core.shell:create_environment_hook('emg_listener', 'cmake_prefix_path')
[2.218s] INFO:colcon.colcon_core.shell:Creating environment hook '/root/workspace/src/install/emg_listener/share/emg_listener/hook/cmake_prefix_path.ps1'
[2.219s] INFO:colcon.colcon_core.shell:Creating environment descriptor '/root/workspace/src/install/emg_listener/share/emg_listener/hook/cmake_prefix_path.dsv'
[2.219s] INFO:colcon.colcon_core.shell:Creating environment hook '/root/workspace/src/install/emg_listener/share/emg_listener/hook/cmake_prefix_path.sh'
[2.220s] Level 1:colcon.colcon_core.environment:checking '/root/workspace/src/install/emg_listener/lib'
[2.220s] Level 1:colcon.colcon_core.environment:checking '/root/workspace/src/install/emg_listener/bin'
[2.220s] Level 1:colcon.colcon_core.environment:checking '/root/workspace/src/install/emg_listener/lib/pkgconfig/emg_listener.pc'
[2.221s] Level 1:colcon.colcon_core.environment:checking '/root/workspace/src/install/emg_listener/lib/python3.8/site-packages'
[2.221s] Level 1:colcon.colcon_core.environment:checking '/root/workspace/src/install/emg_listener/bin'
[2.222s] INFO:colcon.colcon_core.shell:Creating package script '/root/workspace/src/install/emg_listener/share/emg_listener/package.ps1'
[2.222s] INFO:colcon.colcon_core.shell:Creating package descriptor '/root/workspace/src/install/emg_listener/share/emg_listener/package.dsv'
[2.223s] INFO:colcon.colcon_core.shell:Creating package script '/root/workspace/src/install/emg_listener/share/emg_listener/package.sh'
[2.223s] INFO:colcon.colcon_core.shell:Creating package script '/root/workspace/src/install/emg_listener/share/emg_listener/package.bash'
[2.223s] INFO:colcon.colcon_core.shell:Creating package script '/root/workspace/src/install/emg_listener/share/emg_listener/package.zsh'
[2.224s] Level 1:colcon.colcon_core.environment:create_file_with_runtime_dependencies(/root/workspace/src/install/emg_listener/share/colcon-core/packages/emg_listener)
[2.224s] DEBUG:colcon.colcon_parallel_executor.executor.parallel:closing loop
[2.225s] DEBUG:colcon.colcon_parallel_executor.executor.parallel:loop closed
[2.225s] DEBUG:colcon.colcon_parallel_executor.executor.parallel:run_until_complete finished with '0'
[2.225s] DEBUG:colcon.colcon_core.event_reactor:joining thread
[2.231s] INFO:colcon.colcon_core.plugin_system:Skipping extension 'colcon_notification.desktop_notification.notify_send': Could not find 'notify-send'
[2.231s] INFO:colcon.colcon_core.plugin_system:Skipping extension 'colcon_notification.desktop_notification.terminal_notifier': Not used on non-Darwin systems
[2.231s] INFO:colcon.colcon_core.plugin_system:Skipping extension 'colcon_notification.desktop_notification.win32': Not used on non-Windows systems
[2.231s] INFO:colcon.colcon_notification.desktop_notification:Sending desktop notification using 'notify2'
[2.232s] DEBUG:colcon.colcon_notification.desktop_notification.notify2:Failed to initialize notify2: org.freedesktop.DBus.Error.NotSupported: Unable to autolaunch a dbus-daemon without a $DISPLAY for X11
[2.232s] DEBUG:colcon.colcon_core.event_reactor:joined thread
[2.233s] INFO:colcon.colcon_core.shell:Creating prefix script '/root/workspace/src/install/local_setup.ps1'
[2.234s] INFO:colcon.colcon_core.shell:Creating prefix util module '/root/workspace/src/install/_local_setup_util_ps1.py'
[2.236s] INFO:colcon.colcon_core.shell:Creating prefix chain script '/root/workspace/src/install/setup.ps1'
[2.237s] INFO:colcon.colcon_core.shell:Creating prefix script '/root/workspace/src/install/local_setup.sh'
[2.238s] INFO:colcon.colcon_core.shell:Creating prefix util module '/root/workspace/src/install/_local_setup_util_sh.py'
[2.238s] INFO:colcon.colcon_core.shell:Creating prefix chain script '/root/workspace/src/install/setup.sh'
[2.239s] INFO:colcon.colcon_core.shell:Creating prefix script '/root/workspace/src/install/local_setup.bash'
[2.240s] INFO:colcon.colcon_core.shell:Creating prefix chain script '/root/workspace/src/install/setup.bash'
[2.241s] INFO:colcon.colcon_core.shell:Creating prefix script '/root/workspace/src/install/local_setup.zsh'
[2.242s] INFO:colcon.colcon_core.shell:Creating prefix chain script '/root/workspace/src/install/setup.zsh'
