[0.052s] Invoking command in '/root/workspace/build/emg_listener': CMAKE_PREFIX_PATH=${CMAKE_PREFIX_PATH}:/opt/ros/foxy CONDA_PROMPT_MODIFIER=(myenv) /usr/bin/cmake --build /root/workspace/build/emg_listener -- -j12 -l12
[0.382s] [100%] Built target listener
[0.416s] Invoked command in '/root/workspace/build/emg_listener' returned '0': CMAKE_PREFIX_PATH=${CMAKE_PREFIX_PATH}:/opt/ros/foxy CONDA_PROMPT_MODIFIER=(myenv) /usr/bin/cmake --build /root/workspace/build/emg_listener -- -j12 -l12
[0.728s] Invoking command in '/root/workspace/build/emg_listener': CMAKE_PREFIX_PATH=${CMAKE_PREFIX_PATH}:/opt/ros/foxy CONDA_PROMPT_MODIFIER=(myenv) /usr/bin/cmake --install /root/workspace/build/emg_listener
[0.770s] -- Install configuration: ""
[0.773s] -- Up-to-date: /root/workspace/install/emg_listener/lib/emg_listener/listener
[0.775s] -- Up-to-date: /root/workspace/install/emg_listener/share/ament_index/resource_index/package_run_dependencies/emg_listener
[0.775s] -- Up-to-date: /root/workspace/install/emg_listener/share/ament_index/resource_index/parent_prefix_path/emg_listener
[0.775s] -- Up-to-date: /root/workspace/install/emg_listener/share/emg_listener/environment/ament_prefix_path.sh
[0.776s] -- Up-to-date: /root/workspace/install/emg_listener/share/emg_listener/environment/ament_prefix_path.dsv
[0.776s] -- Up-to-date: /root/workspace/install/emg_listener/share/emg_listener/environment/path.sh
[0.776s] -- Up-to-date: /root/workspace/install/emg_listener/share/emg_listener/environment/path.dsv
[0.777s] -- Up-to-date: /root/workspace/install/emg_listener/share/emg_listener/local_setup.bash
[0.777s] -- Up-to-date: /root/workspace/install/emg_listener/share/emg_listener/local_setup.sh
[0.778s] -- Up-to-date: /root/workspace/install/emg_listener/share/emg_listener/local_setup.zsh
[0.778s] -- Up-to-date: /root/workspace/install/emg_listener/share/emg_listener/local_setup.dsv
[0.779s] -- Installing: /root/workspace/install/emg_listener/share/emg_listener/package.dsv
[0.780s] -- Up-to-date: /root/workspace/install/emg_listener/share/ament_index/resource_index/packages/emg_listener
[0.781s] -- Up-to-date: /root/workspace/install/emg_listener/share/emg_listener/cmake/emg_listenerConfig.cmake
[0.781s] -- Up-to-date: /root/workspace/install/emg_listener/share/emg_listener/cmake/emg_listenerConfig-version.cmake
[0.781s] -- Up-to-date: /root/workspace/install/emg_listener/share/emg_listener/package.xml
[0.788s] Invoked command in '/root/workspace/build/emg_listener' returned '0': CMAKE_PREFIX_PATH=${CMAKE_PREFIX_PATH}:/opt/ros/foxy CONDA_PROMPT_MODIFIER=(myenv) /usr/bin/cmake --install /root/workspace/build/emg_listener
