-- Found ament_cmake: 0.9.12 (/opt/ros/foxy/share/ament_cmake/cmake)
-- Using PYTHON_EXECUTABLE: /opt/conda/envs/myenv/bin/python3
-- Found rclcpp: 2.4.3 (/opt/ros/foxy/share/rclcpp/cmake)
-- Using all available rosidl_typesupport_c: rosidl_typesupport_fastrtps_c;rosidl_typesupport_introspection_c
-- Found rosidl_adapter: 1.3.1 (/opt/ros/foxy/share/rosidl_adapter/cmake)
-- Using all available rosidl_typesupport_cpp: rosidl_typesupport_fastrtps_cpp;rosidl_typesupport_introspection_cpp
-- Found rmw_implementation_cmake: 1.0.4 (/opt/ros/foxy/share/rmw_implementation_cmake/cmake)
-- Using RMW implementation 'rmw_fastrtps_cpp' as default
Traceback (most recent call last):
  File "/opt/ros/foxy/share/ament_cmake_core/cmake/core/package_xml_2_cmake.py", line 21, in <module>
    from catkin_pkg.package import parse_package_string
ModuleNotFoundError: No module named 'catkin_pkg'
CMake Error at /opt/ros/foxy/share/ament_cmake_core/cmake/core/ament_package_xml.cmake:94 (message):
  execute_process(/opt/conda/envs/myenv/bin/python3
  /opt/ros/foxy/share/ament_cmake_core/cmake/core/package_xml_2_cmake.py
  /root/workspace/src/emg_sensor/package.xml
  /root/workspace/build/emg_sensor/ament_cmake_core/package.cmake) returned
  error code 1
Call Stack (most recent call first):
  /opt/ros/foxy/share/ament_cmake_core/cmake/core/ament_package_xml.cmake:49 (_ament_package_xml)
  /opt/ros/foxy/share/ament_cmake_core/cmake/core/ament_package.cmake:63 (ament_package_xml)
  CMakeLists.txt:20 (ament_package)


-- Configuring incomplete, errors occurred!
See also "/root/workspace/build/emg_sensor/CMakeFiles/CMakeOutput.log".
See also "/root/workspace/build/emg_sensor/CMakeFiles/CMakeError.log".
