[0.042s] Invoking command in '/root/workspace/build/emg_sensor': CONDA_PROMPT_MODIFIER=(myenv) /usr/bin/cmake /root/workspace/src/emg_sensor -DCMAKE_INSTALL_PREFIX=/root/workspace/install/emg_sensor
[0.111s] -- Found ament_cmake: 0.9.12 (/opt/ros/foxy/share/ament_cmake/cmake)
[0.209s] -- Using PYTHON_EXECUTABLE: /opt/conda/envs/myenv/bin/python3
[0.474s] -- Found rclcpp: 2.4.3 (/opt/ros/foxy/share/rclcpp/cmake)
[0.505s] -- Using all available rosidl_typesupport_c: rosidl_typesupport_fastrtps_c;rosidl_typesupport_introspection_c
[0.506s] -- Found rosidl_adapter: 1.3.1 (/opt/ros/foxy/share/rosidl_adapter/cmake)
[0.647s] -- Using all available rosidl_typesupport_cpp: rosidl_typesupport_fastrtps_cpp;rosidl_typesupport_introspection_cpp
[0.690s] -- Found rmw_implementation_cmake: 1.0.4 (/opt/ros/foxy/share/rmw_implementation_cmake/cmake)
[0.691s] -- Using RMW implementation 'rmw_fastrtps_cpp' as default
[0.933s] Traceback (most recent call last):
[0.934s]   File "/opt/ros/foxy/share/ament_cmake_core/cmake/core/package_xml_2_cmake.py", line 21, in <module>
[0.934s]     from catkin_pkg.package import parse_package_string
[0.934s] ModuleNotFoundError: No module named 'catkin_pkg'
[0.940s] CMake Error at /opt/ros/foxy/share/ament_cmake_core/cmake/core/ament_package_xml.cmake:94 (message):
[0.940s]   execute_process(/opt/conda/envs/myenv/bin/python3
[0.940s]   /opt/ros/foxy/share/ament_cmake_core/cmake/core/package_xml_2_cmake.py
[0.940s]   /root/workspace/src/emg_sensor/package.xml
[0.940s]   /root/workspace/build/emg_sensor/ament_cmake_core/package.cmake) returned
[0.941s]   error code 1
[0.941s] Call Stack (most recent call first):
[0.941s]   /opt/ros/foxy/share/ament_cmake_core/cmake/core/ament_package_xml.cmake:49 (_ament_package_xml)
[0.941s]   /opt/ros/foxy/share/ament_cmake_core/cmake/core/ament_package.cmake:63 (ament_package_xml)
[0.941s]   CMakeLists.txt:20 (ament_package)
[0.942s] 
[0.942s] 
[0.944s] -- Configuring incomplete, errors occurred!
[0.944s] See also "/root/workspace/build/emg_sensor/CMakeFiles/CMakeOutput.log".
[0.945s] See also "/root/workspace/build/emg_sensor/CMakeFiles/CMakeError.log".
