[0.051s] Invoking command in '/root/workspace/build/emg_sensor': CMAKE_PREFIX_PATH=${CMAKE_PREFIX_PATH}:/opt/ros/foxy CONDA_PROMPT_MODIFIER=(myenv) /usr/bin/cmake --build /root/workspace/build/emg_sensor -- -j12 -l12
[0.205s] -- Found ament_cmake: 0.9.12 (/opt/ros/foxy/share/ament_cmake/cmake)
[0.301s] -- Using PYTHON_EXECUTABLE: /opt/conda/envs/myenv/bin/python3
[0.565s] -- Found rclcpp: 2.4.3 (/opt/ros/foxy/share/rclcpp/cmake)
[0.603s] -- Using all available rosidl_typesupport_c: rosidl_typesupport_fastrtps_c;rosidl_typesupport_introspection_c
[0.606s] -- Found rosidl_adapter: 1.3.1 (/opt/ros/foxy/share/rosidl_adapter/cmake)
[0.770s] -- Using all available rosidl_typesupport_cpp: rosidl_typesupport_fastrtps_cpp;rosidl_typesupport_introspection_cpp
[0.818s] -- Found rmw_implementation_cmake: 1.0.4 (/opt/ros/foxy/share/rmw_implementation_cmake/cmake)
[0.819s] -- Using RMW implementation 'rmw_fastrtps_cpp' as default
[0.958s] CMake Error at /opt/ros/foxy/share/ament_cmake_target_dependencies/cmake/ament_target_dependencies.cmake:42 (message):
[0.959s]   ament_target_dependencies() the first argument must be a valid target name
[0.959s] Call Stack (most recent call first):
[0.959s]   CMakeLists.txt:12 (ament_target_dependencies)
[0.959s] 
[0.959s] 
[0.960s] -- Configuring incomplete, errors occurred!
[0.960s] See also "/root/workspace/build/emg_sensor/CMakeFiles/CMakeOutput.log".
[0.960s] See also "/root/workspace/build/emg_sensor/CMakeFiles/CMakeError.log".
[0.978s] make: *** [Makefile:266: cmake_check_build_system] Error 1
[0.980s] Invoked command in '/root/workspace/build/emg_sensor' returned '2': CMAKE_PREFIX_PATH=${CMAKE_PREFIX_PATH}:/opt/ros/foxy CONDA_PROMPT_MODIFIER=(myenv) /usr/bin/cmake --build /root/workspace/build/emg_sensor -- -j12 -l12
