[0.044s] Invoking command in '/root/workspace/src/build/emg_sensor': CMAKE_PREFIX_PATH=/opt/ros/foxy CONDA_PROMPT_MODIFIER=(myenv) /usr/bin/cmake --build /root/workspace/src/build/emg_sensor -- -j12 -l12
[0.181s] -- Found ament_cmake: 0.9.12 (/opt/ros/foxy/share/ament_cmake/cmake)
[0.276s] -- Using PYTHON_EXECUTABLE: /opt/conda/envs/myenv/bin/python3
[0.508s] -- Found rclcpp: 2.4.3 (/opt/ros/foxy/share/rclcpp/cmake)
[0.547s] -- Using all available rosidl_typesupport_c: rosidl_typesupport_fastrtps_c;rosidl_typesupport_introspection_c
[0.548s] -- Found rosidl_adapter: 1.3.1 (/opt/ros/foxy/share/rosidl_adapter/cmake)
[0.694s] -- Using all available rosidl_typesupport_cpp: rosidl_typesupport_fastrtps_cpp;rosidl_typesupport_introspection_cpp
[0.736s] -- Found rmw_implementation_cmake: 1.0.4 (/opt/ros/foxy/share/rmw_implementation_cmake/cmake)
[0.737s] -- Using RMW implementation 'rmw_fastrtps_cpp' as default
[1.053s] -- Configuring done
[1.113s] -- Generating done
[1.125s] -- Build files have been written to: /root/workspace/src/build/emg_sensor
[1.258s] [35m[1mScanning dependencies of target emg_sensor_node[0m
[1.466s] [ 50%] [32mBuilding CXX object CMakeFiles/emg_sensor_node.dir/src/sensor.cpp.o[0m
[3.294s] [100%] [32m[1mLinking CXX executable emg_sensor_node[0m
[3.535s] [100%] Built target emg_sensor_node
[3.570s] Invoked command in '/root/workspace/src/build/emg_sensor' returned '0': CMAKE_PREFIX_PATH=/opt/ros/foxy CONDA_PROMPT_MODIFIER=(myenv) /usr/bin/cmake --build /root/workspace/src/build/emg_sensor -- -j12 -l12
[3.845s] Invoking command in '/root/workspace/src/build/emg_sensor': CMAKE_PREFIX_PATH=/opt/ros/foxy CONDA_PROMPT_MODIFIER=(myenv) /usr/bin/cmake --install /root/workspace/src/build/emg_sensor
[3.884s] -- Install configuration: ""
[3.886s] -- Installing: /root/workspace/src/install/emg_sensor/lib/emg_sensor/emg_sensor_node
[3.893s] -- Set runtime path of "/root/workspace/src/install/emg_sensor/lib/emg_sensor/emg_sensor_node" to ""
[3.893s] -- Installing: /root/workspace/src/install/emg_sensor/share/ament_index/resource_index/package_run_dependencies/emg_sensor
[3.895s] -- Installing: /root/workspace/src/install/emg_sensor/share/ament_index/resource_index/parent_prefix_path/emg_sensor
[3.896s] -- Installing: /root/workspace/src/install/emg_sensor/share/emg_sensor/environment/ament_prefix_path.sh
[3.897s] -- Installing: /root/workspace/src/install/emg_sensor/share/emg_sensor/environment/ament_prefix_path.dsv
[3.898s] -- Installing: /root/workspace/src/install/emg_sensor/share/emg_sensor/environment/path.sh
[3.899s] -- Installing: /root/workspace/src/install/emg_sensor/share/emg_sensor/environment/path.dsv
[3.901s] -- Installing: /root/workspace/src/install/emg_sensor/share/emg_sensor/local_setup.bash
[3.902s] -- Installing: /root/workspace/src/install/emg_sensor/share/emg_sensor/local_setup.sh
[3.903s] -- Installing: /root/workspace/src/install/emg_sensor/share/emg_sensor/local_setup.zsh
[3.904s] -- Installing: /root/workspace/src/install/emg_sensor/share/emg_sensor/local_setup.dsv
[3.905s] -- Installing: /root/workspace/src/install/emg_sensor/share/emg_sensor/package.dsv
[3.907s] -- Installing: /root/workspace/src/install/emg_sensor/share/ament_index/resource_index/packages/emg_sensor
[3.908s] -- Installing: /root/workspace/src/install/emg_sensor/share/emg_sensor/cmake/emg_sensorConfig.cmake
[3.909s] -- Installing: /root/workspace/src/install/emg_sensor/share/emg_sensor/cmake/emg_sensorConfig-version.cmake
[3.910s] -- Installing: /root/workspace/src/install/emg_sensor/share/emg_sensor/package.xml
[3.917s] Invoked command in '/root/workspace/src/build/emg_sensor' returned '0': CMAKE_PREFIX_PATH=/opt/ros/foxy CONDA_PROMPT_MODIFIER=(myenv) /usr/bin/cmake --install /root/workspace/src/build/emg_sensor
