[0.042s] Invoking command in '/root/workspace/src/build/emg_listener': CMAKE_PREFIX_PATH=/opt/ros/foxy CONDA_PROMPT_MODIFIER=(myenv) /usr/bin/cmake --build /root/workspace/src/build/emg_listener -- -j12 -l12
[0.172s] -- Found ament_cmake: 0.9.12 (/opt/ros/foxy/share/ament_cmake/cmake)
[0.258s] -- Using PYTHON_EXECUTABLE: /opt/conda/envs/myenv/bin/python3
[0.467s] -- Found rclcpp: 2.4.3 (/opt/ros/foxy/share/rclcpp/cmake)
[0.508s] -- Using all available rosidl_typesupport_c: rosidl_typesupport_fastrtps_c;rosidl_typesupport_introspection_c
[0.512s] -- Found rosidl_adapter: 1.3.1 (/opt/ros/foxy/share/rosidl_adapter/cmake)
[0.642s] -- Using all available rosidl_typesupport_cpp: rosidl_typesupport_fastrtps_cpp;rosidl_typesupport_introspection_cpp
[0.683s] -- Found rmw_implementation_cmake: 1.0.4 (/opt/ros/foxy/share/rmw_implementation_cmake/cmake)
[0.684s] -- Using RMW implementation 'rmw_fastrtps_cpp' as default
[0.815s] -- Found ament_lint_auto: 0.9.8 (/opt/ros/foxy/share/ament_lint_auto/cmake)
[0.994s] -- Added test 'copyright' to check source files copyright and LICENSE
[0.999s] -- Added test 'cppcheck' to perform static code analysis on C / C++ code
[0.999s] -- Configured cppcheck include dirs: 
[0.999s] -- Configured cppcheck exclude dirs and/or files: 
[1.002s] -- Added test 'cpplint' to check C / C++ code against the Google style
[1.002s] -- Configured cpplint exclude dirs and/or files: 
[1.004s] -- Added test 'lint_cmake' to check CMake code style
[1.008s] -- Added test 'uncrustify' to check C / C++ code style
[1.009s] -- Configured uncrustify additional arguments: 
[1.010s] -- Added test 'xmllint' to check XML markup files
[1.017s] -- Configuring done
[1.077s] -- Generating done
[1.088s] -- Build files have been written to: /root/workspace/src/build/emg_listener
[1.296s] [100%] Built target listener
[1.331s] Invoked command in '/root/workspace/src/build/emg_listener' returned '0': CMAKE_PREFIX_PATH=/opt/ros/foxy CONDA_PROMPT_MODIFIER=(myenv) /usr/bin/cmake --build /root/workspace/src/build/emg_listener -- -j12 -l12
[1.604s] Invoking command in '/root/workspace/src/build/emg_listener': CMAKE_PREFIX_PATH=/opt/ros/foxy CONDA_PROMPT_MODIFIER=(myenv) /usr/bin/cmake --install /root/workspace/src/build/emg_listener
[1.643s] -- Install configuration: ""
[1.645s] -- Up-to-date: /root/workspace/src/install/emg_listener/lib/emg_listener/listener
[1.646s] -- Up-to-date: /root/workspace/src/install/emg_listener/share/ament_index/resource_index/package_run_dependencies/emg_listener
[1.646s] -- Up-to-date: /root/workspace/src/install/emg_listener/share/ament_index/resource_index/parent_prefix_path/emg_listener
[1.646s] -- Up-to-date: /root/workspace/src/install/emg_listener/share/emg_listener/environment/ament_prefix_path.sh
[1.647s] -- Installing: /root/workspace/src/install/emg_listener/share/emg_listener/environment/ament_prefix_path.dsv
[1.649s] -- Up-to-date: /root/workspace/src/install/emg_listener/share/emg_listener/environment/path.sh
[1.649s] -- Installing: /root/workspace/src/install/emg_listener/share/emg_listener/environment/path.dsv
[1.651s] -- Up-to-date: /root/workspace/src/install/emg_listener/share/emg_listener/local_setup.bash
[1.651s] -- Up-to-date: /root/workspace/src/install/emg_listener/share/emg_listener/local_setup.sh
[1.651s] -- Up-to-date: /root/workspace/src/install/emg_listener/share/emg_listener/local_setup.zsh
[1.651s] -- Installing: /root/workspace/src/install/emg_listener/share/emg_listener/local_setup.dsv
[1.653s] -- Installing: /root/workspace/src/install/emg_listener/share/emg_listener/package.dsv
[1.654s] -- Up-to-date: /root/workspace/src/install/emg_listener/share/ament_index/resource_index/packages/emg_listener
[1.654s] -- Up-to-date: /root/workspace/src/install/emg_listener/share/emg_listener/cmake/emg_listenerConfig.cmake
[1.654s] -- Up-to-date: /root/workspace/src/install/emg_listener/share/emg_listener/cmake/emg_listenerConfig-version.cmake
[1.654s] -- Installing: /root/workspace/src/install/emg_listener/share/emg_listener/package.xml
[1.660s] Invoked command in '/root/workspace/src/build/emg_listener' returned '0': CMAKE_PREFIX_PATH=/opt/ros/foxy CONDA_PROMPT_MODIFIER=(myenv) /usr/bin/cmake --install /root/workspace/src/build/emg_listener
