-- Found ament_cmake: 0.9.12 (/opt/ros/foxy/share/ament_cmake/cmake)
-- Using PYTHON_EXECUTABLE: /opt/conda/envs/myenv/bin/python3
-- Found rclcpp: 2.4.3 (/opt/ros/foxy/share/rclcpp/cmake)
-- Using all available rosidl_typesupport_c: rosidl_typesupport_fastrtps_c;rosidl_typesupport_introspection_c
-- Found rosidl_adapter: 1.3.1 (/opt/ros/foxy/share/rosidl_adapter/cmake)
-- Using all available rosidl_typesupport_cpp: rosidl_typesupport_fastrtps_cpp;rosidl_typesupport_introspection_cpp
-- Found rmw_implementation_cmake: 1.0.4 (/opt/ros/foxy/share/rmw_implementation_cmake/cmake)
-- Using RMW implementation 'rmw_fastrtps_cpp' as default
-- Configuring done
-- Generating done
-- Build files have been written to: /root/workspace/src/build/emg_sensor
[35m[1mScanning dependencies of target emg_sensor_node[0m
[ 50%] [32mBuilding CXX object CMakeFiles/emg_sensor_node.dir/src/main.cpp.o[0m
[100%] [32m[1mLinking CXX executable emg_sensor_node[0m
/usr/bin/ld: /usr/lib/gcc/x86_64-linux-gnu/9/../../../x86_64-linux-gnu/Scrt1.o: in function `_start':
(.text+0x24): undefined reference to `main'
collect2: error: ld returned 1 exit status
make[2]: *** [CMakeFiles/emg_sensor_node.dir/build.make:131: emg_sensor_node] Error 1
make[1]: *** [CMakeFiles/Makefile2:78: CMakeFiles/emg_sensor_node.dir/all] Error 2
make: *** [Makefile:141: all] Error 2
