[0.042s] Invoking command in '/root/workspace/src/build/emg_sensor': CMAKE_PREFIX_PATH=/opt/ros/foxy CONDA_PROMPT_MODIFIER=(myenv) /usr/bin/cmake /root/workspace/src/emg_sensor -DCMAKE_INSTALL_PREFIX=/root/workspace/src/install/emg_sensor
[0.114s] -- Found ament_cmake: 0.9.12 (/opt/ros/foxy/share/ament_cmake/cmake)
[0.201s] -- Using PYTHON_EXECUTABLE: /opt/conda/envs/myenv/bin/python3
[0.424s] -- Found rclcpp: 2.4.3 (/opt/ros/foxy/share/rclcpp/cmake)
[0.465s] -- Using all available rosidl_typesupport_c: rosidl_typesupport_fastrtps_c;rosidl_typesupport_introspection_c
[0.466s] -- Found rosidl_adapter: 1.3.1 (/opt/ros/foxy/share/rosidl_adapter/cmake)
[0.592s] -- Using all available rosidl_typesupport_cpp: rosidl_typesupport_fastrtps_cpp;rosidl_typesupport_introspection_cpp
[0.634s] -- Found rmw_implementation_cmake: 1.0.4 (/opt/ros/foxy/share/rmw_implementation_cmake/cmake)
[0.635s] -- Using RMW implementation 'rmw_fastrtps_cpp' as default
[0.939s] -- Configuring done
[0.998s] -- Generating done
[1.005s] -- Build files have been written to: /root/workspace/src/build/emg_sensor
[1.013s] Invoked command in '/root/workspace/src/build/emg_sensor' returned '0': CMAKE_PREFIX_PATH=/opt/ros/foxy CONDA_PROMPT_MODIFIER=(myenv) /usr/bin/cmake /root/workspace/src/emg_sensor -DCMAKE_INSTALL_PREFIX=/root/workspace/src/install/emg_sensor
[1.016s] Invoking command in '/root/workspace/src/build/emg_sensor': CMAKE_PREFIX_PATH=/opt/ros/foxy CONDA_PROMPT_MODIFIER=(myenv) /usr/bin/cmake --build /root/workspace/src/build/emg_sensor -- -j12 -l12
[1.243s] [35m[1mScanning dependencies of target emg_sensor_node[0m
[1.316s] [ 50%] [32mBuilding CXX object CMakeFiles/emg_sensor_node.dir/src/main.cpp.o[0m
[1.456s] [100%] [32m[1mLinking CXX executable emg_sensor_node[0m
[1.585s] /usr/bin/ld: /usr/lib/gcc/x86_64-linux-gnu/9/../../../x86_64-linux-gnu/Scrt1.o: in function `_start':
[1.585s] (.text+0x24): undefined reference to `main'
[1.586s] collect2: error: ld returned 1 exit status
[1.592s] make[2]: *** [CMakeFiles/emg_sensor_node.dir/build.make:131: emg_sensor_node] Error 1
[1.593s] make[1]: *** [CMakeFiles/Makefile2:78: CMakeFiles/emg_sensor_node.dir/all] Error 2
[1.596s] make: *** [Makefile:141: all] Error 2
[1.600s] Invoked command in '/root/workspace/src/build/emg_sensor' returned '2': CMAKE_PREFIX_PATH=/opt/ros/foxy CONDA_PROMPT_MODIFIER=(myenv) /usr/bin/cmake --build /root/workspace/src/build/emg_sensor -- -j12 -l12
