[0.039s] Invoking command in '/root/workspace/build/emg_listener': CONDA_PROMPT_MODIFIER=(myenv) /usr/bin/cmake /root/workspace/src/emg_listener -DCMAKE_INSTALL_PREFIX=/root/workspace/install/emg_listener
[0.416s] -- The C compiler identification is GNU 9.4.0
[0.717s] -- The CXX compiler identification is GNU 9.4.0
[0.731s] -- Check for working C compiler: /usr/bin/cc
[1.249s] -- Check for working C compiler: /usr/bin/cc -- works
[1.251s] -- Detecting C compiler ABI info
[1.687s] -- Detecting C compiler ABI info - done
[1.709s] -- Detecting C compile features
[1.710s] -- Detecting C compile features - done
[1.713s] -- Check for working CXX compiler: /usr/bin/c++
[2.189s] -- Check for working CXX compiler: /usr/bin/c++ -- works
[2.190s] -- Detecting CXX compiler ABI info
[2.648s] -- Detecting CXX compiler ABI info - done
[2.665s] -- Detecting CXX compile features
[2.665s] -- Detecting CXX compile features - done
[2.675s] -- Found ament_cmake: 0.9.12 (/opt/ros/foxy/share/ament_cmake/cmake)
[2.761s] -- Found PythonInterp: /opt/conda/envs/myenv/bin/python3 (found suitable version "3.12.5", minimum required is "3") 
[2.761s] -- Using PYTHON_EXECUTABLE: /opt/conda/envs/myenv/bin/python3
[3.024s] -- Found rclcpp: 2.4.3 (/opt/ros/foxy/share/rclcpp/cmake)
[3.080s] -- Using all available rosidl_typesupport_c: rosidl_typesupport_fastrtps_c;rosidl_typesupport_introspection_c
[3.089s] -- Found rosidl_adapter: 1.3.1 (/opt/ros/foxy/share/rosidl_adapter/cmake)
[3.487s] -- Found OpenSSL: /usr/lib/x86_64-linux-gnu/libcrypto.so (found version "1.1.1f")  
[3.520s] -- Found FastRTPS: /opt/ros/foxy/include  
[3.610s] -- Using all available rosidl_typesupport_cpp: rosidl_typesupport_fastrtps_cpp;rosidl_typesupport_introspection_cpp
[3.671s] -- Found rmw_implementation_cmake: 1.0.4 (/opt/ros/foxy/share/rmw_implementation_cmake/cmake)
[3.672s] -- Using RMW implementation 'rmw_fastrtps_cpp' as default
[3.678s] -- Looking for pthread.h
[4.132s] -- Looking for pthread.h - found
[4.134s] -- Performing Test CMAKE_HAVE_LIBC_PTHREAD
[4.626s] -- Performing Test CMAKE_HAVE_LIBC_PTHREAD - Failed
[4.626s] -- Looking for pthread_create in pthreads
[5.049s] -- Looking for pthread_create in pthreads - not found
[5.050s] -- Looking for pthread_create in pthread
[5.515s] -- Looking for pthread_create in pthread - found
[5.517s] -- Found Threads: TRUE  
[5.763s] Traceback (most recent call last):
[5.764s]   File "/opt/ros/foxy/share/ament_cmake_core/cmake/core/package_xml_2_cmake.py", line 21, in <module>
[5.766s]     from catkin_pkg.package import parse_package_string
[5.766s] ModuleNotFoundError: No module named 'catkin_pkg'
[5.773s] CMake Error at /opt/ros/foxy/share/ament_cmake_core/cmake/core/ament_package_xml.cmake:94 (message):
[5.774s]   execute_process(/opt/conda/envs/myenv/bin/python3
[5.775s]   /opt/ros/foxy/share/ament_cmake_core/cmake/core/package_xml_2_cmake.py
[5.776s]   /root/workspace/src/emg_listener/package.xml
[5.776s]   /root/workspace/build/emg_listener/ament_cmake_core/package.cmake) returned
[5.777s]   error code 1
[5.777s] Call Stack (most recent call first):
[5.778s]   /opt/ros/foxy/share/ament_cmake_core/cmake/core/ament_package_xml.cmake:49 (_ament_package_xml)
[5.778s]   /opt/ros/foxy/share/ament_cmake_core/cmake/core/ament_package.cmake:63 (ament_package_xml)
[5.778s]   CMakeLists.txt:21 (ament_package)
[5.778s] 
[5.778s] 
[5.778s] -- Configuring incomplete, errors occurred!
[5.778s] See also "/root/workspace/build/emg_listener/CMakeFiles/CMakeOutput.log".
[5.778s] See also "/root/workspace/build/emg_listener/CMakeFiles/CMakeError.log".
