[0.730s] Invoking command in '/root/workspace/src/emg_launch': CONDA_PROMPT_MODIFIER=(myenv) PYTHONPATH=/root/workspace/build/emg_launch/prefix_override:/root/workspace/install/emg_launch/lib/python3.8/site-packages:${PYTHONPATH} /usr/bin/python3 setup.py egg_info --egg-base ../../build/emg_launch build --build-base /root/workspace/build/emg_launch/build install --record /root/workspace/build/emg_launch/install.log --install-scripts $base/lib/emg_launch --single-version-externally-managed
[0.963s] running egg_info
[0.964s] writing ../../build/emg_launch/emg_launch.egg-info/PKG-INFO
[0.964s] writing dependency_links to ../../build/emg_launch/emg_launch.egg-info/dependency_links.txt
[0.964s] writing entry points to ../../build/emg_launch/emg_launch.egg-info/entry_points.txt
[0.965s] writing requirements to ../../build/emg_launch/emg_launch.egg-info/requires.txt
[0.965s] writing top-level names to ../../build/emg_launch/emg_launch.egg-info/top_level.txt
[0.996s] reading manifest file '../../build/emg_launch/emg_launch.egg-info/SOURCES.txt'
[0.997s] writing manifest file '../../build/emg_launch/emg_launch.egg-info/SOURCES.txt'
[0.998s] running build
[0.998s] running build_py
[0.999s] running install
[1.000s] running install_lib
[1.001s] running install_data
[1.002s] running install_egg_info
[1.002s] removing '/root/workspace/install/emg_launch/lib/python3.8/site-packages/emg_launch-0.0.0-py3.8.egg-info' (and everything under it)
[1.003s] Copying ../../build/emg_launch/emg_launch.egg-info to /root/workspace/install/emg_launch/lib/python3.8/site-packages/emg_launch-0.0.0-py3.8.egg-info
[1.011s] running install_scripts
[1.031s] writing list of installed files to '/root/workspace/build/emg_launch/install.log'
[1.081s] Invoked command in '/root/workspace/src/emg_launch' returned '0': CONDA_PROMPT_MODIFIER=(myenv) PYTHONPATH=/root/workspace/build/emg_launch/prefix_override:/root/workspace/install/emg_launch/lib/python3.8/site-packages:${PYTHONPATH} /usr/bin/python3 setup.py egg_info --egg-base ../../build/emg_launch build --build-base /root/workspace/build/emg_launch/build install --record /root/workspace/build/emg_launch/install.log --install-scripts $base/lib/emg_launch --single-version-externally-managed
