[0.038s] Invoking command in '/root/workspace/build/emg_listener': CONDA_PROMPT_MODIFIER=(myenv) /usr/bin/cmake /root/workspace/src/emg_listener -DCMAKE_INSTALL_PREFIX=/root/workspace/install/emg_listener
[0.106s] -- Found ament_cmake: 0.9.12 (/opt/ros/foxy/share/ament_cmake/cmake)
[0.190s] -- Using PYTHON_EXECUTABLE: /opt/conda/envs/myenv/bin/python3
[0.405s] -- Found rclcpp: 2.4.3 (/opt/ros/foxy/share/rclcpp/cmake)
[0.451s] -- Using all available rosidl_typesupport_c: rosidl_typesupport_fastrtps_c;rosidl_typesupport_introspection_c
[0.454s] -- Found rosidl_adapter: 1.3.1 (/opt/ros/foxy/share/rosidl_adapter/cmake)
[0.571s] -- Using all available rosidl_typesupport_cpp: rosidl_typesupport_fastrtps_cpp;rosidl_typesupport_introspection_cpp
[0.613s] -- Found rmw_implementation_cmake: 1.0.4 (/opt/ros/foxy/share/rmw_implementation_cmake/cmake)
[0.615s] -- Using RMW implementation 'rmw_fastrtps_cpp' as default
[0.837s] Traceback (most recent call last):
[0.837s]   File "/opt/ros/foxy/share/ament_cmake_core/cmake/core/package_xml_2_cmake.py", line 21, in <module>
[0.838s]     from catkin_pkg.package import parse_package_string
[0.838s] ModuleNotFoundError: No module named 'catkin_pkg'
[0.844s] CMake Error at /opt/ros/foxy/share/ament_cmake_core/cmake/core/ament_package_xml.cmake:94 (message):
[0.845s]   execute_process(/opt/conda/envs/myenv/bin/python3
[0.845s]   /opt/ros/foxy/share/ament_cmake_core/cmake/core/package_xml_2_cmake.py
[0.845s]   /root/workspace/src/emg_listener/package.xml
[0.845s]   /root/workspace/build/emg_listener/ament_cmake_core/package.cmake) returned
[0.845s]   error code 1
[0.846s] Call Stack (most recent call first):
[0.846s]   /opt/ros/foxy/share/ament_cmake_core/cmake/core/ament_package_xml.cmake:49 (_ament_package_xml)
[0.846s]   /opt/ros/foxy/share/ament_cmake_core/cmake/core/ament_package.cmake:63 (ament_package_xml)
[0.846s]   CMakeLists.txt:21 (ament_package)
[0.846s] 
[0.846s] 
[0.849s] -- Configuring incomplete, errors occurred!
[0.849s] See also "/root/workspace/build/emg_listener/CMakeFiles/CMakeOutput.log".
[0.849s] See also "/root/workspace/build/emg_listener/CMakeFiles/CMakeError.log".
[0.858s] Invoked command in '/root/workspace/build/emg_listener' returned '1': CONDA_PROMPT_MODIFIER=(myenv) /usr/bin/cmake /root/workspace/src/emg_listener -DCMAKE_INSTALL_PREFIX=/root/workspace/install/emg_listener
