[0.296s] Invoking command in '/root/workspace/build/emg_listener': CMAKE_PREFIX_PATH=/opt/ros/foxy CONDA_PROMPT_MODIFIER=(myenv) /usr/bin/cmake --build /root/workspace/build/emg_listener -- -j12 -l12
[0.673s] [100%] Built target listener
[0.709s] Invoked command in '/root/workspace/build/emg_listener' returned '0': CMAKE_PREFIX_PATH=/opt/ros/foxy CONDA_PROMPT_MODIFIER=(myenv) /usr/bin/cmake --build /root/workspace/build/emg_listener -- -j12 -l12
[1.016s] Invoking command in '/root/workspace/build/emg_listener': CMAKE_PREFIX_PATH=/opt/ros/foxy CONDA_PROMPT_MODIFIER=(myenv) /usr/bin/cmake --install /root/workspace/build/emg_listener
[1.060s] -- Install configuration: ""
[1.065s] -- Up-to-date: /root/workspace/install/emg_listener/lib/emg_listener/listener
[1.067s] -- Up-to-date: /root/workspace/install/emg_listener/share/ament_index/resource_index/package_run_dependencies/emg_listener
[1.068s] -- Up-to-date: /root/workspace/install/emg_listener/share/ament_index/resource_index/parent_prefix_path/emg_listener
[1.068s] -- Up-to-date: /root/workspace/install/emg_listener/share/emg_listener/environment/ament_prefix_path.sh
[1.068s] -- Up-to-date: /root/workspace/install/emg_listener/share/emg_listener/environment/ament_prefix_path.dsv
[1.069s] -- Up-to-date: /root/workspace/install/emg_listener/share/emg_listener/environment/path.sh
[1.069s] -- Up-to-date: /root/workspace/install/emg_listener/share/emg_listener/environment/path.dsv
[1.072s] -- Up-to-date: /root/workspace/install/emg_listener/share/emg_listener/local_setup.bash
[1.077s] -- Up-to-date: /root/workspace/install/emg_listener/share/emg_listener/local_setup.sh
[1.078s] -- Up-to-date: /root/workspace/install/emg_listener/share/emg_listener/local_setup.zsh
[1.078s] -- Up-to-date: /root/workspace/install/emg_listener/share/emg_listener/local_setup.dsv
[1.078s] -- Installing: /root/workspace/install/emg_listener/share/emg_listener/package.dsv
[1.079s] -- Up-to-date: /root/workspace/install/emg_listener/share/ament_index/resource_index/packages/emg_listener
[1.080s] -- Up-to-date: /root/workspace/install/emg_listener/share/emg_listener/cmake/emg_listenerConfig.cmake
[1.081s] -- Up-to-date: /root/workspace/install/emg_listener/share/emg_listener/cmake/emg_listenerConfig-version.cmake
[1.082s] -- Up-to-date: /root/workspace/install/emg_listener/share/emg_listener/package.xml
[1.101s] Invoked command in '/root/workspace/build/emg_listener' returned '0': CMAKE_PREFIX_PATH=/opt/ros/foxy CONDA_PROMPT_MODIFIER=(myenv) /usr/bin/cmake --install /root/workspace/build/emg_listener
